============================================================
ABL Dashboard Update: Sat Dec 20 08:00:01 EST 2025
============================================================
Traceback (most recent call last):
  File "/Users/rico/sports-models/American Betting League/abl_recap.py", line 7, in <module>
    import pandas as pd
ModuleNotFoundError: No module named 'pandas'
No changes to commit
============================================================
============================================================
ABL Dashboard Update: Sat Dec 20 14:00:00 EST 2025
============================================================
Traceback (most recent call last):
  File "/Users/rico/sports-models/American Betting League/abl_recap.py", line 7, in <module>
    import pandas as pd
ModuleNotFoundError: No module named 'pandas'
No changes to commit
============================================================
============================================================
ABL Dashboard Update: Sat Dec 20 22:00:01 EST 2025
============================================================
Traceback (most recent call last):
  File "/Users/rico/sports-models/American Betting League/abl_recap.py", line 7, in <module>
    import pandas as pd
ModuleNotFoundError: No module named 'pandas'
No changes to commit
============================================================
