[2025-11-16 13:26:11] Checking for spreadsheet updates...
[2025-11-16 13:26:12] First run - initializing state and generating dashboard
[2025-11-16 13:26:12] Running dashboard generation...
[2025-11-16 13:26:18] ✅ Dashboard generated successfully
[2025-11-16 13:26:18]     2. images/IMG_8229.JPG
[2025-11-16 13:26:18]     3. images/IMG_8231.JPG
[2025-11-16 13:26:18]     4. images/IMG_8232.JPG
[2025-11-16 13:26:18]     5. images/IMG_7940.JPG
[2025-11-16 13:26:18]   🎉 Dashboard updated! Open this *exact* file: /Users/rico/Library/Mobile Documents/com~apple~CloudDocs/Really Rico /Python Coding/American Betting League/dashboard.html
[2025-12-06 19:35:29] Checking for spreadsheet updates...
[2025-12-06 19:35:31] No changes detected
[2025-12-06 19:37:08] Checking for spreadsheet updates...
[2025-12-06 19:37:09] First run - initializing state and generating dashboard
[2025-12-06 19:37:09] Running dashboard generation...
[2025-12-06 19:37:11] ✅ Dashboard generated successfully
[2025-12-06 19:37:11]     2. images/IMG_8229.JPG
[2025-12-06 19:37:11]     3. images/IMG_8231.JPG
[2025-12-06 19:37:11]     4. images/IMG_8232.JPG
[2025-12-06 19:37:11]     5. images/IMG_7940.JPG
[2025-12-06 19:37:11]   🎉 Dashboard updated! Open this *exact* file: /Users/rico/Library/Mobile Documents/com~apple~CloudDocs/Really Rico /Python Coding/American Betting League/dashboard.html
