============================================================
Scheduler run: nfl_passing_yards_props
Time: Sun Dec 21 02:55:05 EST 2025
Working dir: /Users/rico/sports-models/nfl
Script: nfl_passing_yards_props_model.py
============================================================
[1m🏈 NFL Passing Props Model - Sharp +EV[0m

[96m--- Grading Pending Picks ---[0m
Graded 0 picks.
  Found 25 upcoming games (filtered from 25)
[96mFound 25 upcoming games. Fetching passing props...[0m
  Game 2557976e0e66ab698539b543de125469: Found 13 bookmakers
  Game d056f31082bdea4d018a26ba274b8430: Found 13 bookmakers
  Game 945286798abb5081432aef109df29778: Found 13 bookmakers
  Game aa9d0cf732b6adde4ad3ec04ca79825c: Found 12 bookmakers
  Game 0cce34b9a49c4c6bdc1e65449e37a0f9: Found 13 bookmakers
  Game 3db6ba91d2a72ada8843d5a0517bff27: Found 13 bookmakers
  Game aa5b25e85d1ad6540d7a5ae04b73ddfd: Found 12 bookmakers
  Game 7d71a0d3cc2a04eb35f1a725104217b5: Found 12 bookmakers
  Game 93c002f0a42d1b57f3bbabdcfe24ab97: Found 13 bookmakers
  Game a03f89d3aaadf737deb09be24986d5bf: Found 13 bookmakers
  Game 47a54fb60f7b79179bc80e18a7c5de81: Found 13 bookmakers
  Game a0476b027679a1670f21e8b75a860ab9: Found 13 bookmakers
  Game 2dd4521ee298fa2c6f0ab009c182aae9: Found 12 bookmakers
  Game 29da148b927afea00a7774b2a8ee68e7: 0 bookmakers found
  Game 29164a99a917051c6e1778270033d362: 0 bookmakers found
  Game 832c36c4b6d5132e88cf11391797c194: 0 bookmakers found
  Game 7aeff5d5bb88b218c7d72f267a90eb7f: 0 bookmakers found
  Game 8e7a26b4026e4eca7394cc523fa10a64: 0 bookmakers found
  Game e6721ef0adb705a8abcbedc2ef6dfb3a: 0 bookmakers found
  Game f960b282ac197513c9d80bd28baa7e38: 0 bookmakers found
  Game 374166780155b8c14e867face95885ee: 0 bookmakers found
  Game 95bdb9f5b22f0491bfba1381637c5009: 0 bookmakers found
  Game d75c88e4fb7650ab0577264980bdf98f: 0 bookmakers found
  Game dd4aec72c5175cb8cea67d5edc7b1990: 0 bookmakers found
  Game ea5fe5f603483c8d46f83081cf780397: 0 bookmakers found

Analyzing 26 players...

Found 7 sharp plays:
  ⭐ Josh Allen OVER 210.5 (Proj: 230.0) | Edge: 19.5 | AI: 9.6
  ⭐ Baker Mayfield UNDER 228.5 (Proj: 182.5) | Edge: 46.0 | AI: 10.0
  ⭐ Joe Burrow UNDER 259.5 (Proj: 191.8) | Edge: 67.7 | AI: 10.0
  ⭐ Justin Herbert UNDER 243.5 (Proj: 187.3) | Edge: 56.2 | AI: 10.0
  ⭐ Dak Prescott OVER 251.5 (Proj: 305.8) | Edge: 54.3 | AI: 10.0
  ⭐ Jacoby Brissett OVER 255.5 (Proj: 289.3) | Edge: 33.8 | AI: 10.0
  ⭐ Aaron Rodgers UNDER 231.5 (Proj: 188.1) | Edge: 43.4 | AI: 10.0
[96mNo new picks to track[0m

✅ HTML saved: /Users/rico/sports-models/nfl/nfl_passing_yards_props.html
✅ Completed: nfl_passing_yards_props at Sun Dec 21 02:55:13 EST 2025

📤 Auto-pushing model outputs to GitHub...
[main 1a60737] Update model outputs - 2025-12-21 02:55:14
 Committer: Ricardo Hill <rico@Ricos-M1-Mac-2.local>
Your name and email address were configured automatically based
on your username and hostname. Please check that they are accurate.
You can suppress this message by setting them explicitly. Run the
following command and follow the instructions in your editor to edit
your configuration file:

    git config --global --edit

After doing this, you may fix the identity used for this commit with:

    git commit --amend --reset-author

 1 file changed, 30 insertions(+), 206 deletions(-)
To https://github.com/BangLetsGetIt/NBA-NCAA-Betting-Models.git
   7467448..1a60737  main -> main
✅ Successfully pushed to GitHub!
✅ Auto-push succeeded at Sun Dec 21 02:55:14 EST 2025
