============================================================
Scheduler run: nfl_rushing_yards_props
Time: Fri Dec 19 18:20:03 EST 2025
Working dir: /Users/rico/sports-models/nfl
Script: nfl_rushing_yards_props_model.py
============================================================
[1m🏈 NFL Rushing Props Model - Sharp +EV[0m

[96m--- Grading Pending Picks ---[0m
Graded 0 picks.
  Found 31 upcoming games (filtered from 31)
[96mFound 31 upcoming games. Fetching rushing props...[0m

Analyzing 77 players...

Found 12 sharp plays:
  ⭐ Saquon Barkley UNDER 78.5 (Proj: 70.2) | Edge: 8.3 | AI: 10.0
  ⭐ D'Andre Swift OVER 54.5 (Proj: 75.7) | Edge: 21.2 | AI: 10.0
  ⭐ Josh Jacobs OVER 61.5 (Proj: 70.1) | Edge: 8.6 | AI: 10.0
  ⭐ James Cook OVER 85.5 (Proj: 99.8) | Edge: 14.3 | AI: 10.0
  ⭐ Quinshon Judkins UNDER 64.5 (Proj: 54.0) | Edge: 10.5 | AI: 10.0
  ⭐ De'Von Achane OVER 82.5 (Proj: 103.5) | Edge: 21.0 | AI: 10.0
  ⭐ Javonte Williams OVER 72.5 (Proj: 79.4) | Edge: 6.9 | AI: 10.0
  ⭐ Breece Hall UNDER 61.5 (Proj: 54.0) | Edge: 7.5 | AI: 10.0
  ⭐ Jahmyr Gibbs OVER 72.5 (Proj: 80.3) | Edge: 7.8 | AI: 10.0
  ⭐ Derrick Henry OVER 77.5 (Proj: 82.7) | Edge: 5.2 | AI: 8.4
  ⭐ Jonathan Taylor OVER 98.5 (Proj: 107.0) | Edge: 8.5 | AI: 10.0
  ⭐ Christian McCaffrey OVER 59.5 (Proj: 65.5) | Edge: 6.0 | AI: 8.6

✅ HTML saved: /Users/rico/sports-models/nfl/nfl_rushing_yards_props.html
✅ Completed: nfl_rushing_yards_props at Fri Dec 19 18:20:12 EST 2025

📤 Auto-pushing model outputs to GitHub...
[main 06db734] Update model outputs - 2025-12-19 18:20:12
 Committer: Ricardo Hill <rico@Ricos-M1-Mac-2.local>
Your name and email address were configured automatically based
on your username and hostname. Please check that they are accurate.
You can suppress this message by setting them explicitly. Run the
following command and follow the instructions in your editor to edit
your configuration file:

    git config --global --edit

After doing this, you may fix the identity used for this commit with:

    git commit --amend --reset-author

 1 file changed, 13 insertions(+), 13 deletions(-)
To https://github.com/BangLetsGetIt/NBA-NCAA-Betting-Models.git
   14cf6df..06db734  main -> main
✅ Successfully pushed to GitHub!
✅ Auto-push succeeded at Fri Dec 19 18:20:13 EST 2025
