============================================================
Scheduler run: nfl_rushing_yards_props
Time: Wed Dec 17 18:20:05 EST 2025
Working dir: /Users/rico/sports-models/nfl
Script: nfl_rushing_yards_props_model.py
============================================================
[1m🏈 NFL Rushing Props Model - Sharp +EV[0m

[96m--- Grading Pending Picks ---[0m
Graded 0 picks.
[96mFound 31 upcoming games. Fetching rushing props...[0m

Analyzing 64 players...

Found 10 sharp plays:
  ⭐ Kyren Williams OVER 55.5 (Proj: 73.9) | Edge: 18.4 | AI: 10.0
  ⭐ Saquon Barkley UNDER 78.5 (Proj: 70.2) | Edge: 8.3 | AI: 10.0
  ⭐ D'Andre Swift OVER 51.5 (Proj: 75.7) | Edge: 24.2 | AI: 10.0
  ⭐ James Cook OVER 86.5 (Proj: 99.8) | Edge: 13.3 | AI: 10.0
  ⭐ De'Von Achane OVER 83.5 (Proj: 103.5) | Edge: 20.0 | AI: 10.0
  ⭐ Javonte Williams OVER 68.5 (Proj: 79.4) | Edge: 10.9 | AI: 10.0
  ⭐ Breece Hall OVER 44.5 (Proj: 54.0) | Edge: 9.5 | AI: 10.0
  ⭐ Bijan Robinson OVER 86.5 (Proj: 92.9) | Edge: 6.4 | AI: 9.8
  ⭐ Jahmyr Gibbs OVER 72.5 (Proj: 80.3) | Edge: 7.8 | AI: 10.0
  ⭐ Jonathan Taylor OVER 97.5 (Proj: 107.0) | Edge: 9.5 | AI: 10.0
[92m✓ Tracked 6 new picks[0m

✅ HTML saved: /Users/rico/sports-models/nfl/nfl_rushing_yards_props.html
✅ Completed: nfl_rushing_yards_props at Wed Dec 17 18:20:15 EST 2025

📤 Auto-pushing model outputs to GitHub...
[main ce7c789] Update model outputs - 2025-12-17 18:20:15
 Committer: Ricardo Hill <rico@Ricos-M1-Mac-2.local>
Your name and email address were configured automatically based
on your username and hostname. Please check that they are accurate.
You can suppress this message by setting them explicitly. Run the
following command and follow the instructions in your editor to edit
your configuration file:

    git config --global --edit

After doing this, you may fix the identity used for this commit with:

    git commit --amend --reset-author

 2 files changed, 271 insertions(+), 39 deletions(-)
To https://github.com/BangLetsGetIt/NBA-NCAA-Betting-Models.git
   5462bda..ce7c789  main -> main
✅ Successfully pushed to GitHub!
✅ Auto-push succeeded at Wed Dec 17 18:20:15 EST 2025
