============================================================
Scheduler run: nfl_receptions_props
Time: Thu Dec 18 18:25:05 EST 2025
Working dir: /Users/rico/sports-models/nfl
Script: nfl_receptions_props_model.py
============================================================
[1m🏈 NFL Receptions Props Model - Sharp +EV[0m

[96m--- Grading Pending Picks ---[0m
Graded 0 picks.
  Found 31 upcoming games (filtered from 31)
[96mFound 31 upcoming games. Fetching reception props...[0m

Analyzing 158 players...

Found 2 sharp plays:
  ⭐ George Pickens OVER 4.5 (Proj: 6.2) | Edge: 1.7 | AI: 7.0
  ⭐ Drake London OVER 5.5 (Proj: 7.0) | Edge: 1.5 | AI: 7.1
[92m✓ Tracked 1 new picks[0m

✅ HTML saved: /Users/rico/sports-models/nfl/nfl_receptions_props.html
✅ Completed: nfl_receptions_props at Thu Dec 18 18:25:16 EST 2025

📤 Auto-pushing model outputs to GitHub...
[main b6416e1] Update model outputs - 2025-12-18 18:25:17
 Committer: Ricardo Hill <rico@Ricos-M1-Mac-2.local>
Your name and email address were configured automatically based
on your username and hostname. Please check that they are accurate.
You can suppress this message by setting them explicitly. Run the
following command and follow the instructions in your editor to edit
your configuration file:

    git config --global --edit

After doing this, you may fix the identity used for this commit with:

    git commit --amend --reset-author

 2 files changed, 69 insertions(+), 1 deletion(-)
To https://github.com/BangLetsGetIt/NBA-NCAA-Betting-Models.git
   b2ed418..b6416e1  main -> main
✅ Successfully pushed to GitHub!
✅ Auto-push succeeded at Thu Dec 18 18:25:17 EST 2025
