============================================================
Scheduler run: nfl_receptions_props
Time: Fri Dec 19 16:42:22 EST 2025
Working dir: /Users/rico/sports-models/nfl
Script: nfl_receptions_props_model.py
============================================================
[1m🏈 NFL Receptions Props Model - Sharp +EV[0m

[96m--- Grading Pending Picks ---[0m
Graded 0 picks.
  Found 31 upcoming games (filtered from 31)
[96mFound 31 upcoming games. Fetching reception props...[0m

Analyzing 177 players...

Found 2 sharp plays:
  ⭐ George Pickens OVER 4.5 (Proj: 6.2) | Edge: 1.7 | AI: 7.0
  ⭐ Drake London OVER 5.5 (Proj: 7.0) | Edge: 1.5 | AI: 7.1

✅ HTML saved: /Users/rico/sports-models/nfl/nfl_receptions_props.html
✅ Completed: nfl_receptions_props at Fri Dec 19 16:48:15 EST 2025

📤 Auto-pushing model outputs to GitHub...
[main c4c0f6f] Update model outputs - 2025-12-19 16:48:15
 Committer: Ricardo Hill <rico@Ricos-M1-Mac-2.local>
Your name and email address were configured automatically based
on your username and hostname. Please check that they are accurate.
You can suppress this message by setting them explicitly. Run the
following command and follow the instructions in your editor to edit
your configuration file:

    git config --global --edit

After doing this, you may fix the identity used for this commit with:

    git commit --amend --reset-author

 4 files changed, 215 insertions(+), 79 deletions(-)
To https://github.com/BangLetsGetIt/NBA-NCAA-Betting-Models.git
 ! [remote rejected] main -> main (cannot lock ref 'refs/heads/main': is at c4c0f6f6e7b44af0377a113b46da08beff812bd5 but expected c8f4a9bc9014248d9a092bab05257074719e2b3d)
error: failed to push some refs to 'https://github.com/BangLetsGetIt/NBA-NCAA-Betting-Models.git'
⚠️  Push failed - you may need to set up the GitHub remote first
✅ Auto-push succeeded at Fri Dec 19 16:48:16 EST 2025
