============================================================
Scheduler run: nfl_passing_yards_props
Time: Mon Dec 22 02:55:04 EST 2025
Working dir: /Users/rico/sports-models/nfl
Script: nfl_passing_yards_props_model.py
============================================================
[1m🏈 NFL Passing Props Model - Sharp +EV[0m

[96m--- Grading Pending Picks ---[0m
Graded 0 picks.
  Found 17 upcoming games (filtered from 17)
[96mFound 17 upcoming games. Fetching passing props...[0m
  Game 2dd4521ee298fa2c6f0ab009c182aae9: Found 13 bookmakers
  Game de07002921b9b2b2e1ee2928e4270a3c: 0 bookmakers found
  Game 29da148b927afea00a7774b2a8ee68e7: 0 bookmakers found
  Game 29164a99a917051c6e1778270033d362: 0 bookmakers found
  Game 832c36c4b6d5132e88cf11391797c194: 0 bookmakers found
  Game 85bead6a72a1952cdd737dcecb55446b: 0 bookmakers found
  Game 7aeff5d5bb88b218c7d72f267a90eb7f: 0 bookmakers found
  Game 8e7a26b4026e4eca7394cc523fa10a64: 0 bookmakers found
  Game e6721ef0adb705a8abcbedc2ef6dfb3a: 0 bookmakers found
  Game f960b282ac197513c9d80bd28baa7e38: 0 bookmakers found
  Game 374166780155b8c14e867face95885ee: 0 bookmakers found
  Game 95bdb9f5b22f0491bfba1381637c5009: 0 bookmakers found
  Game d75c88e4fb7650ab0577264980bdf98f: 0 bookmakers found
  Game dd4aec72c5175cb8cea67d5edc7b1990: 0 bookmakers found
  Game 596df6f5735277fee0cd78e61cd71060: 0 bookmakers found
  Game b0dedebd28a82f8f38398033356e9015: 0 bookmakers found
  Game ea5fe5f603483c8d46f83081cf780397: 0 bookmakers found

Analyzing 2 players...
Deduplicated from 0 to 0 picks.

Found 0 sharp plays:
[96mNo new picks to track[0m

✅ HTML saved: /Users/rico/sports-models/nfl/nfl_passing_yards_props.html
✅ Completed: nfl_passing_yards_props at Mon Dec 22 02:55:10 EST 2025

📤 Auto-pushing model outputs to GitHub...
[main 30df48e] Update model outputs - 2025-12-22 02:55:10
 Committer: Ricardo Hill <rico@Ricos-M1-Mac-2.local>
Your name and email address were configured automatically based
on your username and hostname. Please check that they are accurate.
You can suppress this message by setting them explicitly. Run the
following command and follow the instructions in your editor to edit
your configuration file:

    git config --global --edit

After doing this, you may fix the identity used for this commit with:

    git commit --amend --reset-author

 1 file changed, 6 insertions(+), 6 deletions(-)
To https://github.com/BangLetsGetIt/NBA-NCAA-Betting-Models.git
   b4fdef7..30df48e  main -> main
✅ Successfully pushed to GitHub!
✅ Auto-push succeeded at Mon Dec 22 02:55:11 EST 2025
