============================================================
Scheduler run: nfl_passing_yards_props
Time: Fri Dec 19 16:42:22 EST 2025
Working dir: /Users/rico/sports-models/nfl
Script: nfl_passing_yards_props_model.py
============================================================
[1m🏈 NFL Passing Props Model - Sharp +EV[0m

[96m--- Grading Pending Picks ---[0m
Graded 0 picks.
  Found 31 upcoming games (filtered from 31)
[96mFound 31 upcoming games. Fetching passing props...[0m
  Game 18fe4528a0bc43d9cd64bd09c0d5019f: Found 7 bookmakers
  Game 9f70d98bc6918dc8e21f329405b649fe: Found 7 bookmakers
  Game 2557976e0e66ab698539b543de125469: Found 6 bookmakers
  Game d056f31082bdea4d018a26ba274b8430: Found 7 bookmakers
  Game 945286798abb5081432aef109df29778: Found 6 bookmakers
  Game aa9d0cf732b6adde4ad3ec04ca79825c: Found 7 bookmakers
  Game 0cce34b9a49c4c6bdc1e65449e37a0f9: Found 7 bookmakers
  Game 3db6ba91d2a72ada8843d5a0517bff27: Found 7 bookmakers
  Game aa5b25e85d1ad6540d7a5ae04b73ddfd: Found 6 bookmakers
  Game 7d71a0d3cc2a04eb35f1a725104217b5: Found 6 bookmakers
  Game 93c002f0a42d1b57f3bbabdcfe24ab97: Found 7 bookmakers
  Game a03f89d3aaadf737deb09be24986d5bf: Found 7 bookmakers
  Game 47a54fb60f7b79179bc80e18a7c5de81: Found 7 bookmakers
  Game a0476b027679a1670f21e8b75a860ab9: Found 7 bookmakers
  Game 2dd4521ee298fa2c6f0ab009c182aae9: Found 6 bookmakers
  Game de07002921b9b2b2e1ee2928e4270a3c: 0 bookmakers found
  Game 29da148b927afea00a7774b2a8ee68e7: 0 bookmakers found
  Game 29164a99a917051c6e1778270033d362: 0 bookmakers found
  Game 832c36c4b6d5132e88cf11391797c194: 0 bookmakers found
  Game 85bead6a72a1952cdd737dcecb55446b: 0 bookmakers found
  Game 7aeff5d5bb88b218c7d72f267a90eb7f: 0 bookmakers found
  Game 8e7a26b4026e4eca7394cc523fa10a64: 0 bookmakers found
  Game e6721ef0adb705a8abcbedc2ef6dfb3a: 0 bookmakers found
  Game f960b282ac197513c9d80bd28baa7e38: 0 bookmakers found
  Game 374166780155b8c14e867face95885ee: 0 bookmakers found
  Game 95bdb9f5b22f0491bfba1381637c5009: 0 bookmakers found
  Game d75c88e4fb7650ab0577264980bdf98f: 0 bookmakers found
  Game dd4aec72c5175cb8cea67d5edc7b1990: 0 bookmakers found
  Game 596df6f5735277fee0cd78e61cd71060: 0 bookmakers found
  Game b0dedebd28a82f8f38398033356e9015: 0 bookmakers found
  Game ea5fe5f603483c8d46f83081cf780397: 0 bookmakers found

Analyzing 30 players...

Found 11 sharp plays:
  ⭐ Josh Allen OVER 206.5 (Proj: 230.0) | Edge: 23.5 | AI: 10.0
  ⭐ Shedeur Sanders OVER 172.5 (Proj: 189.2) | Edge: 16.7 | AI: 8.1
  ⭐ Baker Mayfield UNDER 229.5 (Proj: 182.5) | Edge: 47.0 | AI: 10.0
  ⭐ Joe Burrow UNDER 257.5 (Proj: 191.8) | Edge: 65.7 | AI: 10.0
  ⭐ Dak Prescott OVER 252.5 (Proj: 305.8) | Edge: 53.3 | AI: 10.0
  ⭐ Justin Herbert UNDER 243.5 (Proj: 187.3) | Edge: 56.2 | AI: 10.0
  ⭐ Jacoby Brissett OVER 255.5 (Proj: 289.3) | Edge: 33.8 | AI: 10.0
  ⭐ Trevor Lawrence OVER 220.5 (Proj: 237.2) | Edge: 16.7 | AI: 8.6
  ⭐ Aaron Rodgers UNDER 231.5 (Proj: 188.1) | Edge: 43.4 | AI: 10.0
  ⭐ Geno Smith OVER 170.5 (Proj: 195.1) | Edge: 24.6 | AI: 10.0
  ⭐ Drake Maye OVER 235.5 (Proj: 255.8) | Edge: 20.3 | AI: 10.0
[92m✓ Tracked 2 new picks[0m

✅ HTML saved: /Users/rico/sports-models/nfl/nfl_passing_yards_props.html
✅ Completed: nfl_passing_yards_props at Fri Dec 19 16:48:15 EST 2025

📤 Auto-pushing model outputs to GitHub...
On branch main
Your branch is ahead of 'origin/main' by 1 commit.
  (use "git push" to publish your local commits)

Changes not staged for commit:
  (use "git add <file>..." to update what will be committed)
  (use "git restore <file>..." to discard changes in working directory)
	modified:   American Betting League/update_log.txt
	modified:   nba/logs/3pt_props_error.log
	modified:   nba/logs/3pt_props_output.log
	modified:   nba/logs/assists_props_error.log
	modified:   nba/logs/assists_props_output.log
	modified:   nba/logs/launchd_output.log
	modified:   nba/logs/rebounds_props_error.log
	modified:   nba/logs/rebounds_props_output.log
	modified:   ncaa/logs/launchd_output.log
	modified:   nfl/nfl_receiving_yards_props_tracking.json.backup_grader
	modified:   wnba/wnba_model_output.html
	modified:   wnba/wnba_props_output.html

Untracked files:
  (use "git add <file>..." to include in what will be committed)
	nba/logs/nba_3pt_props_20251219_050002.log
	nba/logs/nba_3pt_props_scheduler_20251219_025005.log
	nba/logs/nba_3pt_props_scheduler_20251219_100002.log
	nba/logs/nba_3pt_props_scheduler_20251219_150005.log
	nba/logs/nba_3pt_props_scheduler_20251219_164215.log
	nba/logs/nba_assists_props_20251219_070003.log
	nba/logs/nba_assists_props_scheduler_20251219_024004.log
	nba/logs/nba_assists_props_scheduler_20251219_100505.log
	nba/logs/nba_assists_props_scheduler_20251219_150505.log
	nba/logs/nba_assists_props_scheduler_20251219_164215.log
	nba/logs/nba_main_model_scheduler_20251219_031005.log
	nba/logs/nba_main_model_scheduler_20251219_102000.log
	nba/logs/nba_main_model_scheduler_20251219_152005.log
	nba/logs/nba_main_model_scheduler_20251219_164215.log
	nba/logs/nba_model_20251219_100002.log
	nba/logs/nba_points_props_scheduler_20251219_100002.log
	nba/logs/nba_points_props_scheduler_20251219_150005.log
	nba/logs/nba_points_props_scheduler_20251219_164215.log
	nba/logs/nba_rebounds_props_20251219_060003.log
	nba/logs/nba_rebounds_props_scheduler_20251219_024500.log
	nba/logs/nba_rebounds_props_scheduler_20251219_101005.log
	nba/logs/nba_rebounds_props_scheduler_20251219_151005.log
	nba/logs/nba_rebounds_props_scheduler_20251219_164221.log
	ncaa/logs/ncaab_model_20251219_103000.log
	nfl/logs/nfl_main_model_scheduler_20251219_031504.log
	nfl/logs/nfl_main_model_scheduler_20251219_093001.log
	nfl/logs/nfl_main_model_scheduler_20251219_164222.log
	nfl/logs/nfl_passing_yards_props_scheduler_20251219_025505.log
	nfl/logs/nfl_passing_yards_props_scheduler_20251219_094504.log
	nfl/logs/nfl_passing_yards_props_scheduler_20251219_164221.log
	nfl/logs/nfl_receptions_props_scheduler_20251219_030505.log
	nfl/logs/nfl_receptions_props_scheduler_20251219_095503.log
	nfl/logs/nfl_receptions_props_scheduler_20251219_164221.log
	nfl/logs/nfl_rushing_yards_props_scheduler_20251219_030002.log
	nfl/logs/nfl_rushing_yards_props_scheduler_20251219_095000.log
	nfl/logs/nfl_rushing_yards_props_scheduler_20251219_164218.log

no changes added to commit (use "git add" and/or "git commit -a")
To https://github.com/BangLetsGetIt/NBA-NCAA-Betting-Models.git
 ! [remote rejected] main -> main (cannot lock ref 'refs/heads/main': is at c4c0f6f6e7b44af0377a113b46da08beff812bd5 but expected c8f4a9bc9014248d9a092bab05257074719e2b3d)
error: failed to push some refs to 'https://github.com/BangLetsGetIt/NBA-NCAA-Betting-Models.git'
⚠️  Push failed - you may need to set up the GitHub remote first
✅ Auto-push succeeded at Fri Dec 19 16:48:16 EST 2025
