============================================================
Scheduler run: nfl_receptions_props
Time: Mon Dec 22 03:05:05 EST 2025
Working dir: /Users/rico/sports-models/nfl
Script: nfl_receptions_props_model.py
============================================================
[1m🏈 NFL Receptions Props Model - Sharp +EV[0m

[96m--- Grading Pending Picks ---[0m
Graded 0 picks.
  Found 17 upcoming games (filtered from 17)
[96mFound 17 upcoming games. Fetching reception props...[0m

Analyzing 10 players...
Deduplicated from 0 to 0 picks.

Found 0 sharp plays:

✅ HTML saved: /Users/rico/sports-models/nfl/nfl_receptions_props.html
✅ Completed: nfl_receptions_props at Mon Dec 22 03:05:10 EST 2025

📤 Auto-pushing model outputs to GitHub...
[main 0e5329a] Update model outputs - 2025-12-22 03:05:10
 Committer: Ricardo Hill <rico@Ricos-M1-Mac-2.local>
Your name and email address were configured automatically based
on your username and hostname. Please check that they are accurate.
You can suppress this message by setting them explicitly. Run the
following command and follow the instructions in your editor to edit
your configuration file:

    git config --global --edit

After doing this, you may fix the identity used for this commit with:

    git commit --amend --reset-author

 1 file changed, 6 insertions(+), 6 deletions(-)
To https://github.com/BangLetsGetIt/NBA-NCAA-Betting-Models.git
   e2c5f38..0e5329a  main -> main
✅ Successfully pushed to GitHub!
✅ Auto-push succeeded at Mon Dec 22 03:05:11 EST 2025
