============================================================
Scheduler run: nfl_rushing_yards_props
Time: Thu Dec 18 03:00:01 EST 2025
Working dir: /Users/rico/sports-models/nfl
Script: nfl_rushing_yards_props_model.py
============================================================
[1m🏈 NFL Rushing Props Model - Sharp +EV[0m

[96m--- Grading Pending Picks ---[0m
Graded 0 picks.
  Found 31 upcoming games (filtered from 31)
[96mFound 31 upcoming games. Fetching rushing props...[0m

Analyzing 68 players...

Found 9 sharp plays:
  ⭐ Kyren Williams OVER 55.5 (Proj: 73.9) | Edge: 18.4 | AI: 10.0
  ⭐ Saquon Barkley UNDER 78.5 (Proj: 70.2) | Edge: 8.3 | AI: 10.0
  ⭐ D'Andre Swift OVER 52.5 (Proj: 75.7) | Edge: 23.2 | AI: 10.0
  ⭐ Josh Jacobs OVER 64.5 (Proj: 70.1) | Edge: 5.6 | AI: 8.4
  ⭐ James Cook OVER 86.5 (Proj: 99.8) | Edge: 13.3 | AI: 10.0
  ⭐ De'Von Achane OVER 85.5 (Proj: 103.5) | Edge: 18.0 | AI: 10.0
  ⭐ Bijan Robinson OVER 85.5 (Proj: 92.9) | Edge: 7.4 | AI: 10.0
  ⭐ Jahmyr Gibbs OVER 72.5 (Proj: 80.3) | Edge: 7.8 | AI: 10.0
  ⭐ Jonathan Taylor OVER 99.5 (Proj: 107.0) | Edge: 7.5 | AI: 10.0
[92m✓ Tracked 4 new picks[0m

✅ HTML saved: /Users/rico/sports-models/nfl/nfl_rushing_yards_props.html
✅ Completed: nfl_rushing_yards_props at Thu Dec 18 03:00:17 EST 2025

📤 Auto-pushing model outputs to GitHub...
[main e6371ff] Update model outputs - 2025-12-18 03:00:17
 Committer: Ricardo Hill <rico@Ricos-M1-Mac-2.local>
Your name and email address were configured automatically based
on your username and hostname. Please check that they are accurate.
You can suppress this message by setting them explicitly. Run the
following command and follow the instructions in your editor to edit
your configuration file:

    git config --global --edit

After doing this, you may fix the identity used for this commit with:

    git commit --amend --reset-author

 2 files changed, 127 insertions(+), 75 deletions(-)
To https://github.com/BangLetsGetIt/NBA-NCAA-Betting-Models.git
   60d690e..e6371ff  main -> main
✅ Successfully pushed to GitHub!
✅ Auto-push succeeded at Thu Dec 18 03:00:17 EST 2025
