============================================================
Scheduler run: nfl_rushing_yards_props
Time: Sun Dec 21 10:00:00 EST 2025
Working dir: /Users/rico/sports-models/nfl
Script: nfl_rushing_yards_props_model.py
============================================================
[1m🏈 NFL Rushing Props Model - Sharp +EV[0m

[96m--- Grading Pending Picks ---[0m
Graded 0 picks.
  Found 25 upcoming games (filtered from 25)
[96mFound 25 upcoming games. Fetching rushing props...[0m

Analyzing 68 players...

Found 6 sharp plays:
  ⭐ Quinshon Judkins UNDER 63.5 (Proj: 54.0) | Edge: 9.5 | AI: 10.0
  ⭐ James Cook OVER 88.5 (Proj: 99.8) | Edge: 11.3 | AI: 10.0
  ⭐ De'Von Achane OVER 82.5 (Proj: 103.5) | Edge: 21.0 | AI: 10.0
  ⭐ Javonte Williams OVER 68.5 (Proj: 79.4) | Edge: 10.9 | AI: 10.0
  ⭐ Breece Hall UNDER 61.5 (Proj: 54.0) | Edge: 7.5 | AI: 10.0
  ⭐ Jonathan Taylor OVER 98.5 (Proj: 107.0) | Edge: 8.5 | AI: 10.0

✅ HTML saved: /Users/rico/sports-models/nfl/nfl_rushing_yards_props.html
✅ Completed: nfl_rushing_yards_props at Sun Dec 21 10:00:23 EST 2025

📤 Auto-pushing model outputs to GitHub...
[main e71223d] Update model outputs - 2025-12-21 10:00:23
 Committer: Ricardo Hill <rico@Ricos-M1-Mac-2.local>
Your name and email address were configured automatically based
on your username and hostname. Please check that they are accurate.
You can suppress this message by setting them explicitly. Run the
following command and follow the instructions in your editor to edit
your configuration file:

    git config --global --edit

After doing this, you may fix the identity used for this commit with:

    git commit --amend --reset-author

 1 file changed, 9 insertions(+), 9 deletions(-)
To https://github.com/BangLetsGetIt/NBA-NCAA-Betting-Models.git
   52e9203..e71223d  main -> main
✅ Successfully pushed to GitHub!
✅ Auto-push succeeded at Sun Dec 21 10:00:25 EST 2025
