============================================================
Scheduler run: nfl_receptions_props
Time: Wed Dec 17 18:25:04 EST 2025
Working dir: /Users/rico/sports-models/nfl
Script: nfl_receptions_props_model.py
============================================================
[1m🏈 NFL Receptions Props Model - Sharp +EV[0m

[96m--- Grading Pending Picks ---[0m
Graded 0 picks.
[96mFound 31 upcoming games. Fetching reception props...[0m

Analyzing 105 players...

Found 2 sharp plays:
  ⭐ George Pickens OVER 4.5 (Proj: 6.2) | Edge: 1.7 | AI: 7.0
  ⭐ Trey McBride OVER 6.5 (Proj: 8.3) | Edge: 1.8 | AI: 8.2

✅ HTML saved: /Users/rico/sports-models/nfl/nfl_receptions_props.html
✅ Completed: nfl_receptions_props at Wed Dec 17 18:25:16 EST 2025

📤 Auto-pushing model outputs to GitHub...
[main 5f720b9] Update model outputs - 2025-12-17 18:25:16
 Committer: Ricardo Hill <rico@Ricos-M1-Mac-2.local>
Your name and email address were configured automatically based
on your username and hostname. Please check that they are accurate.
You can suppress this message by setting them explicitly. Run the
following command and follow the instructions in your editor to edit
your configuration file:

    git config --global --edit

After doing this, you may fix the identity used for this commit with:

    git commit --amend --reset-author

 1 file changed, 2 insertions(+), 2 deletions(-)
To https://github.com/BangLetsGetIt/NBA-NCAA-Betting-Models.git
   ce7c789..5f720b9  main -> main
✅ Successfully pushed to GitHub!
✅ Auto-push succeeded at Wed Dec 17 18:25:18 EST 2025
