============================================================
Scheduler run: nfl_rushing_yards_props
Time: Thu Dec 18 18:20:05 EST 2025
Working dir: /Users/rico/sports-models/nfl
Script: nfl_rushing_yards_props_model.py
============================================================
[1m🏈 NFL Rushing Props Model - Sharp +EV[0m

[96m--- Grading Pending Picks ---[0m
Graded 0 picks.
  Found 31 upcoming games (filtered from 31)
[96mFound 31 upcoming games. Fetching rushing props...[0m

Analyzing 84 players...

Found 14 sharp plays:
  ⭐ Kyren Williams OVER 56.5 (Proj: 73.9) | Edge: 17.4 | AI: 10.0
  ⭐ Saquon Barkley UNDER 78.5 (Proj: 70.2) | Edge: 8.3 | AI: 10.0
  ⭐ D'Andre Swift OVER 53.5 (Proj: 75.7) | Edge: 22.2 | AI: 10.0
  ⭐ Josh Jacobs OVER 62.5 (Proj: 70.1) | Edge: 7.6 | AI: 10.0
  ⭐ James Cook OVER 88.5 (Proj: 99.8) | Edge: 11.3 | AI: 10.0
  ⭐ Quinshon Judkins UNDER 62.5 (Proj: 54.0) | Edge: 8.5 | AI: 10.0
  ⭐ De'Von Achane OVER 83.5 (Proj: 103.5) | Edge: 20.0 | AI: 10.0
  ⭐ Javonte Williams OVER 72.5 (Proj: 79.4) | Edge: 6.9 | AI: 10.0
  ⭐ Breece Hall UNDER 60.5 (Proj: 54.0) | Edge: 6.5 | AI: 9.0
  ⭐ Bijan Robinson OVER 86.5 (Proj: 92.9) | Edge: 6.4 | AI: 9.8
  ⭐ Jahmyr Gibbs OVER 72.5 (Proj: 80.3) | Edge: 7.8 | AI: 10.0
  ⭐ Derrick Henry OVER 76.5 (Proj: 82.7) | Edge: 6.2 | AI: 9.4
  ⭐ Jonathan Taylor OVER 95.5 (Proj: 107.0) | Edge: 11.5 | AI: 10.0
  ⭐ Christian McCaffrey OVER 59.5 (Proj: 65.5) | Edge: 6.0 | AI: 8.6
[92m✓ Tracked 6 new picks[0m

✅ HTML saved: /Users/rico/sports-models/nfl/nfl_rushing_yards_props.html
✅ Completed: nfl_rushing_yards_props at Thu Dec 18 18:20:15 EST 2025

📤 Auto-pushing model outputs to GitHub...
[main 4ffdb9a] Update model outputs - 2025-12-18 18:20:15
 Committer: Ricardo Hill <rico@Ricos-M1-Mac-2.local>
Your name and email address were configured automatically based
on your username and hostname. Please check that they are accurate.
You can suppress this message by setting them explicitly. Run the
following command and follow the instructions in your editor to edit
your configuration file:

    git config --global --edit

After doing this, you may fix the identity used for this commit with:

    git commit --amend --reset-author

 3 files changed, 268 insertions(+), 36 deletions(-)
To https://github.com/BangLetsGetIt/NBA-NCAA-Betting-Models.git
   529ea36..4ffdb9a  main -> main
✅ Successfully pushed to GitHub!
✅ Auto-push succeeded at Thu Dec 18 18:20:16 EST 2025
