============================================================
Scheduler run: nfl_rushing_yards_props
Time: Sat Dec 20 18:20:05 EST 2025
Working dir: /Users/rico/sports-models/nfl
Script: nfl_rushing_yards_props_model.py
============================================================
[1m🏈 NFL Rushing Props Model - Sharp +EV[0m

[96m--- Grading Pending Picks ---[0m
⚠ Saquon Barkley not found in finished game -> VOID
⚠ Saquon Barkley not found in finished game -> VOID
Graded 2 picks.
  Found 28 upcoming games (filtered from 29)
[96mFound 28 upcoming games. Fetching rushing props...[0m

Analyzing 87 players...

Found 11 sharp plays:
  ⭐ Josh Jacobs OVER 60.5 (Proj: 70.1) | Edge: 9.6 | AI: 10.0
  ⭐ D'Andre Swift OVER 54.5 (Proj: 75.7) | Edge: 21.2 | AI: 10.0
  ⭐ James Cook OVER 88.5 (Proj: 99.8) | Edge: 11.3 | AI: 10.0
  ⭐ Quinshon Judkins UNDER 64.5 (Proj: 54.0) | Edge: 10.5 | AI: 10.0
  ⭐ De'Von Achane OVER 82.5 (Proj: 103.5) | Edge: 21.0 | AI: 10.0
  ⭐ Javonte Williams OVER 69.5 (Proj: 79.4) | Edge: 9.9 | AI: 10.0
  ⭐ Breece Hall UNDER 62.5 (Proj: 54.0) | Edge: 8.5 | AI: 10.0
  ⭐ Jahmyr Gibbs OVER 73.5 (Proj: 80.3) | Edge: 6.8 | AI: 9.9
  ⭐ Derrick Henry OVER 77.5 (Proj: 82.7) | Edge: 5.2 | AI: 8.4
  ⭐ Jonathan Taylor OVER 97.5 (Proj: 107.0) | Edge: 9.5 | AI: 10.0
  ⭐ Christian McCaffrey OVER 59.5 (Proj: 65.5) | Edge: 6.0 | AI: 8.6

✅ HTML saved: /Users/rico/sports-models/nfl/nfl_rushing_yards_props.html
✅ Completed: nfl_rushing_yards_props at Sat Dec 20 18:20:14 EST 2025

📤 Auto-pushing model outputs to GitHub...
[main c739b31] Update model outputs - 2025-12-20 18:20:14
 Committer: Ricardo Hill <rico@Ricos-M1-Mac-2.local>
Your name and email address were configured automatically based
on your username and hostname. Please check that they are accurate.
You can suppress this message by setting them explicitly. Run the
following command and follow the instructions in your editor to edit
your configuration file:

    git config --global --edit

After doing this, you may fix the identity used for this commit with:

    git commit --amend --reset-author

 3 files changed, 60 insertions(+), 100 deletions(-)
To https://github.com/BangLetsGetIt/NBA-NCAA-Betting-Models.git
   92ea237..c739b31  main -> main
✅ Successfully pushed to GitHub!
✅ Auto-push succeeded at Sat Dec 20 18:20:14 EST 2025
