============================================================
Scheduler run: nfl_passing_yards_props
Time: Tue Dec 23 02:55:01 EST 2025
Working dir: /Users/rico/sports-models/nfl
Script: nfl_passing_yards_props_model.py
============================================================
[1m🏈 NFL Passing Props Model - Sharp +EV[0m

[96m--- Grading Pending Picks ---[0m
Graded 0 picks.
  Found 16 upcoming games (filtered from 16)
[96mFound 16 upcoming games. Fetching passing props...[0m
  Game de07002921b9b2b2e1ee2928e4270a3c: Found 12 bookmakers
  Game 29da148b927afea00a7774b2a8ee68e7: Found 12 bookmakers
  Game 29164a99a917051c6e1778270033d362: Found 11 bookmakers
  Game 832c36c4b6d5132e88cf11391797c194: Found 8 bookmakers
  Game 85bead6a72a1952cdd737dcecb55446b: 0 bookmakers found
  Game 7aeff5d5bb88b218c7d72f267a90eb7f: Found 1 bookmakers
  Game 8e7a26b4026e4eca7394cc523fa10a64: Found 7 bookmakers
  Game e6721ef0adb705a8abcbedc2ef6dfb3a: 0 bookmakers found
  Game f960b282ac197513c9d80bd28baa7e38: 0 bookmakers found
  Game 374166780155b8c14e867face95885ee: Found 1 bookmakers
  Game 95bdb9f5b22f0491bfba1381637c5009: 0 bookmakers found
  Game d75c88e4fb7650ab0577264980bdf98f: Found 1 bookmakers
  Game dd4aec72c5175cb8cea67d5edc7b1990: 0 bookmakers found
  Game 596df6f5735277fee0cd78e61cd71060: Found 8 bookmakers
  Game b0dedebd28a82f8f38398033356e9015: 0 bookmakers found
  Game ea5fe5f603483c8d46f83081cf780397: 0 bookmakers found

Analyzing 13 players...
Deduplicated from 7 to 7 picks.

Found 7 sharp plays:
  ⭐ Dak Prescott OVER 273.5 (Proj: 301.9) | Edge: 28.4 | AI: 10.0
  ⭐ Jared Goff OVER 241.5 (Proj: 293.1) | Edge: 51.6 | AI: 10.0
  ⭐ Bo Nix OVER 227.5 (Proj: 274.1) | Edge: 46.6 | AI: 10.0
  ⭐ Justin Herbert UNDER 219.5 (Proj: 198.8) | Edge: 20.7 | AI: 10.0
  ⭐ Bryce Young OVER 199.5 (Proj: 218.1) | Edge: 18.6 | AI: 8.8
  ⭐ Baker Mayfield UNDER 227.5 (Proj: 177.3) | Edge: 50.2 | AI: 10.0
  ⭐ Jalen Hurts OVER 189.5 (Proj: 217.3) | Edge: 27.8 | AI: 10.0
[96mNo new picks to track[0m

✅ HTML saved: /Users/rico/sports-models/nfl/nfl_passing_yards_props.html
✅ Completed: nfl_passing_yards_props at Tue Dec 23 02:55:05 EST 2025

📤 Auto-pushing model outputs to GitHub...
[main 06142be] Update model outputs - 2025-12-23 02:55:05
 Committer: Ricardo Hill <rico@Ricos-M1-Mac-2.local>
Your name and email address were configured automatically based
on your username and hostname. Please check that they are accurate.
You can suppress this message by setting them explicitly. Run the
following command and follow the instructions in your editor to edit
your configuration file:

    git config --global --edit

After doing this, you may fix the identity used for this commit with:

    git commit --amend --reset-author

 1 file changed, 342 insertions(+), 1 deletion(-)
To https://github.com/BangLetsGetIt/NBA-NCAA-Betting-Models.git
   8f13ae7..06142be  main -> main
✅ Successfully pushed to GitHub!
✅ Auto-push succeeded at Tue Dec 23 02:55:06 EST 2025
