============================================================
Scheduler run: nfl_passing_yards_props
Time: Sun Dec 21 18:15:02 EST 2025
Working dir: /Users/rico/sports-models/nfl
Script: nfl_passing_yards_props_model.py
============================================================
[1m🏈 NFL Passing Props Model - Sharp +EV[0m

[96m--- Grading Pending Picks ---[0m
Graded 0 picks.
  Found 2 upcoming games (filtered from 6)
[96mFound 2 upcoming games. Fetching passing props...[0m
  Game a0476b027679a1670f21e8b75a860ab9: Found 13 bookmakers
  Game 2dd4521ee298fa2c6f0ab009c182aae9: Found 13 bookmakers

Analyzing 4 players...

Found 0 sharp plays:
[96mNo new picks to track[0m

✅ HTML saved: /Users/rico/sports-models/nfl/nfl_passing_yards_props.html
✅ Completed: nfl_passing_yards_props at Sun Dec 21 18:15:06 EST 2025

📤 Auto-pushing model outputs to GitHub...
[main b9c8587] Update model outputs - 2025-12-21 18:15:06
 Committer: Ricardo Hill <rico@Ricos-M1-Mac-2.local>
Your name and email address were configured automatically based
on your username and hostname. Please check that they are accurate.
You can suppress this message by setting them explicitly. Run the
following command and follow the instructions in your editor to edit
your configuration file:

    git config --global --edit

After doing this, you may fix the identity used for this commit with:

    git commit --amend --reset-author

 1 file changed, 2 insertions(+), 90 deletions(-)
To https://github.com/BangLetsGetIt/NBA-NCAA-Betting-Models.git
   71d8a62..b9c8587  main -> main
✅ Successfully pushed to GitHub!
✅ Auto-push succeeded at Sun Dec 21 18:15:07 EST 2025
