============================================================
Scheduler run: nfl_rushing_yards_props
Time: Sun Dec 21 03:00:01 EST 2025
Working dir: /Users/rico/sports-models/nfl
Script: nfl_rushing_yards_props_model.py
============================================================
[1m🏈 NFL Rushing Props Model - Sharp +EV[0m

[96m--- Grading Pending Picks ---[0m
Graded 0 picks.
  Found 25 upcoming games (filtered from 25)
[96mFound 25 upcoming games. Fetching rushing props...[0m

Analyzing 67 players...

Found 6 sharp plays:
  ⭐ Quinshon Judkins UNDER 62.5 (Proj: 54.0) | Edge: 8.5 | AI: 10.0
  ⭐ James Cook OVER 88.5 (Proj: 99.8) | Edge: 11.3 | AI: 10.0
  ⭐ De'Von Achane OVER 83.5 (Proj: 103.5) | Edge: 20.0 | AI: 10.0
  ⭐ Javonte Williams OVER 69.5 (Proj: 79.4) | Edge: 9.9 | AI: 10.0
  ⭐ Breece Hall UNDER 61.5 (Proj: 54.0) | Edge: 7.5 | AI: 10.0
  ⭐ Jonathan Taylor OVER 98.5 (Proj: 107.0) | Edge: 8.5 | AI: 10.0

✅ HTML saved: /Users/rico/sports-models/nfl/nfl_rushing_yards_props.html
✅ Completed: nfl_rushing_yards_props at Sun Dec 21 03:00:17 EST 2025

📤 Auto-pushing model outputs to GitHub...
[main a5da0d9] Update model outputs - 2025-12-21 03:00:17
 Committer: Ricardo Hill <rico@Ricos-M1-Mac-2.local>
Your name and email address were configured automatically based
on your username and hostname. Please check that they are accurate.
You can suppress this message by setting them explicitly. Run the
following command and follow the instructions in your editor to edit
your configuration file:

    git config --global --edit

After doing this, you may fix the identity used for this commit with:

    git commit --amend --reset-author

 1 file changed, 20 insertions(+), 152 deletions(-)
To https://github.com/BangLetsGetIt/NBA-NCAA-Betting-Models.git
   1a60737..a5da0d9  main -> main
✅ Successfully pushed to GitHub!
✅ Auto-push succeeded at Sun Dec 21 03:00:18 EST 2025
