============================================================
Scheduler run: nfl_rushing_yards_props
Time: Mon Dec 22 09:50:05 EST 2025
Working dir: /Users/rico/sports-models/nfl
Script: nfl_rushing_yards_props_model.py
============================================================
[1m🏈 NFL Rushing Props Model - Sharp +EV[0m

[96m--- Grading Pending Picks ---[0m
Graded 0 picks.
  Found 17 upcoming games (filtered from 17)
[96mFound 17 upcoming games. Fetching rushing props...[0m

Analyzing 8 players...
Deduplicated from 2 to 2 picks.

Found 2 sharp plays:
  ⭐ Jonathan Taylor OVER 98.5 (Proj: 107.0) | Edge: 8.5 | AI: 10.0
  ⭐ Javonte Williams UNDER 80.5 (Proj: 71.1) | Edge: 9.4 | AI: 10.0
[92m✓ Tracked 1 new picks[0m

✅ HTML saved: /Users/rico/sports-models/nfl/nfl_rushing_yards_props.html
✅ Completed: nfl_rushing_yards_props at Mon Dec 22 09:50:12 EST 2025

📤 Auto-pushing model outputs to GitHub...
[main 02ef36b] Update model outputs - 2025-12-22 09:50:12
 Committer: Ricardo Hill <rico@Ricos-M1-Mac-2.local>
Your name and email address were configured automatically based
on your username and hostname. Please check that they are accurate.
You can suppress this message by setting them explicitly. Run the
following command and follow the instructions in your editor to edit
your configuration file:

    git config --global --edit

After doing this, you may fix the identity used for this commit with:

    git commit --amend --reset-author

 2 files changed, 89 insertions(+), 2 deletions(-)
To https://github.com/BangLetsGetIt/NBA-NCAA-Betting-Models.git
   5f66645..02ef36b  main -> main
✅ Successfully pushed to GitHub!
✅ Auto-push succeeded at Mon Dec 22 09:50:13 EST 2025
