============================================================
Scheduler run: nfl_receptions_props
Time: Sat Dec 20 18:25:03 EST 2025
Working dir: /Users/rico/sports-models/nfl
Script: nfl_receptions_props_model.py
============================================================
[1m🏈 NFL Receptions Props Model - Sharp +EV[0m

[96m--- Grading Pending Picks ---[0m
Graded 0 picks.
  Found 28 upcoming games (filtered from 29)
[96mFound 28 upcoming games. Fetching reception props...[0m

Analyzing 187 players...

Found 2 sharp plays:
  ⭐ George Pickens OVER 4.5 (Proj: 6.2) | Edge: 1.7 | AI: 7.0
  ⭐ Drake London OVER 5.5 (Proj: 7.0) | Edge: 1.5 | AI: 7.1

✅ HTML saved: /Users/rico/sports-models/nfl/nfl_receptions_props.html
✅ Completed: nfl_receptions_props at Sat Dec 20 18:25:12 EST 2025

📤 Auto-pushing model outputs to GitHub...
[main e036632] Update model outputs - 2025-12-20 18:25:12
 Committer: Ricardo Hill <rico@Ricos-M1-Mac-2.local>
Your name and email address were configured automatically based
on your username and hostname. Please check that they are accurate.
You can suppress this message by setting them explicitly. Run the
following command and follow the instructions in your editor to edit
your configuration file:

    git config --global --edit

After doing this, you may fix the identity used for this commit with:

    git commit --amend --reset-author

 1 file changed, 1 insertion(+), 1 deletion(-)
To https://github.com/BangLetsGetIt/NBA-NCAA-Betting-Models.git
   81761c6..e036632  main -> main
✅ Successfully pushed to GitHub!
✅ Auto-push succeeded at Sat Dec 20 18:25:13 EST 2025
