============================================================
Scheduler run: nfl_rushing_yards_props
Time: Thu Dec 18 09:50:00 EST 2025
Working dir: /Users/rico/sports-models/nfl
Script: nfl_rushing_yards_props_model.py
============================================================
[1m🏈 NFL Rushing Props Model - Sharp +EV[0m

[96m--- Grading Pending Picks ---[0m
Graded 0 picks.
  Found 31 upcoming games (filtered from 31)
[96mFound 31 upcoming games. Fetching rushing props...[0m

Analyzing 74 players...

Found 10 sharp plays:
  ⭐ Kyren Williams OVER 55.5 (Proj: 73.9) | Edge: 18.4 | AI: 10.0
  ⭐ Saquon Barkley UNDER 78.5 (Proj: 70.2) | Edge: 8.3 | AI: 10.0
  ⭐ Josh Jacobs OVER 64.5 (Proj: 70.1) | Edge: 5.6 | AI: 8.4
  ⭐ D'Andre Swift OVER 53.5 (Proj: 75.7) | Edge: 22.2 | AI: 10.0
  ⭐ James Cook OVER 87.5 (Proj: 99.8) | Edge: 12.3 | AI: 10.0
  ⭐ De'Von Achane OVER 85.5 (Proj: 103.5) | Edge: 18.0 | AI: 10.0
  ⭐ Bijan Robinson OVER 85.5 (Proj: 92.9) | Edge: 7.4 | AI: 10.0
  ⭐ Jahmyr Gibbs OVER 72.5 (Proj: 80.3) | Edge: 7.8 | AI: 10.0
  ⭐ Derrick Henry OVER 77.5 (Proj: 82.7) | Edge: 5.2 | AI: 8.4
  ⭐ Jonathan Taylor OVER 99.5 (Proj: 107.0) | Edge: 7.5 | AI: 10.0
[92m✓ Tracked 3 new picks[0m

✅ HTML saved: /Users/rico/sports-models/nfl/nfl_rushing_yards_props.html
✅ Completed: nfl_rushing_yards_props at Thu Dec 18 09:50:10 EST 2025

📤 Auto-pushing model outputs to GitHub...
[main a3bf009] Update model outputs - 2025-12-18 09:50:10
 Committer: Ricardo Hill <rico@Ricos-M1-Mac-2.local>
Your name and email address were configured automatically based
on your username and hostname. Please check that they are accurate.
You can suppress this message by setting them explicitly. Run the
following command and follow the instructions in your editor to edit
your configuration file:

    git config --global --edit

After doing this, you may fix the identity used for this commit with:

    git commit --amend --reset-author

 2 files changed, 125 insertions(+), 9 deletions(-)
To https://github.com/BangLetsGetIt/NBA-NCAA-Betting-Models.git
   c879e7a..a3bf009  main -> main
✅ Successfully pushed to GitHub!
✅ Auto-push succeeded at Thu Dec 18 09:50:11 EST 2025
