[1m🏈 NFL Anytime TD Model - CourtSide Analytics[0m

[96m--- Grading Pending Picks ---[0m
Graded 0 picks.

💰 Fetching TD odds from sportsbooks (ATTD + First TD)...
  Found 28 upcoming games (filtered from 29)
  [1/28] Green Bay Packe @ Chicago Bears... Skip (status 422)
  [2/28] Buffalo Bills @ Cleveland Brown... Skip (status 422)
  [3/28] Tampa Bay Bucca @ Carolina Panthe... Skip (status 422)
  [4/28] Cincinnati Beng @ Miami Dolphins... Skip (status 422)
  [5/28] Los Angeles Cha @ Dallas Cowboys... Skip (status 422)
  [6/28] Kansas City Chi @ Tennessee Titan... Skip (status 422)
  [7/28] Minnesota Vikin @ New York Giants... Skip (status 422)
  [8/28] New York Jets @ New Orleans Sai... Skip (status 422)
  [9/28] Atlanta Falcons @ Arizona Cardina... Skip (status 422)
  [10/28] Jacksonville Ja @ Denver Broncos... Skip (status 422)
  [11/28] Pittsburgh Stee @ Detroit Lions... Skip (status 422)
  [12/28] Las Vegas Raide @ Houston Texans... Skip (status 422)
  [13/28] New England Pat @ Baltimore Raven... Skip (status 422)
  [14/28] San Francisco 4 @ Indianapolis Co... Skip (status 422)
  [15/28] Detroit Lions @ Minnesota Vikin... Skip (status 422)
  [16/28] Denver Broncos @ Kansas City Chi... Skip (status 422)
  [17/28] Houston Texans @ Los Angeles Cha... Skip (status 422)
  [18/28] Baltimore Raven @ Green Bay Packe... Skip (status 422)
  [19/28] Arizona Cardina @ Cincinnati Beng... Skip (status 422)
  [20/28] Seattle Seahawk @ Carolina Panthe... Skip (status 422)
  [21/28] Pittsburgh Stee @ Cleveland Brown... Skip (status 422)
  [22/28] Jacksonville Ja @ Indianapolis Co... Skip (status 422)
  [23/28] Tampa Bay Bucca @ Miami Dolphins... Skip (status 422)
  [24/28] New England Pat @ New York Jets... Skip (status 422)
  [25/28] New Orleans Sai @ Tennessee Titan... Skip (status 422)
  [26/28] New York Giants @ Las Vegas Raide... Skip (status 422)
  [27/28] Chicago Bears @ San Francisco 4... Skip (status 422)
  [28/28] Los Angeles Ram @ Atlanta Falcons... Skip (status 422)
  Fetched 0 ATTD offers, 0 First TD offers
No odds available.

✅ HTML saved: /Users/rico/sports-models/nfl/atd_model_output.html
