==========================================
NBA Assists Props Model Run: Fri Dec 12 07:00:05 EST 2025
==========================================
Running NBA Assists Props model...

[1m[96m================================================================================[0m
[1m[96mNBA ASSISTS PROPS A.I. MODEL[0m
[1m[96m================================================================================[0m

[96mChecking 6 pending picks...[0m
[92m✓ Updated 2 picks[0m

[96mFetching REAL NBA player assists statistics...[0m
[96m  Fetching season assists stats...[0m
[96m  Fetching recent form (last 10 games)...[0m
[92m✓ Fetched REAL stats for 498 players[0m

[96mFetching opponent assists factors...[0m
[92m✓ Fetched assists factors for 43 teams[0m

[96mFetching player assists prop odds...[0m
[96m  Found 9 upcoming games[0m
[96m  Game 1/9: Atlanta Hawks @ Detroit Pistons[0m
[96m  Game 2/9: Chicago Bulls @ Charlotte Hornets[0m
[96m  Game 3/9: Cleveland Cavaliers @ Washington Wizards[0m
[96m  Game 4/9: Indiana Pacers @ Philadelphia 76ers[0m
[96m  Game 5/9: Utah Jazz @ Memphis Grizzlies[0m
[96m  Game 6/9: Brooklyn Nets @ Dallas Mavericks[0m
[96m  Game 7/9: Minnesota Timberwolves @ Golden State Warriors[0m
[96m  Game 8/9: New York Knicks @ Orlando Magic[0m
[96m  Game 9/9: San Antonio Spurs @ Oklahoma City Thunder[0m
[92m✓ Fetched 158 total player props[0m

[96mAnalyzing 158 player props with REAL stats...[0m
[92m✓ Found 2 top OVER plays (A.I. Score >= 9.5)[0m
[92m✓ Found 2 top UNDER plays (A.I. Score >= 9.5)[0m
[93m  Skipped 6 props (no player stats found)[0m
[93m  Skipped 296 props (score below 9.5)[0m

[96mAuto-tracking picks with A.I. Score >= 9.7...[0m
[93m  No new picks to track[0m

[1m[96m================================================================================[0m
[1m[96mTRACKING SUMMARY[0m
[1m[96m================================================================================[0m
Total Picks: 7 | Wins: 3 | Losses: 0 | Pending: 4
Win Rate: 100.0% | ROI: +2.73u (+39.0%)

[1m[92m================================================================================[0m
[1m[92mTOP OVER PLAYS[0m
[1m[92m================================================================================[0m
📊 [96m 1. Ja Morant                [0m | [92mOVER 6.5 AST   [0m | Memphis Grizzlies vs Utah Jazz | [1mA.I.: 10.00[0m
   [96m 2. Dylan Harper             [0m | [92mOVER 2.5 AST   [0m | Oklahoma City Thunder vs San Antonio Spurs | [1mA.I.: 9.65[0m

[1m[91m================================================================================[0m
[1m[91mTOP UNDER PLAYS[0m
[1m[91m================================================================================[0m
📊 [96m 1. Kon Knueppel             [0m | [91mUNDER 4.5 AST  [0m | Charlotte Hornets vs Chicago Bulls | [1mA.I.: 10.00[0m
📊 [96m 2. Miles Bridges            [0m | [91mUNDER 5.5 AST  [0m | Charlotte Hornets vs Chicago Bulls | [1mA.I.: 10.00[0m

[93m📊 = Auto-tracked (A.I. Score >= 9.7)[0m

[96mGenerating HTML report...[0m

[92m✓ HTML report saved: /Users/rico/sports-models/nba/nba_assists_props.html[0m

[1m[92m================================================================================[0m
[1m[92m✓ Model execution complete![0m
[1m[92m================================================================================[0m


==========================================
✅ Model completed successfully!
==========================================

📤 Pushing updates to GitHub...
[main dd4fd15] Update model outputs - 2025-12-12 07:00:15
 Committer: Ricardo Hill <rico@Ricos-M1-Mac-2.local>
Your name and email address were configured automatically based
on your username and hostname. Please check that they are accurate.
You can suppress this message by setting them explicitly. Run the
following command and follow the instructions in your editor to edit
your configuration file:

    git config --global --edit

After doing this, you may fix the identity used for this commit with:

    git commit --amend --reset-author

 2 files changed, 29 insertions(+), 22 deletions(-)
To https://github.com/BangLetsGetIt/NBA-NCAA-Betting-Models.git
   279592b..dd4fd15  main -> main
✅ Successfully pushed to GitHub!
