/bin/bash: /Users/rico/Library/Mobile Documents/com~apple~CloudDocs/Really Rico /Python Coding/NBA Model/run_nba_model.sh: Operation not permitted
Traceback (most recent call last):
  File "/Users/rico/sports-models/nba/nba_3pt_props_model.py", line 7, in <module>
    import requests
ModuleNotFoundError: No module named 'requests'
Traceback (most recent call last):
  File "/Users/rico/sports-models/nba/nba_3pt_props_model.py", line 7, in <module>
    import requests
ModuleNotFoundError: No module named 'requests'
Traceback (most recent call last):
  File "/Users/rico/sports-models/nba/nba_3pt_props_model.py", line 7, in <module>
    import requests
ModuleNotFoundError: No module named 'requests'
Traceback (most recent call last):
  File "/Users/rico/sports-models/nba/nba_3pt_props_model.py", line 7, in <module>
    import requests
ModuleNotFoundError: No module named 'requests'
Traceback (most recent call last):
  File "/Users/rico/sports-models/nba/nba_3pt_props_model.py", line 7, in <module>
    import requests
ModuleNotFoundError: No module named 'requests'
Traceback (most recent call last):
  File "/Users/rico/sports-models/nba/nba_3pt_props_model.py", line 7, in <module>
    import requests
ModuleNotFoundError: No module named 'requests'
Traceback (most recent call last):
  File "/Users/rico/sports-models/nba/nba_3pt_props_model.py", line 7, in <module>
    import requests
ModuleNotFoundError: No module named 'requests'
Traceback (most recent call last):
  File "/Users/rico/sports-models/nba/nba_3pt_props_model.py", line 7, in <module>
    import requests
ModuleNotFoundError: No module named 'requests'
Traceback (most recent call last):
  File "/Users/rico/sports-models/nba/nba_3pt_props_model.py", line 7, in <module>
    import requests
ModuleNotFoundError: No module named 'requests'
Traceback (most recent call last):
  File "/Users/rico/sports-models/nba/nba_3pt_props_model.py", line 7, in <module>
    import requests
ModuleNotFoundError: No module named 'requests'
Traceback (most recent call last):
  File "/Users/rico/sports-models/nba/nba_3pt_props_model.py", line 7, in <module>
    import requests
ModuleNotFoundError: No module named 'requests'
Traceback (most recent call last):
  File "/Users/rico/sports-models/nba/nba_3pt_props_model.py", line 7, in <module>
    import requests
ModuleNotFoundError: No module named 'requests'
Traceback (most recent call last):
  File "/Users/rico/sports-models/nba/nba_3pt_props_model.py", line 7, in <module>
    import requests
ModuleNotFoundError: No module named 'requests'
Traceback (most recent call last):
  File "/Users/rico/sports-models/nba/nba_3pt_props_model.py", line 7, in <module>
    import requests
ModuleNotFoundError: No module named 'requests'
Traceback (most recent call last):
  File "/Users/rico/sports-models/nba/nba_3pt_props_model.py", line 7, in <module>
    import requests
ModuleNotFoundError: No module named 'requests'
Traceback (most recent call last):
  File "/Users/rico/sports-models/nba/nba_3pt_props_model.py", line 7, in <module>
    import requests
ModuleNotFoundError: No module named 'requests'
