============================================================
Scheduler run: nba_points_props
Time: Sat Dec 20 10:00:02 EST 2025
Working dir: /Users/rico/sports-models/nba
Script: nba_points_props_model.py
============================================================

[1m[96m================================================================================[0m
[1m[96mNBA POINTS PROPS A.I. MODEL[0m
[1m[96m================================================================================[0m

[96m==========================================================================================[0m
[96m🎯 GRADING PENDING PICKS (BATCH MODE)[0m
[96m==========================================================================================[0m

[93m📋 Found 22 pending picks...[0m


[96mProcessing 9 picks for 2025-12-16...[0m
[96m  Fetching batch stats for 12/16/2025...[0m
  Fetching team stats to verify completed games for 2025-12-16...
[93m  ⚠️  No stats found for 2025-12-16 yet[0m

[93mNo picks ready for grading yet[0m

[96mFetching REAL NBA player points statistics...[0m
[96m  Fetching season points stats...[0m
[96m  Fetching recent form (last 10 games)...[0m
[92m✓ Fetched REAL stats for 501 players[0m

[96mFetching opponent defense factors...[0m
[92m✓ Fetched defense factors for 30 teams[0m

[96mFetching player points prop odds...[0m
[96m  Found 10 upcoming games[0m
[96m  Filtered to 10 upcoming games[0m
[96m  Game 1/10: Houston Rockets @ Denver Nuggets[0m
[96m  Game 2/10: Boston Celtics @ Toronto Raptors[0m
[96m  Game 3/10: Dallas Mavericks @ Philadelphia 76ers[0m
[96m  Game 4/10: Indiana Pacers @ New Orleans Pelicans[0m
[96m  Game 5/10: Charlotte Hornets @ Detroit Pistons[0m
[96m  Game 6/10: Washington Wizards @ Memphis Grizzlies[0m
[96m  Game 7/10: Phoenix Suns @ Golden State Warriors[0m
[96m  Game 8/10: Orlando Magic @ Utah Jazz[0m
[96m  Game 9/10: Portland Trail Blazers @ Sacramento Kings[0m
[96m  Game 10/10: Los Angeles Lakers @ Los Angeles Clippers[0m
[92m✓ Fetched 232 total player props[0m

[96mAnalyzing 232 player props with REAL stats...[0m
[92m✓ Found 5 top OVER plays (A.I. Score >= 9.5)[0m
[92m✓ Found 5 top UNDER plays (A.I. Score >= 9.5)[0m
[93m  Skipped 8 props (no player stats found)[0m
[93m  Skipped 380 props (score below 9.5)[0m

[96m==========================================================================================[0m
[96m📊 TRACKING NEW PICKS[0m
[96m==========================================================================================[0m
[92m✓ Tracked 4 new picks[0m

[1m[92m================================================================================[0m
[1m[92mTOP OVER PLAYS[0m
[1m[92m================================================================================[0m
  [96m 1. Alperen Sengun           [0m | [92mOVER 22.5 PTS  [0m | Houston Rockets vs Denver Nuggets | [1mA.I.: 10.00[0m | Rating: 4.9 ⭐⭐
  [96m 2. Tyrese Maxey             [0m | [92mOVER 26.5 PTS  [0m | Philadelphia 76ers vs Dallas Mavericks | [1mA.I.: 10.00[0m | Rating: 4.9 ⭐⭐
  [96m 3. P.J. Washington          [0m | [92mOVER 14.5 PTS  [0m | Dallas Mavericks vs Philadelphia 76ers | [1mA.I.: 10.00[0m | Rating: 4.9 ⭐⭐
  [96m 4. Saddiq Bey               [0m | [92mOVER 12.5 PTS  [0m | New Orleans Pelicans vs Indiana Pacers | [1mA.I.: 10.00[0m | Rating: 4.9 ⭐⭐
  [96m 5. Jeremiah Fears           [0m | [92mOVER 12.5 PTS  [0m | New Orleans Pelicans vs Indiana Pacers | [1mA.I.: 10.00[0m | Rating: 4.9 ⭐⭐

[1m[91m================================================================================[0m
[1m[91mTOP UNDER PLAYS[0m
[1m[91m================================================================================[0m
  [96m 1. Ochai Agbaji             [0m | [91mUNDER 6.5 PTS  [0m | Toronto Raptors vs Boston Celtics | [1mA.I.: 10.00[0m | Rating: 4.9 ⭐⭐
  [96m 2. Anthony Davis            [0m | [91mUNDER 21.5 PTS [0m | Dallas Mavericks vs Philadelphia 76ers | [1mA.I.: 10.00[0m | Rating: 4.9 ⭐⭐
  [96m 3. Joel Embiid              [0m | [91mUNDER 23.5 PTS [0m | Philadelphia 76ers vs Dallas Mavericks | [1mA.I.: 10.00[0m | Rating: 4.9 ⭐⭐
  [96m 4. Santi Aldama             [0m | [91mUNDER 15.5 PTS [0m | Memphis Grizzlies vs Washington Wizards | [1mA.I.: 10.00[0m | Rating: 4.9 ⭐⭐
  [96m 5. Cedric Coward            [0m | [91mUNDER 16.5 PTS [0m | Memphis Grizzlies vs Washington Wizards | [1mA.I.: 10.00[0m | Rating: 4.9 ⭐⭐

[96mGenerating HTML report...[0m

[92m✓ HTML report saved: /Users/rico/sports-models/nba/nba_points_props.html[0m

[1m[92m================================================================================[0m
[1m[92m✓ Model execution complete![0m
[1m[92m================================================================================[0m

✅ Completed: nba_points_props at Sat Dec 20 10:00:20 EST 2025

📤 Auto-pushing model outputs to GitHub...
[main 135fc8e] Update model outputs - 2025-12-20 10:00:20
 Committer: Ricardo Hill <rico@Ricos-M1-Mac-2.local>
Your name and email address were configured automatically based
on your username and hostname. Please check that they are accurate.
You can suppress this message by setting them explicitly. Run the
following command and follow the instructions in your editor to edit
your configuration file:

    git config --global --edit

After doing this, you may fix the identity used for this commit with:

    git commit --amend --reset-author

 3 files changed, 140 insertions(+), 81 deletions(-)
To https://github.com/BangLetsGetIt/NBA-NCAA-Betting-Models.git
   f3fd2c3..135fc8e  main -> main
✅ Successfully pushed to GitHub!
✅ Auto-push succeeded at Sat Dec 20 10:00:21 EST 2025
