==========================================
NBA Rebounds Props Model Run: Sat Dec 20 06:00:04 EST 2025
==========================================
Running NBA Rebounds Props model...

[1m[96m================================================================================[0m
[1m[96mNBA REBOUNDS PROPS A.I. MODEL[0m
[1m[96m================================================================================[0m

[96m==========================================================================================[0m
[96m🎯 GRADING PENDING PICKS[0m
[96m==========================================================================================[0m

[93m📋 Found 12 pending picks...[0m

  Fetching team stats to verify completed games for 2025-12-16...
[96m  Checking Mitchell Robinson (New York Knicks) on 2025-12-16...[0m
[93m  ⚠ Could not find stats for Mitchell Robinson on 2025-12-16 - will retry later[0m
[96m  Checking Julian Champagnie (San Antonio Spurs) on 2025-12-16...[0m
[93m  ⚠ Could not find stats for Julian Champagnie on 2025-12-16 - will retry later[0m
[96m  Checking Keldon Johnson (San Antonio Spurs) on 2025-12-16...[0m
[93m  ⚠ Could not find stats for Keldon Johnson on 2025-12-16 - will retry later[0m
[96m  Checking Victor Wembanyama (San Antonio Spurs) on 2025-12-16...[0m
[93m  ⚠ Could not find stats for Victor Wembanyama on 2025-12-16 - will retry later[0m
  Fetching team stats to verify completed games for 2025-12-20...

[93mNo picks ready for grading yet[0m

[96mFetching REAL NBA player rebounding statistics...[0m
[96m  Fetching season rebounding stats...[0m
[96m  Fetching recent form (last 10 games)...[0m
[92m✓ Fetched REAL rebounding stats for 501 players[0m

[96mFetching opponent rebounding factors...[0m
[92m✓ Fetched rebounding factors for 30 teams[0m

[96mFetching player rebounds prop odds...[0m
[96m  Found 10 upcoming games[0m
[96m  Filtered to 10 upcoming games[0m
[96m  Game 1/10: Houston Rockets @ Denver Nuggets[0m
[96m  Game 2/10: Boston Celtics @ Toronto Raptors[0m
[96m  Game 3/10: Dallas Mavericks @ Philadelphia 76ers[0m
[96m  Game 4/10: Indiana Pacers @ New Orleans Pelicans[0m
[96m  Game 5/10: Charlotte Hornets @ Detroit Pistons[0m
[96m  Game 6/10: Washington Wizards @ Memphis Grizzlies[0m
[96m  Game 7/10: Phoenix Suns @ Golden State Warriors[0m
[96m  Game 8/10: Orlando Magic @ Utah Jazz[0m
[96m  Game 9/10: Portland Trail Blazers @ Sacramento Kings[0m
[96m  Game 10/10: Los Angeles Lakers @ Los Angeles Clippers[0m
[92m✓ Fetched 98 player rebounds props (grouped)[0m

[96mAnalyzing 98 player props with REAL stats...[0m
[92m✓ Found 0 top OVER plays (A.I. Score >= 10.0)[0m
[92m✓ Found 3 top UNDER plays (A.I. Score >= 10.0)[0m
[93m  Skipped 3 props (no player stats found)[0m
[93m  Skipped 187 props (score below 10.0 or failed checks)[0m

[96m==========================================================================================[0m
[96m📊 TRACKING NEW PICKS[0m
[96m==========================================================================================[0m
[96mNo new picks to track[0m

[1m[92m================================================================================[0m
[1m[92mTOP OVER PLAYS[0m
[1m[92m================================================================================[0m

[1m[91m================================================================================[0m
[1m[91mTOP UNDER PLAYS[0m
[1m[91m================================================================================[0m
  [96m 1. Mark Williams            [0m | [91mUNDER 9.5 REB  [0m | Golden State Warriors     vs Phoenix Suns              | [1mA.I.: 10.00[0m | Rating: 4.9 ⭐⭐
  [96m 2. Jay Huff                 [0m | [91mUNDER 6.5 REB  [0m | New Orleans Pelicans      vs Indiana Pacers            | [1mA.I.: 10.00[0m | Rating: 3.8 ⭐
  [96m 3. Ace Bailey               [0m | [91mUNDER 4.5 REB  [0m | Utah Jazz                 vs Orlando Magic             | [1mA.I.: 10.00[0m | Rating: 3.6 ⭐

[96mGenerating HTML report...[0m

[92m✓ HTML report saved: /Users/rico/sports-models/nba/nba_rebounds_props.html[0m

[1m[92m================================================================================[0m
[1m[92m✓ Model execution complete![0m
[1m[92m================================================================================[0m


==========================================
✅ Model completed successfully!
==========================================

📤 Pushing updates to GitHub...
