============================================================
Scheduler run: nba_points_props
Time: Sun Dec 21 18:00:04 EST 2025
Working dir: /Users/rico/sports-models/nba
Script: nba_points_props_model.py
============================================================

[1m[96m================================================================================[0m
[1m[96mNBA POINTS PROPS A.I. MODEL[0m
[1m[96m================================================================================[0m

[96m==========================================================================================[0m
[96m🎯 GRADING PENDING PICKS (BATCH MODE)[0m
[96m==========================================================================================[0m

[93m📋 Found 26 pending picks...[0m


[96mProcessing 9 picks for 2025-12-16...[0m
[96m  Fetching batch stats for 12/16/2025...[0m
  Fetching team stats to verify completed games for 2025-12-16...
[93m  ⚠️  No stats found for 2025-12-16 yet[0m

[96mProcessing 9 picks for 2025-12-21...[0m
[96m  Fetching batch stats for 12/21/2025...[0m
  Fetching team stats to verify completed games for 2025-12-21...
[93m  ⚠️  No stats found for 2025-12-21 yet[0m

[93mNo picks ready for grading yet[0m

[96mFetching REAL NBA player points statistics...[0m
[92m✓ Using cached player stats (less than 6 hours old)[0m

[96mFetching opponent defense factors...[0m
[92m✓ Using cached defense factors[0m

[96mFetching player points prop odds...[0m
[96m  Found 11 upcoming games[0m
[96m  Filtered to 10 upcoming games[0m
[96m  Game 1/10: Toronto Raptors @ Brooklyn Nets[0m
[96m  Game 2/10: Miami Heat @ New York Knicks[0m
[96m  Game 3/10: Milwaukee Bucks @ Minnesota Timberwolves[0m
[96m  Game 4/10: San Antonio Spurs @ Washington Wizards[0m
[96m  Game 5/10: Houston Rockets @ Sacramento Kings[0m
[96m  Game 6/10: Cleveland Cavaliers @ New York Knicks[0m
[96m  Game 7/10: San Antonio Spurs @ Oklahoma City Thunder[0m
[96m  Game 8/10: Dallas Mavericks @ Golden State Warriors[0m
[96m  Game 9/10: Houston Rockets @ Los Angeles Lakers[0m
[96m  Game 10/10: Minnesota Timberwolves @ Denver Nuggets[0m
[92m✓ Fetched 130 total player props[0m

[96mAnalyzing 130 player props with REAL stats...[0m
[92m✓ Found 5 top OVER plays (A.I. Score >= 9.5)[0m
[92m✓ Found 2 top UNDER plays (A.I. Score >= 9.5)[0m
[93m  Skipped 2 props (no player stats found)[0m
[93m  Skipped 224 props (score below 9.5)[0m

[96m==========================================================================================[0m
[96m📊 TRACKING NEW PICKS[0m
[96m==========================================================================================[0m
[93m✓ Updated odds for 1 existing picks[0m

[1m[92m================================================================================[0m
[1m[92mTOP OVER PLAYS[0m
[1m[92m================================================================================[0m
  [96m 1. Sandro Mamukelashvili    [0m | [92mOVER 8.5 PTS   [0m | Brooklyn Nets vs Toronto Raptors | [1mA.I.: 10.00[0m | Rating: 4.9 ⭐⭐
  [96m 2. Mikal Bridges            [0m | [92mOVER 15.5 PTS  [0m | New York Knicks vs Miami Heat | [1mA.I.: 10.00[0m | Rating: 4.9 ⭐⭐
  [96m 3. Andrew Wiggins           [0m | [92mOVER 14.5 PTS  [0m | New York Knicks vs Miami Heat | [1mA.I.: 10.00[0m | Rating: 4.9 ⭐⭐
  [96m 4. Anthony Edwards          [0m | [92mOVER 26.5 PTS  [0m | Minnesota Timberwolves vs Milwaukee Bucks | [1mA.I.: 10.00[0m | Rating: 4.9 ⭐⭐
  [96m 5. Julius Randle            [0m | [92mOVER 20.5 PTS  [0m | Minnesota Timberwolves vs Milwaukee Bucks | [1mA.I.: 10.00[0m | Rating: 4.9 ⭐⭐

[1m[91m================================================================================[0m
[1m[91mTOP UNDER PLAYS[0m
[1m[91m================================================================================[0m
  [96m 1. Ochai Agbaji             [0m | [91mUNDER 7.5 PTS  [0m | Toronto Raptors vs Brooklyn Nets | [1mA.I.: 10.00[0m | Rating: 4.9 ⭐⭐
  [96m 2. Nique Clifford           [0m | [91mUNDER 7.5 PTS  [0m | Sacramento Kings vs Houston Rockets | [1mA.I.: 10.00[0m | Rating: 4.9 ⭐⭐

[96mGenerating HTML report...[0m

[92m✓ HTML report saved: /Users/rico/sports-models/nba/nba_points_props.html[0m

[1m[92m================================================================================[0m
[1m[92m✓ Model execution complete![0m
[1m[92m================================================================================[0m

✅ Completed: nba_points_props at Sun Dec 21 18:00:13 EST 2025

📤 Auto-pushing model outputs to GitHub...
[main 7124ac2] Update model outputs - 2025-12-21 18:00:13
 Committer: Ricardo Hill <rico@Ricos-M1-Mac-2.local>
Your name and email address were configured automatically based
on your username and hostname. Please check that they are accurate.
You can suppress this message by setting them explicitly. Run the
following command and follow the instructions in your editor to edit
your configuration file:

    git config --global --edit

After doing this, you may fix the identity used for this commit with:

    git commit --amend --reset-author

 2 files changed, 81 insertions(+), 595 deletions(-)
To https://github.com/BangLetsGetIt/NBA-NCAA-Betting-Models.git
   4baf4ea..7124ac2  main -> main
✅ Successfully pushed to GitHub!
✅ Auto-push succeeded at Sun Dec 21 18:00:14 EST 2025
