============================================================
Scheduler run: nba_rebounds_props
Time: Sun Dec 14 20:52:58 EST 2025
Working dir: /Users/rico/sports-models/nba
Script: nba_rebounds_props_model.py
============================================================

[1m[96m================================================================================[0m
[1m[96mNBA REBOUNDS PROPS A.I. MODEL[0m
[1m[96m================================================================================[0m

[96mChecking 22 pending picks...[0m
[96m  Checking Nicolas Claxton (Brooklyn Nets) from 2025-12-12...[0m
[93m    Could not find player Nicolas Claxton in NBA API[0m
[93m    Could not fetch stats, skipping...[0m

[96mFetching REAL NBA player rebounding statistics...[0m
[92mâœ“ Using cached player stats (less than 6 hours old)[0m

[96mFetching opponent rebounding factors...[0m
[92mâœ“ Using cached rebounding factors[0m

[96mFetching player rebounds prop odds...[0m
[96m  Found 10 upcoming games[0m
[96m  Game 1/10: Sacramento Kings @ Minnesota Timberwolves[0m
[96m  Game 2/10: New Orleans Pelicans @ Chicago Bulls[0m
[96m  Game 3/10: Los Angeles Lakers @ Phoenix Suns[0m
[96m  Game 4/10: Golden State Warriors @ Portland Trail Blazers[0m
[96m  Game 5/10: Detroit Pistons @ Boston Celtics[0m
[96m  Game 6/10: Toronto Raptors @ Miami Heat[0m
[96m  Game 7/10: Dallas Mavericks @ Utah Jazz[0m
[96m  Game 8/10: Houston Rockets @ Denver Nuggets[0m
[96m  Game 9/10: Memphis Grizzlies @ Los Angeles Clippers[0m
[96m  Game 10/10: San Antonio Spurs @ New York Knicks[0m
[92mâœ“ Fetched 120 total player props[0m

[96mAnalyzing 120 player props with REAL stats...[0m
[92mâœ“ Found 5 top OVER plays (A.I. Score >= 9.5)[0m
[92mâœ“ Found 5 top UNDER plays (A.I. Score >= 9.5)[0m
[93m  Skipped 4 props (no player stats found)[0m
[93m  Skipped 194 props (score below 9.5)[0m

[96mAuto-tracking picks with A.I. Score >= 9.7...[0m
[92mâœ“ Tracked 7 new picks[0m

[1m[96m================================================================================[0m
[1m[96mTRACKING SUMMARY[0m
[1m[96m================================================================================[0m
Total Picks: 66 | Wins: 18 | Losses: 19 | Pending: 29
Win Rate: 48.6% | ROI: -2.62u (-4.0%)

[1m[92m================================================================================[0m
[1m[92mTOP OVER PLAYS[0m
[1m[92m================================================================================[0m
ðŸ“Š [96m 1. Royce O'Neale            [0m | [92mOVER 3.5 REB   [0m | Phoenix Suns vs Los Angeles Lakers | [1mA.I.: 10.00[0m | Rating: 4.9 â­â­
ðŸ“Š [96m 2. Ryan Dunn                [0m | [92mOVER 2.5 REB   [0m | Phoenix Suns vs Los Angeles Lakers | [1mA.I.: 10.00[0m | Rating: 4.9 â­â­
ðŸ“Š [96m 3. Mitchell Robinson        [0m | [92mOVER 6.5 REB   [0m | New York Knicks vs San Antonio Spurs | [1mA.I.: 10.00[0m | Rating: 4.9 â­â­
ðŸ“Š [96m 4. Devin Booker             [0m | [92mOVER 2.5 REB   [0m | Phoenix Suns vs Los Angeles Lakers | [1mA.I.: 9.80[0m | Rating: 4.9 â­â­
ðŸ“Š [96m 5. Mark Williams            [0m | [92mOVER 6.5 REB   [0m | Phoenix Suns vs Los Angeles Lakers | [1mA.I.: 10.00[0m | Rating: 4.7 â­â­

[1m[91m================================================================================[0m
[1m[91mTOP UNDER PLAYS[0m
[1m[91m================================================================================[0m
ðŸ“Š [96m 1. Keegan Murray            [0m | [91mUNDER 8.5 REB  [0m | Sacramento Kings vs Minnesota Timberwolves | [1mA.I.: 10.00[0m | Rating: 4.9 â­â­
ðŸ“Š [96m 2. Donte DiVincenzo         [0m | [91mUNDER 6.5 REB  [0m | Minnesota Timberwolves vs Sacramento Kings | [1mA.I.: 10.00[0m | Rating: 4.9 â­â­
ðŸ“Š [96m 3. Naz Reid                 [0m | [91mUNDER 7.5 REB  [0m | Minnesota Timberwolves vs Sacramento Kings | [1mA.I.: 10.00[0m | Rating: 4.9 â­â­
ðŸ“Š [96m 4. Derik Queen              [0m | [91mUNDER 10.5 REB [0m | Chicago Bulls vs New Orleans Pelicans | [1mA.I.: 10.00[0m | Rating: 4.9 â­â­
ðŸ“Š [96m 5. Trey Murphy III          [0m | [91mUNDER 8.5 REB  [0m | New Orleans Pelicans vs Chicago Bulls | [1mA.I.: 10.00[0m | Rating: 4.9 â­â­

[93mðŸ“Š = Auto-tracked (A.I. Score >= 9.7)[0m

[96mGenerating HTML report...[0m

[92mâœ“ HTML report saved: /Users/rico/sports-models/nba/nba_rebounds_props.html[0m

[1m[92m================================================================================[0m
[1m[92mâœ“ Model execution complete![0m
[1m[92m================================================================================[0m

âœ… Completed: nba_rebounds_props at Sun Dec 14 20:53:02 EST 2025
