==========================================
NBA Assists Props Model Run: Sat Dec 13 07:00:04 EST 2025
==========================================
Running NBA Assists Props model...

[1m[96m================================================================================[0m
[1m[96mNBA ASSISTS PROPS A.I. MODEL[0m
[1m[96m================================================================================[0m

[96mChecking 10 pending picks...[0m
[96m  Checking Darius Garland (Cleveland Cavaliers) from 2025-12-12...[0m
    [92mWIN[0m: Darius Garland had 6 assists (line: 7.5, bet: UNDER)
[96m  Checking Kon Knueppel (Charlotte Hornets) from 2025-12-12...[0m
    [91mLOSS[0m: Kon Knueppel had 9 assists (line: 4.5, bet: UNDER)
[96m  Checking Miles Bridges (Charlotte Hornets) from 2025-12-12...[0m
    [91mLOSS[0m: Miles Bridges had 7 assists (line: 5.5, bet: UNDER)
[96m  Checking Ja Morant (Memphis Grizzlies) from 2025-12-12...[0m
    [92mWIN[0m: Ja Morant had 10 assists (line: 6.5, bet: OVER)
[96m  Checking Miles Bridges (Charlotte Hornets) from 2025-12-12...[0m
    [91mLOSS[0m: Miles Bridges had 7 assists (line: 4.5, bet: UNDER)
[96m  Checking Julius Randle (Minnesota Timberwolves) from 2025-12-12...[0m
    [92mWIN[0m: Julius Randle had 6 assists (line: 4.5, bet: OVER)
[96m  Checking Cooper Flagg (Dallas Mavericks) from 2025-12-12...[0m
    [92mWIN[0m: Cooper Flagg had 8 assists (line: 8.5, bet: UNDER)
[96m  Checking Stephen Curry (Golden State Warriors) from 2025-12-12...[0m
    [92mWIN[0m: Stephen Curry had 5 assists (line: 6.5, bet: UNDER)
[96m  Checking Jaden McDaniels (Minnesota Timberwolves) from 2025-12-12...[0m
    [91mLOSS[0m: Jaden McDaniels had 5 assists (line: 3.5, bet: UNDER)
[96m  Checking Stephen Curry (Golden State Warriors) from 2025-12-12...[0m
    [92mWIN[0m: Stephen Curry had 5 assists (line: 5.5, bet: UNDER)

[92m✓ Updated 10 picks[0m

[96mFetching REAL NBA player assists statistics...[0m
[96m  Fetching season assists stats...[0m
[96m  Fetching recent form (last 10 games)...[0m
[92m✓ Fetched REAL stats for 499 players[0m

[96mFetching opponent assists factors...[0m
[92m✓ Fetched assists factors for 43 teams[0m

[96mFetching player assists prop odds...[0m
[96m  Found 10 upcoming games[0m
[96m  Game 1/10: New York Knicks @ Orlando Magic[0m
[96m  Game 2/10: San Antonio Spurs @ Oklahoma City Thunder[0m
[96m  Game 3/10: Washington Wizards @ Indiana Pacers[0m
[96m  Game 4/10: Charlotte Hornets @ Cleveland Cavaliers[0m
[96m  Game 5/10: Philadelphia 76ers @ Atlanta Hawks[0m
[96m  Game 6/10: Milwaukee Bucks @ Brooklyn Nets[0m
[96m  Game 7/10: New Orleans Pelicans @ Chicago Bulls[0m
[96m  Game 8/10: Sacramento Kings @ Minnesota Timberwolves[0m
[96m  Game 9/10: Los Angeles Lakers @ Phoenix Suns[0m
[96m  Game 10/10: Golden State Warriors @ Portland Trail Blazers[0m
[92m✓ Fetched 168 total player props[0m

[96mAnalyzing 168 player props with REAL stats...[0m
[92m✓ Found 2 top OVER plays (A.I. Score >= 9.5)[0m
[92m✓ Found 5 top UNDER plays (A.I. Score >= 9.5)[0m
[93m  Skipped 6 props (no player stats found)[0m
[93m  Skipped 310 props (score below 9.5)[0m

[96mAuto-tracking picks with A.I. Score >= 9.7...[0m
[92m✓ Tracked 4 new picks[0m

[1m[96m================================================================================[0m
[1m[96mTRACKING SUMMARY[0m
[1m[96m================================================================================[0m
Total Picks: 17 | Wins: 8 | Losses: 5 | Pending: 4
Win Rate: 61.5% | ROI: +2.28u (+13.4%)

[1m[92m================================================================================[0m
[1m[92mTOP OVER PLAYS[0m
[1m[92m================================================================================[0m
📊 [96m 1. VJ Edgecombe             [0m | [92mOVER 2.5 AST   [0m | Atlanta Hawks vs Philadelphia 76ers | [1mA.I.: 10.00[0m
   [96m 2. Dylan Harper             [0m | [92mOVER 2.5 AST   [0m | Oklahoma City Thunder vs San Antonio Spurs | [1mA.I.: 9.65[0m

[1m[91m================================================================================[0m
[1m[91mTOP UNDER PLAYS[0m
[1m[91m================================================================================[0m
📊 [96m 1. Deni Avdija              [0m | [91mUNDER 8.5 AST  [0m | Portland Trail Blazers vs Golden State Warriors | [1mA.I.: 10.00[0m
📊 [96m 2. Rui Hachimura            [0m | [91mUNDER 1.5 AST  [0m | Los Angeles Lakers vs Phoenix Suns | [1mA.I.: 9.95[0m
📊 [96m 3. Marcus Smart             [0m | [91mUNDER 3.5 AST  [0m | Phoenix Suns vs Los Angeles Lakers | [1mA.I.: 9.77[0m
   [96m 4. Derik Queen              [0m | [91mUNDER 5.5 AST  [0m | Chicago Bulls vs New Orleans Pelicans | [1mA.I.: 9.64[0m
   [96m 5. Carlton Carrington       [0m | [91mUNDER 5.5 AST  [0m | Indiana Pacers vs Washington Wizards | [1mA.I.: 9.62[0m

[93m📊 = Auto-tracked (A.I. Score >= 9.7)[0m

[96mGenerating HTML report...[0m

[92m✓ HTML report saved: /Users/rico/sports-models/nba/nba_assists_props.html[0m

[1m[92m================================================================================[0m
[1m[92m✓ Model execution complete![0m
[1m[92m================================================================================[0m


==========================================
✅ Model completed successfully!
==========================================

📤 Pushing updates to GitHub...
