============================================================
Scheduler run: nba_points_props
Time: Sun Dec 14 20:52:58 EST 2025
Working dir: /Users/rico/sports-models/nba
Script: nba_points_props_model.py
============================================================

[1m[96m================================================================================[0m
[1m[96mNBA POINTS PROPS A.I. MODEL[0m
[1m[96m================================================================================[0m

[96mChecking 34 pending picks...[0m
[96m  Checking Tyrese Maxey (Philadelphia 76ers) from 2025-12-12...[0m
[93m    Could not fetch stats, skipping...[0m
[96m  Checking Brandon Williams (Dallas Mavericks) from 2025-12-12...[0m
[93m    Could not fetch stats, skipping...[0m
[96m  Checking Brandon Williams (Dallas Mavericks) from 2025-12-12...[0m
[93m    Could not fetch stats, skipping...[0m
[96m  Checking Carlton Carrington (Indiana Pacers) from 2025-12-14...[0m
[93m    Could not find player Carlton Carrington in NBA API[0m
[93m    Could not fetch stats, skipping...[0m
[96m  Checking Carlton Carrington (Washington Wizards) from 2025-12-14...[0m
[93m    Could not find player Carlton Carrington in NBA API[0m
[93m    Could not fetch stats, skipping...[0m

[96mFetching REAL NBA player points statistics...[0m
[92mâœ“ Using cached player stats (less than 6 hours old)[0m

[96mFetching opponent defense factors...[0m
[92mâœ“ Using cached defense factors[0m

[96mFetching player points prop odds...[0m
[96m  Found 10 upcoming games[0m
[96m  Game 1/10: Sacramento Kings @ Minnesota Timberwolves[0m
[96m  Game 2/10: New Orleans Pelicans @ Chicago Bulls[0m
[96m  Game 3/10: Los Angeles Lakers @ Phoenix Suns[0m
[96m  Game 4/10: Golden State Warriors @ Portland Trail Blazers[0m
[96m  Game 5/10: Detroit Pistons @ Boston Celtics[0m
[96m  Game 6/10: Toronto Raptors @ Miami Heat[0m
[96m  Game 7/10: Dallas Mavericks @ Utah Jazz[0m
[96m  Game 8/10: Houston Rockets @ Denver Nuggets[0m
[96m  Game 9/10: Memphis Grizzlies @ Los Angeles Clippers[0m
[96m  Game 10/10: San Antonio Spurs @ New York Knicks[0m
[92mâœ“ Fetched 142 total player props[0m

[96mAnalyzing 142 player props with REAL stats...[0m
[92mâœ“ Found 5 top OVER plays (A.I. Score >= 9.5)[0m
[92mâœ“ Found 5 top UNDER plays (A.I. Score >= 9.5)[0m
[93m  Skipped 4 props (no player stats found)[0m
[93m  Skipped 194 props (score below 9.5)[0m

[96mAuto-tracking picks with A.I. Score >= 9.7...[0m
[92mâœ“ Tracked 8 new picks[0m

[1m[96m================================================================================[0m
[1m[96mTRACKING SUMMARY[0m
[1m[96m================================================================================[0m
Total Picks: 112 | Wins: 40 | Losses: 30 | Pending: 42
Win Rate: 57.1% | ROI: +6.40u (+5.7%)

[1m[92m================================================================================[0m
[1m[92mTOP OVER PLAYS[0m
[1m[92m================================================================================[0m
ðŸ“Š [96m 1. Keegan Murray            [0m | [92mOVER 8.5 PTS   [0m | Sacramento Kings vs Minnesota Timberwolves | [1mA.I.: 10.00[0m | Rating: 4.9 â­â­
ðŸ“Š [96m 2. Trey Murphy III          [0m | [92mOVER 19.5 PTS  [0m | New Orleans Pelicans vs Chicago Bulls | [1mA.I.: 10.00[0m | Rating: 4.9 â­â­
ðŸ“Š [96m 3. Josh Giddey              [0m | [92mOVER 16.5 PTS  [0m | Chicago Bulls vs New Orleans Pelicans | [1mA.I.: 10.00[0m | Rating: 4.9 â­â­
ðŸ“Š [96m 4. Zion Williamson          [0m | [92mOVER 14.5 PTS  [0m | Chicago Bulls vs New Orleans Pelicans | [1mA.I.: 10.00[0m | Rating: 4.9 â­â­
ðŸ“Š [96m 5. Jordan Poole             [0m | [92mOVER 12.5 PTS  [0m | Chicago Bulls vs New Orleans Pelicans | [1mA.I.: 10.00[0m | Rating: 4.9 â­â­

[1m[91m================================================================================[0m
[1m[91mTOP UNDER PLAYS[0m
[1m[91m================================================================================[0m
ðŸ“Š [96m 1. Naz Reid                 [0m | [91mUNDER 16.5 PTS [0m | Minnesota Timberwolves vs Sacramento Kings | [1mA.I.: 10.00[0m | Rating: 4.9 â­â­
ðŸ“Š [96m 2. DeMar DeRozan            [0m | [91mUNDER 19.5 PTS [0m | Sacramento Kings vs Minnesota Timberwolves | [1mA.I.: 10.00[0m | Rating: 4.9 â­â­
ðŸ“Š [96m 3. Jaden McDaniels          [0m | [91mUNDER 25.5 PTS [0m | Minnesota Timberwolves vs Sacramento Kings | [1mA.I.: 10.00[0m | Rating: 4.9 â­â­
ðŸ“Š [96m 4. Julius Randle            [0m | [91mUNDER 25.5 PTS [0m | Minnesota Timberwolves vs Sacramento Kings | [1mA.I.: 10.00[0m | Rating: 4.9 â­â­
ðŸ“Š [96m 5. Donte DiVincenzo         [0m | [91mUNDER 16.5 PTS [0m | Minnesota Timberwolves vs Sacramento Kings | [1mA.I.: 10.00[0m | Rating: 4.9 â­â­

[93mðŸ“Š = Auto-tracked (A.I. Score >= 9.7)[0m

[96mGenerating HTML report...[0m

[92mâœ“ HTML report saved: /Users/rico/sports-models/nba/nba_points_props.html[0m

[1m[92m================================================================================[0m
[1m[92mâœ“ Model execution complete![0m
[1m[92m================================================================================[0m

âœ… Completed: nba_points_props at Sun Dec 14 20:53:03 EST 2025
