============================================================
Scheduler run: nba_rebounds_props
Time: Mon Dec 15 18:10:04 EST 2025
Working dir: /Users/rico/sports-models/nba
Script: nba_rebounds_props_model.py
============================================================

[1m[96m================================================================================[0m
[1m[96mNBA REBOUNDS PROPS A.I. MODEL[0m
[1m[96m================================================================================[0m

[96m==========================================================================================[0m
[96m🎯 GRADING PENDING PICKS[0m
[96m==========================================================================================[0m

[93m📋 Found 7 pending picks...[0m


[93mNo picks ready for grading yet[0m

[96mFetching REAL NBA player rebounding statistics...[0m
[92m✓ Using cached player rebounding stats (less than 6 hours old)[0m

[96mFetching opponent rebounding factors...[0m
[92m✓ Using cached rebounding factors[0m

[96mFetching player rebounds prop odds...[0m
[96m  Found 6 upcoming games[0m
[96m  Game 1/6: Detroit Pistons @ Boston Celtics[0m
[96m  Game 2/6: Toronto Raptors @ Miami Heat[0m
[96m  Game 3/6: Dallas Mavericks @ Utah Jazz[0m
[96m  Game 4/6: Houston Rockets @ Denver Nuggets[0m
[96m  Game 5/6: Memphis Grizzlies @ Los Angeles Clippers[0m
[96m  Game 6/6: San Antonio Spurs @ New York Knicks[0m
[92m✓ Fetched 76 player rebounds props (grouped)[0m

[96mAnalyzing 76 player props with REAL stats...[0m
[92m✓ Found 4 top OVER plays (A.I. Score >= 9.5)[0m
[92m✓ Found 2 top UNDER plays (A.I. Score >= 9.5)[0m
[93m  Skipped 2 props (no player stats found)[0m
[93m  Skipped 142 props (score below 9.5 or failed checks)[0m

[96m==========================================================================================[0m
[96m📊 TRACKING NEW PICKS[0m
[96m==========================================================================================[0m
[93m✓ Updated odds for 3 existing picks[0m

[1m[92m================================================================================[0m
[1m[92mTOP OVER PLAYS[0m
[1m[92m================================================================================[0m
  [96m 1. Mitchell Robinson        [0m | [92mOVER 6.5 REB   [0m | New York Knicks           vs San Antonio Spurs         | [1mA.I.: 10.00[0m | Rating: 4.9 ⭐⭐
  [96m 2. Kel'el Ware              [0m | [92mOVER 7.5 REB   [0m | Miami Heat                vs Toronto Raptors           | [1mA.I.: 10.00[0m | Rating: 4.9 ⭐⭐
  [96m 3. Steven Adams             [0m | [92mOVER 7.5 REB   [0m | Denver Nuggets            vs Houston Rockets           | [1mA.I.: 9.80[0m | Rating: 4.9 ⭐⭐
  [96m 4. Daniel Gafford           [0m | [92mOVER 5.5 REB   [0m | Dallas Mavericks          vs Utah Jazz                 | [1mA.I.: 9.67[0m | Rating: 4.9 ⭐⭐

[1m[91m================================================================================[0m
[1m[91mTOP UNDER PLAYS[0m
[1m[91m================================================================================[0m
  [96m 1. Ace Bailey               [0m | [91mUNDER 4.5 REB  [0m | Utah Jazz                 vs Dallas Mavericks          | [1mA.I.: 9.79[0m | Rating: 4.9 ⭐⭐
  [96m 2. Kyle Filipowski          [0m | [91mUNDER 8.5 REB  [0m | Utah Jazz                 vs Dallas Mavericks          | [1mA.I.: 9.58[0m | Rating: 4.9 ⭐⭐

[96mGenerating HTML report...[0m

[92m✓ HTML report saved: /Users/rico/sports-models/nba/nba_rebounds_props.html[0m

[1m[92m================================================================================[0m
[1m[92m✓ Model execution complete![0m
[1m[92m================================================================================[0m

✅ Completed: nba_rebounds_props at Mon Dec 15 18:10:07 EST 2025

📤 Auto-pushing model outputs to GitHub...
[main e50fd5b] Update model outputs - 2025-12-15 18:10:07
 Committer: Ricardo Hill <rico@Ricos-M1-Mac-2.local>
Your name and email address were configured automatically based
on your username and hostname. Please check that they are accurate.
You can suppress this message by setting them explicitly. Run the
following command and follow the instructions in your editor to edit
your configuration file:

    git config --global --edit

After doing this, you may fix the identity used for this commit with:

    git commit --amend --reset-author

 2 files changed, 14 insertions(+), 12 deletions(-)
To https://github.com/BangLetsGetIt/NBA-NCAA-Betting-Models.git
   6df9e6e..e50fd5b  main -> main
✅ Successfully pushed to GitHub!
✅ Auto-push succeeded at Mon Dec 15 18:10:08 EST 2025
