==========================================
NBA Assists Props Model Run: Sun Dec 14 07:00:04 EST 2025
==========================================
Running NBA Assists Props model...

[1m[96m================================================================================[0m
[1m[96mNBA ASSISTS PROPS A.I. MODEL[0m
[1m[96m================================================================================[0m

[96mChecking 7 pending picks...[0m

[96mFetching REAL NBA player assists statistics...[0m
[96m  Fetching season assists stats...[0m
[96m  Fetching recent form (last 10 games)...[0m
[92mâœ“ Fetched REAL stats for 499 players[0m

[96mFetching opponent assists factors...[0m
[92mâœ“ Fetched assists factors for 43 teams[0m

[96mFetching player assists prop odds...[0m
[96m  Found 9 upcoming games[0m
[96m  Game 1/9: Washington Wizards @ Indiana Pacers[0m
[96m  Game 2/9: Charlotte Hornets @ Cleveland Cavaliers[0m
[96m  Game 3/9: Philadelphia 76ers @ Atlanta Hawks[0m
[96m  Game 4/9: Milwaukee Bucks @ Brooklyn Nets[0m
[96m  Game 5/9: New Orleans Pelicans @ Chicago Bulls[0m
[96m  Game 6/9: Sacramento Kings @ Minnesota Timberwolves[0m
[96m  Game 7/9: Los Angeles Lakers @ Phoenix Suns[0m
[96m  Game 8/9: Golden State Warriors @ Portland Trail Blazers[0m
[96m  Game 9/9: San Antonio Spurs @ New York Knicks[0m
[92mâœ“ Fetched 150 total player props[0m

[96mAnalyzing 150 player props with REAL stats...[0m
[92mâœ“ Found 1 top OVER plays (A.I. Score >= 9.5)[0m
[92mâœ“ Found 5 top UNDER plays (A.I. Score >= 9.5)[0m
[93m  Skipped 6 props (no player stats found)[0m
[93m  Skipped 276 props (score below 9.5)[0m

[96mAuto-tracking picks with A.I. Score >= 9.7...[0m
[93m  No new picks to track[0m

[1m[96m================================================================================[0m
[1m[96mTRACKING SUMMARY[0m
[1m[96m================================================================================[0m
Total Picks: 21 | Wins: 8 | Losses: 6 | Pending: 6
Win Rate: 57.1% | ROI: +1.28u (+6.1%)

[1m[92m================================================================================[0m
[1m[92mTOP OVER PLAYS[0m
[1m[92m================================================================================[0m
ðŸ“Š [96m 1. De'Aaron Fox             [0m | [92mOVER 4.5 AST   [0m | New York Knicks vs San Antonio Spurs | [1mA.I.: 10.00[0m | Rating: 4.1 â­â­

[1m[91m================================================================================[0m
[1m[91mTOP UNDER PLAYS[0m
[1m[91m================================================================================[0m
ðŸ“Š [96m 1. Paul George              [0m | [91mUNDER 4.5 AST  [0m | Atlanta Hawks vs Philadelphia 76ers | [1mA.I.: 10.00[0m | Rating: 4.9 â­â­
ðŸ“Š [96m 2. Deni Avdija              [0m | [91mUNDER 8.5 AST  [0m | Portland Trail Blazers vs Golden State Warriors | [1mA.I.: 10.00[0m | Rating: 4.9 â­â­
ðŸ“Š [96m 3. Rui Hachimura            [0m | [91mUNDER 1.5 AST  [0m | Los Angeles Lakers vs Phoenix Suns | [1mA.I.: 9.95[0m | Rating: 4.9 â­â­
ðŸ“Š [96m 4. Marcus Smart             [0m | [91mUNDER 3.5 AST  [0m | Phoenix Suns vs Los Angeles Lakers | [1mA.I.: 9.77[0m | Rating: 4.9 â­â­
   [96m 5. Carlton Carrington       [0m | [91mUNDER 5.5 AST  [0m | Indiana Pacers vs Washington Wizards | [1mA.I.: 9.62[0m | Rating: 4.9 â­â­

[93mðŸ“Š = Auto-tracked (A.I. Score >= 9.7)[0m

[96mGenerating HTML report...[0m

[92mâœ“ HTML report saved: /Users/rico/sports-models/nba/nba_assists_props.html[0m

[1m[92m================================================================================[0m
[1m[92mâœ“ Model execution complete![0m
[1m[92m================================================================================[0m


==========================================
âœ… Model completed successfully!
==========================================

ðŸ“¤ Pushing updates to GitHub...
