============================================================
Scheduler run: nba_points_props
Time: Wed Dec 17 10:00:03 EST 2025
Working dir: /Users/rico/sports-models/nba
Script: nba_points_props_model.py
============================================================

[1m[96m================================================================================[0m
[1m[96mNBA POINTS PROPS A.I. MODEL[0m
[1m[96m================================================================================[0m

[96m==========================================================================================[0m
[96m🎯 GRADING PENDING PICKS (BATCH MODE)[0m
[96m==========================================================================================[0m

[93m📋 Found 96 pending picks...[0m


[96mProcessing 3 picks for 2025-12-13...[0m
[96m  Fetching batch stats for 12/13/2025...[0m
[93m  ⚠️  Could not find stats for Tyrese Maxey in batch data[0m
[93m  ⚠️  Could not find stats for Brandon Williams in batch data[0m
[93m  ⚠️  Could not find stats for Brandon Williams in batch data[0m

[96mProcessing 2 picks for 2025-12-14...[0m
[96m  Fetching batch stats for 12/14/2025...[0m
[93m  ⚠️  Could not find stats for Carlton Carrington in batch data[0m
[93m  ⚠️  Could not find stats for Carlton Carrington in batch data[0m

[96mProcessing 50 picks for 2025-12-15...[0m
[96m  Fetching batch stats for 12/15/2025...[0m
[93m  ⚠️  Could not find stats for Trey Murphy III in batch data[0m
[93m  ⚠️  Could not find stats for Zion Williamson in batch data[0m
[93m  ⚠️  Could not find stats for Jordan Poole in batch data[0m
[93m  ⚠️  Could not find stats for Jeremiah Fears in batch data[0m
[93m  ⚠️  Could not find stats for Jordan Poole in batch data[0m
[93m  ⚠️  Could not find stats for Isaac Okoro in batch data[0m
[93m  ⚠️  Could not find stats for Keegan Murray in batch data[0m
[93m  ⚠️  Could not find stats for Josh Giddey in batch data[0m
[93m  ⚠️  Could not find stats for Zion Williamson in batch data[0m
[93m  ⚠️  Could not find stats for Jordan Poole in batch data[0m
[93m  ⚠️  Could not find stats for Keegan Murray in batch data[0m
[93m  ⚠️  Could not find stats for Malik Monk in batch data[0m
[93m  ⚠️  Could not find stats for Trey Murphy III in batch data[0m
[93m  ⚠️  Could not find stats for Trey Murphy III in batch data[0m
[93m  ⚠️  Could not find stats for Josh Giddey in batch data[0m
[93m  ⚠️  Could not find stats for Coby White in batch data[0m
[93m  ⚠️  Could not find stats for Keegan Murray in batch data[0m
[93m  ⚠️  Could not find stats for Trey Murphy III in batch data[0m
[93m  ⚠️  Could not find stats for Josh Giddey in batch data[0m
[93m  ⚠️  Could not find stats for Zion Williamson in batch data[0m
[93m  ⚠️  Could not find stats for Naz Reid in batch data[0m
[93m  ⚠️  Could not find stats for DeMar DeRozan in batch data[0m
[93m  ⚠️  Could not find stats for Jaden McDaniels in batch data[0m
[93m  ⚠️  Could not find stats for Julius Randle in batch data[0m
[93m  ⚠️  Could not find stats for Donte DiVincenzo in batch data[0m
[93m  ⚠️  Could not find stats for Jimmy Butler in batch data[0m
[93m  ⚠️  Could not find stats for Donovan Clingan in batch data[0m
[93m  ⚠️  Could not find stats for Mark Williams in batch data[0m
[93m  ⚠️  Could not find stats for LeBron James in batch data[0m
[93m  ⚠️  Could not find stats for Devin Booker in batch data[0m
[93m  ⚠️  Could not find stats for Stephen Curry in batch data[0m
[93m  ⚠️  Could not find stats for Draymond Green in batch data[0m
[93m  ⚠️  Could not find stats for Donovan Clingan in batch data[0m
[93m  ⚠️  Could not find stats for Mark Williams in batch data[0m
[93m  ⚠️  Could not find stats for LeBron James in batch data[0m
[93m  ⚠️  Could not find stats for Devin Booker in batch data[0m
[93m  ⚠️  Could not find stats for Jerami Grant in batch data[0m
[93m  ⚠️  Could not find stats for Stephen Curry in batch data[0m
[93m  ⚠️  Could not find stats for Dillon Brooks in batch data[0m
[93m  ⚠️  Could not find stats for Dillon Brooks in batch data[0m
[93m  ⚠️  Could not find stats for Mark Williams in batch data[0m
[93m  ⚠️  Could not find stats for Donovan Clingan in batch data[0m
[93m  ⚠️  Could not find stats for Deandre Ayton in batch data[0m
[93m  ⚠️  Could not find stats for Deandre Ayton in batch data[0m
[93m  ⚠️  Could not find stats for Devin Booker in batch data[0m
[93m  ⚠️  Could not find stats for Grayson Allen in batch data[0m
[93m  ⚠️  Could not find stats for Grayson Allen in batch data[0m
[93m  ⚠️  Could not find stats for Jimmy Butler in batch data[0m
[93m  ⚠️  Could not find stats for Stephen Curry in batch data[0m
[93m  ⚠️  Could not find stats for Shaedon Sharpe in batch data[0m

[96mProcessing 19 picks for 2025-12-16...[0m
[96m  Fetching batch stats for 12/16/2025...[0m
[93m  ⚠️  No stats found for 2025-12-16 yet[0m

[96mProcessing 10 picks for 2025-12-17...[0m
[96m  Fetching batch stats for 12/17/2025...[0m
[93m  ⚠️  No stats found for 2025-12-17 yet[0m

[93mNo picks ready for grading yet[0m

[96mFetching REAL NBA player points statistics...[0m
[92m✓ Using cached player stats (less than 6 hours old)[0m

[96mFetching opponent defense factors...[0m
[92m✓ Using cached defense factors[0m

[96mFetching player points prop odds...[0m
[96m  Found 12 upcoming games[0m
[96m  Game 1/10: Cleveland Cavaliers @ Chicago Bulls[0m
[96m  Game 2/10: Memphis Grizzlies @ Minnesota Timberwolves[0m
[96m  Game 3/10: Atlanta Hawks @ Charlotte Hornets[0m
[96m  Game 4/10: Miami Heat @ Brooklyn Nets[0m
[96m  Game 5/10: Houston Rockets @ New Orleans Pelicans[0m
[96m  Game 6/10: Los Angeles Clippers @ Oklahoma City Thunder[0m
[96m  Game 7/10: Toronto Raptors @ Milwaukee Bucks[0m
[96m  Game 8/10: Detroit Pistons @ Dallas Mavericks[0m
[96m  Game 9/10: Orlando Magic @ Denver Nuggets[0m
[96m  Game 10/10: Golden State Warriors @ Phoenix Suns[0m
[92m✓ Fetched 102 total player props[0m

[96mAnalyzing 102 player props with REAL stats...[0m
[92m✓ Found 5 top OVER plays (A.I. Score >= 9.5)[0m
[92m✓ Found 3 top UNDER plays (A.I. Score >= 9.5)[0m
[93m  Skipped 4 props (no player stats found)[0m
[93m  Skipped 166 props (score below 9.5)[0m

[96m==========================================================================================[0m
[96m📊 TRACKING NEW PICKS[0m
[96m==========================================================================================[0m
[93m✓ Updated odds for 2 existing picks[0m

[1m[92m================================================================================[0m
[1m[92mTOP OVER PLAYS[0m
[1m[92m================================================================================[0m
  [96m 1. Ayo Dosunmu              [0m | [92mOVER 10.5 PTS  [0m | Chicago Bulls vs Cleveland Cavaliers | [1mA.I.: 10.00[0m | Rating: 4.9 ⭐⭐
  [96m 2. Tre Jones                [0m | [92mOVER 9.5 PTS   [0m | Chicago Bulls vs Cleveland Cavaliers | [1mA.I.: 10.00[0m | Rating: 4.9 ⭐⭐
  [96m 3. Anthony Edwards          [0m | [92mOVER 27.5 PTS  [0m | Minnesota Timberwolves vs Memphis Grizzlies | [1mA.I.: 10.00[0m | Rating: 4.9 ⭐⭐
  [96m 4. Alperen Sengun           [0m | [92mOVER 21.5 PTS  [0m | Houston Rockets vs New Orleans Pelicans | [1mA.I.: 10.00[0m | Rating: 4.9 ⭐⭐
  [96m 5. Zion Williamson          [0m | [92mOVER 17.5 PTS  [0m | New Orleans Pelicans vs Houston Rockets | [1mA.I.: 10.00[0m | Rating: 4.9 ⭐⭐

[1m[91m================================================================================[0m
[1m[91mTOP UNDER PLAYS[0m
[1m[91m================================================================================[0m
  [96m 1. Paolo Banchero           [0m | [91mUNDER 22.5 PTS [0m | Orlando Magic vs Denver Nuggets | [1mA.I.: 10.00[0m | Rating: 4.9 ⭐⭐
  [96m 2. Darius Garland           [0m | [91mUNDER 20.5 PTS [0m | Cleveland Cavaliers vs Chicago Bulls | [1mA.I.: 9.63[0m | Rating: 4.9 ⭐⭐
  [96m 3. Santi Aldama             [0m | [91mUNDER 14.5 PTS [0m | Minnesota Timberwolves vs Memphis Grizzlies | [1mA.I.: 9.64[0m | Rating: 4.8 ⭐⭐

[96mGenerating HTML report...[0m

[92m✓ HTML report saved: /Users/rico/sports-models/nba/nba_points_props.html[0m

[1m[92m================================================================================[0m
[1m[92m✓ Model execution complete![0m
[1m[92m================================================================================[0m

✅ Completed: nba_points_props at Wed Dec 17 10:00:12 EST 2025

📤 Auto-pushing model outputs to GitHub...
[main 1284149] Update model outputs - 2025-12-17 10:00:12
 Committer: Ricardo Hill <rico@Ricos-M1-Mac-2.local>
Your name and email address were configured automatically based
on your username and hostname. Please check that they are accurate.
You can suppress this message by setting them explicitly. Run the
following command and follow the instructions in your editor to edit
your configuration file:

    git config --global --edit

After doing this, you may fix the identity used for this commit with:

    git commit --amend --reset-author

 2 files changed, 9 insertions(+), 9 deletions(-)
To https://github.com/BangLetsGetIt/NBA-NCAA-Betting-Models.git
   4d71a1a..1284149  main -> main
✅ Successfully pushed to GitHub!
✅ Auto-push succeeded at Wed Dec 17 10:00:13 EST 2025
