============================================================
Scheduler run: nba_3pt_props
Time: Sun Dec 14 20:52:58 EST 2025
Working dir: /Users/rico/sports-models/nba
Script: nba_3pt_props_model.py
============================================================

[1m[96m================================================================================[0m
[1m[96mNBA 3-POINT PROPS A.I. MODEL[0m
[1m[96m================================================================================[0m

[96mChecking 15 pending picks...[0m
[96m  Checking Anthony Edwards (Minnesota Timberwolves) from 2025-12-12...[0m
[93m    Could not fetch stats, skipping...[0m

[96mFetching REAL NBA player 3PT statistics...[0m
[92mâœ“ Using cached player stats (less than 6 hours old)[0m

[96mFetching opponent 3PT defense stats...[0m
[92mâœ“ Using cached defense stats[0m

[96mFetching player prop odds...[0m
[96m  Found 10 upcoming games[0m
[96m  Game 1/10: Sacramento Kings @ Minnesota Timberwolves - 14 props[0m
[96m  Game 2/10: New Orleans Pelicans @ Chicago Bulls - 20 props[0m
[96m  Game 3/10: Los Angeles Lakers @ Phoenix Suns - 20 props[0m
[96m  Game 4/10: Golden State Warriors @ Portland Trail Blazers - 20 props[0m
[96m  Game 5/10: Detroit Pistons @ Boston Celtics - 0 props[0m
[96m  Game 6/10: Toronto Raptors @ Miami Heat - 2 props[0m
[96m  Game 7/10: Dallas Mavericks @ Utah Jazz - 0 props[0m
[96m  Game 8/10: Houston Rockets @ Denver Nuggets - 0 props[0m
[96m  Game 9/10: Memphis Grizzlies @ Los Angeles Clippers - 0 props[0m
[96m  Game 10/10: San Antonio Spurs @ New York Knicks - 22 props[0m
[92mâœ“ Fetched 98 total player props[0m
[93m  API requests remaining: 18253[0m

[96mAnalyzing 98 player props with REAL stats...[0m
[92mâœ“ Found 5 top OVER plays (A.I. Score >= 9.5)[0m
[92mâœ“ Found 4 top UNDER plays (A.I. Score >= 9.5)[0m
[93m  Skipped 4 props (no player stats found)[0m
[93m  Skipped 166 props (score below 9.5)[0m

[96mAuto-tracking picks with A.I. Score >= 9.7...[0m
[92mâœ“ Tracked 3 new picks[0m

[1m[96m================================================================================[0m
[1m[96mTRACKING SUMMARY[0m
[1m[96m================================================================================[0m
Total Picks: 70 | Wins: 21 | Losses: 31 | Pending: 18
Win Rate: 40.4% | ROI: -11.89u (-17.0%)

[1m[92m================================================================================[0m
[1m[92mTOP OVER PLAYS[0m
[1m[92m================================================================================[0m
ðŸ“Š [96m 1. Saddiq Bey               [0m | [92mOVER 0.5 3PT   [0m | Chicago Bulls vs New Orleans Pelicans | [1mA.I.: 10.00[0m | Rating: 4.9 â­â­
ðŸ“Š [96m 2. Trey Murphy III          [0m | [92mOVER 1.5 3PT   [0m | New Orleans Pelicans vs Chicago Bulls | [1mA.I.: 10.00[0m | Rating: 4.9 â­â­
ðŸ“Š [96m 3. Jordan Poole             [0m | [92mOVER 1.5 3PT   [0m | Chicago Bulls vs New Orleans Pelicans | [1mA.I.: 10.00[0m | Rating: 4.9 â­â­
ðŸ“Š [96m 4. Collin Gillespie         [0m | [92mOVER 1.5 3PT   [0m | Phoenix Suns vs Los Angeles Lakers | [1mA.I.: 10.00[0m | Rating: 4.9 â­â­
   [96m 5. De'Aaron Fox             [0m | [92mOVER 1.5 3PT   [0m | New York Knicks vs San Antonio Spurs | [1mA.I.: 9.51[0m | Rating: 2.7 

[1m[91m================================================================================[0m
[1m[91mTOP UNDER PLAYS[0m
[1m[91m================================================================================[0m
ðŸ“Š [96m 1. Malik Monk               [0m | [91mUNDER 3.5 3PT  [0m | Sacramento Kings vs Minnesota Timberwolves | [1mA.I.: 10.00[0m | Rating: 4.9 â­â­
ðŸ“Š [96m 2. Patrick Williams         [0m | [91mUNDER 2.5 3PT  [0m | Chicago Bulls vs New Orleans Pelicans | [1mA.I.: 10.00[0m | Rating: 4.9 â­â­
ðŸ“Š [96m 3. Kevin Huerter            [0m | [91mUNDER 2.5 3PT  [0m | Chicago Bulls vs New Orleans Pelicans | [1mA.I.: 10.00[0m | Rating: 4.9 â­â­
ðŸ“Š [96m 4. Royce O'Neale            [0m | [91mUNDER 5.5 3PT  [0m | Phoenix Suns vs Los Angeles Lakers | [1mA.I.: 10.00[0m | Rating: 4.9 â­â­

[93mðŸ“Š = Auto-tracked (A.I. Score >= 9.7)[0m

[96mGenerating HTML report...[0m

[92mâœ“ HTML report saved: /Users/rico/sports-models/nba/nba_3pt_props.html[0m

[1m[92m================================================================================[0m
[1m[92mâœ“ Model execution complete![0m
[1m[92m================================================================================[0m

[96mUpdating unified dashboard...[0m
[92mâœ“ Dashboard updated[0m

âœ… Completed: nba_3pt_props at Sun Dec 14 20:53:03 EST 2025
