============================================================
Scheduler run: nba_3pt_props
Time: Fri Dec 19 18:00:04 EST 2025
Working dir: /Users/rico/sports-models/nba
Script: nba_3pt_props_model.py
============================================================

[1m[96m================================================================================[0m
[1m[96mNBA 3PT PROPS A.I. MODEL[0m
[1m[96m================================================================================[0m

[96m==========================================================================================[0m
[96m🎯 GRADING PENDING PICKS[0m
[96m==========================================================================================[0m

[93m📋 Found 8 pending picks...[0m

  Fetching team stats to verify completed games for 2025-12-16...
[93m  ⚠ Could not find stats for De'Aaron Fox on 2025-12-16[0m
  Fetching team stats to verify completed games for 2025-12-19...

[93mNo picks ready for grading yet[0m

[96mFetching REAL NBA player 3-pointers statistics...[0m
[92m✓ Using cached player 3-pointers stats (less than 6 hours old)[0m

[96mFetching opponent 3-pointers factors...[0m
[92m✓ Using cached 3-pointers factors[0m

[96mFetching player 3-pointers prop odds...[0m
[96m  Found 7 upcoming games[0m
[96m  Filtered to 7 upcoming games[0m
[96m  Game 1/7: Miami Heat @ Boston Celtics[0m
[96m  Game 2/7: Philadelphia 76ers @ New York Knicks[0m
[96m  Game 3/7: San Antonio Spurs @ Atlanta Hawks[0m
[96m  Game 4/7: Chicago Bulls @ Cleveland Cavaliers[0m
[96m  Game 5/7: Oklahoma City Thunder @ Minnesota Timberwolves[0m
[96m  Game 6/7: Houston Rockets @ Denver Nuggets[0m
[96m  Game 7/7: Phoenix Suns @ Golden State Warriors[0m
[92m✓ Fetched 47 player 3-pointers props (grouped)[0m

[96mAnalyzing 47 player props with REAL stats...[0m
[92m✓ Found 4 top OVER plays (A.I. Score >= 7.5)[0m
[92m✓ Found 0 top UNDER plays (A.I. Score >= 7.5)[0m
[93m  Skipped 2 props (no player stats found)[0m
[93m  Skipped 86 props (score below 7.5 or failed checks)[0m

[96m==========================================================================================[0m
[96m📊 TRACKING NEW PICKS[0m
[96m==========================================================================================[0m
[93m✓ Updated odds for 3 existing picks[0m

[1m[92m================================================================================[0m
[1m[92mTOP OVER PLAYS[0m
[1m[92m================================================================================[0m
  [96m 1. Anthony Edwards          [0m | [92mOVER 2.5 3PT   [0m | Minnesota Timberwolves    vs Oklahoma City Thunder     | [1mA.I.: 10.00[0m | Rating: 4.1 ⭐⭐
  [96m 2. Mikal Bridges            [0m | [92mOVER 1.5 3PT   [0m | New York Knicks           vs Philadelphia 76ers        | [1mA.I.: 7.54[0m | Rating: 3.5 ⭐
  [96m 3. Donte DiVincenzo         [0m | [92mOVER 2.5 3PT   [0m | Minnesota Timberwolves    vs Oklahoma City Thunder     | [1mA.I.: 7.80[0m | Rating: 2.8 
  [96m 4. Julian Champagnie        [0m | [92mOVER 1.5 3PT   [0m | Atlanta Hawks             vs San Antonio Spurs         | [1mA.I.: 8.16[0m | Rating: 2.4 

[1m[91m================================================================================[0m
[1m[91mTOP UNDER PLAYS[0m
[1m[91m================================================================================[0m

[96mGenerating HTML report...[0m

[92m✓ HTML report saved: /Users/rico/sports-models/nba/nba_3pt_props.html[0m

[1m[92m================================================================================[0m
[1m[92m✓ Model execution complete![0m
[1m[92m================================================================================[0m

✅ Completed: nba_3pt_props at Fri Dec 19 18:00:12 EST 2025

📤 Auto-pushing model outputs to GitHub...
[main 18e42bc] Update model outputs - 2025-12-19 18:00:12
 Committer: Ricardo Hill <rico@Ricos-M1-Mac-2.local>
Your name and email address were configured automatically based
on your username and hostname. Please check that they are accurate.
You can suppress this message by setting them explicitly. Run the
following command and follow the instructions in your editor to edit
your configuration file:

    git config --global --edit

After doing this, you may fix the identity used for this commit with:

    git commit --amend --reset-author

 2 files changed, 13 insertions(+), 57 deletions(-)
To https://github.com/BangLetsGetIt/NBA-NCAA-Betting-Models.git
   c4c0f6f..18e42bc  main -> main
✅ Successfully pushed to GitHub!
✅ Auto-push succeeded at Fri Dec 19 18:00:13 EST 2025
