============================================================
Scheduler run: nba_3pt_props
Time: Wed Dec 17 15:00:05 EST 2025
Working dir: /Users/rico/sports-models/nba
Script: nba_3pt_props_model.py
============================================================

[1m[96m================================================================================[0m
[1m[96mNBA 3PT PROPS A.I. MODEL[0m
[1m[96m================================================================================[0m

[96m==========================================================================================[0m
[96m🎯 GRADING PENDING PICKS[0m
[96m==========================================================================================[0m

[93m📋 Found 8 pending picks...[0m

[93m  ⚠ Could not find stats for Max Christie on 2025-12-16[0m
[93m  ⚠ Could not find stats for Cam Spencer on 2025-12-16[0m
[93m  ⚠ Could not find stats for Jamal Murray on 2025-12-16[0m
[93m  ⚠ Could not find stats for De'Aaron Fox on 2025-12-17[0m
[93m  ⚠ Could not find stats for Jamal Murray on 2025-12-16[0m
[93m  ⚠ Could not find stats for Kris Dunn on 2025-12-16[0m

[93mNo picks ready for grading yet[0m

[96mFetching REAL NBA player 3-pointers statistics...[0m
[96m  Fetching season 3-pointers stats...[0m
[96m  Fetching recent form (last 10 games)...[0m
[92m✓ Fetched REAL 3-pointers stats for 499 players[0m

[96mFetching opponent 3-pointers factors...[0m
[92m✓ Fetched 3-pointers factors for 30 teams[0m

[96mFetching player 3-pointers prop odds...[0m
[96m  Found 12 upcoming games[0m
[96m  Game 1/10: Cleveland Cavaliers @ Chicago Bulls[0m
[96m  Game 2/10: Memphis Grizzlies @ Minnesota Timberwolves[0m
[96m  Game 3/10: Atlanta Hawks @ Charlotte Hornets[0m
[96m  Game 4/10: Miami Heat @ Brooklyn Nets[0m
[96m  Game 5/10: Houston Rockets @ New Orleans Pelicans[0m
[96m  Game 6/10: Los Angeles Clippers @ Oklahoma City Thunder[0m
[96m  Game 7/10: Toronto Raptors @ Milwaukee Bucks[0m
[96m  Game 8/10: Detroit Pistons @ Dallas Mavericks[0m
[96m  Game 9/10: Orlando Magic @ Denver Nuggets[0m
[96m  Game 10/10: Golden State Warriors @ Phoenix Suns[0m
[92m✓ Fetched 37 player 3-pointers props (grouped)[0m

[96mAnalyzing 37 player props with REAL stats...[0m
[92m✓ Found 3 top OVER plays (A.I. Score >= 7.5)[0m
[92m✓ Found 0 top UNDER plays (A.I. Score >= 7.5)[0m
[93m  Skipped 2 props (no player stats found)[0m
[93m  Skipped 67 props (score below 7.5 or failed checks)[0m

[96m==========================================================================================[0m
[96m📊 TRACKING NEW PICKS[0m
[96m==========================================================================================[0m
[92m✓ Tracked 1 new picks[0m
[93m✓ Updated odds for 1 existing picks[0m

[1m[92m================================================================================[0m
[1m[92mTOP OVER PLAYS[0m
[1m[92m================================================================================[0m
  [96m 1. Donovan Mitchell         [0m | [92mOVER 3.5 3PT   [0m | Cleveland Cavaliers       vs Chicago Bulls             | [1mA.I.: 8.60[0m | Rating: 3.3 ⭐
  [96m 2. Jamal Murray             [0m | [92mOVER 2.5 3PT   [0m | Denver Nuggets            vs Orlando Magic             | [1mA.I.: 8.75[0m | Rating: 2.9 
  [96m 3. Donte DiVincenzo         [0m | [92mOVER 2.5 3PT   [0m | Minnesota Timberwolves    vs Memphis Grizzlies         | [1mA.I.: 8.08[0m | Rating: 2.3 

[1m[91m================================================================================[0m
[1m[91mTOP UNDER PLAYS[0m
[1m[91m================================================================================[0m

[96mGenerating HTML report...[0m

[92m✓ HTML report saved: /Users/rico/sports-models/nba/nba_3pt_props.html[0m

[1m[92m================================================================================[0m
[1m[92m✓ Model execution complete![0m
[1m[92m================================================================================[0m

✅ Completed: nba_3pt_props at Wed Dec 17 15:00:14 EST 2025

📤 Auto-pushing model outputs to GitHub...
[main eba6151] Update model outputs - 2025-12-17 15:00:14
 Committer: Ricardo Hill <rico@Ricos-M1-Mac-2.local>
Your name and email address were configured automatically based
on your username and hostname. Please check that they are accurate.
You can suppress this message by setting them explicitly. Run the
following command and follow the instructions in your editor to edit
your configuration file:

    git config --global --edit

After doing this, you may fix the identity used for this commit with:

    git commit --amend --reset-author

 7 files changed, 269 insertions(+), 36 deletions(-)
To https://github.com/BangLetsGetIt/NBA-NCAA-Betting-Models.git
   9c45e92..eba6151  main -> main
✅ Successfully pushed to GitHub!
✅ Auto-push succeeded at Wed Dec 17 15:00:15 EST 2025
