============================================================
Scheduler run: nba_points_props
Time: Mon Dec 15 10:00:00 EST 2025
Working dir: /Users/rico/sports-models/nba
Script: nba_points_props_model.py
============================================================

[1m[96m================================================================================[0m
[1m[96mNBA POINTS PROPS A.I. MODEL[0m
[1m[96m================================================================================[0m

[96m==========================================================================================[0m
[96m🎯 GRADING PENDING PICKS[0m
[96m==========================================================================================[0m

[93m📋 Found 68 pending picks...[0m

[93m  ⚠ Could not find stats for Tyrese Maxey on 2025-12-13[0m
[93m  ⚠ Could not find stats for Brandon Williams on 2025-12-13[0m
[93m  ⚠ Could not find stats for Brandon Williams on 2025-12-13[0m
[93m    Could not find player Carlton Carrington in NBA API[0m
[93m  ⚠ Could not find stats for Carlton Carrington on 2025-12-14[0m
[93m  ⚠ Could not find stats for Trey Murphy III on 2025-12-15[0m
[93m  ⚠ Could not find stats for Zion Williamson on 2025-12-15[0m
[93m  ⚠ Could not find stats for Jordan Poole on 2025-12-15[0m
[93m  ⚠ Could not find stats for Jeremiah Fears on 2025-12-15[0m
[93m    Could not find player Carlton Carrington in NBA API[0m
[93m  ⚠ Could not find stats for Carlton Carrington on 2025-12-14[0m
[93m  ⚠ Could not find stats for Jordan Poole on 2025-12-15[0m
[93m  ⚠ Could not find stats for Isaac Okoro on 2025-12-15[0m
[93m  ⚠ Could not find stats for Keegan Murray on 2025-12-15[0m
[93m  ⚠ Could not find stats for Josh Giddey on 2025-12-15[0m
[93m  ⚠ Could not find stats for Zion Williamson on 2025-12-15[0m
[93m  ⚠ Could not find stats for Jordan Poole on 2025-12-15[0m
[93m  ⚠ Could not find stats for Kevin Porter Jr. on 2025-12-14[0m
[93m  ⚠ Could not find stats for Keegan Murray on 2025-12-15[0m
[93m  ⚠ Could not find stats for Malik Monk on 2025-12-15[0m
[93m  ⚠ Could not find stats for Trey Murphy III on 2025-12-15[0m
[93m  ⚠ Could not find stats for Trey Murphy III on 2025-12-15[0m
[93m  ⚠ Could not find stats for Josh Giddey on 2025-12-15[0m
[93m  ⚠ Could not find stats for Coby White on 2025-12-15[0m
[93m  Error fetching stats from NBA API for Keegan Murray: HTTPSConnectionPool(host='stats.nba.com', port=443): Read timed out. (read timeout=30)[0m
[93m  ⚠ Could not find stats for Keegan Murray on 2025-12-15[0m
[93m  ⚠ Could not find stats for Trey Murphy III on 2025-12-15[0m
[93m  ⚠ Could not find stats for Josh Giddey on 2025-12-15[0m
[93m  ⚠ Could not find stats for Zion Williamson on 2025-12-15[0m
[93m  ⚠ Could not find stats for Naz Reid on 2025-12-15[0m
[93m  ⚠ Could not find stats for DeMar DeRozan on 2025-12-15[0m
[93m  ⚠ Could not find stats for Jaden McDaniels on 2025-12-15[0m
[93m  ⚠ Could not find stats for Julius Randle on 2025-12-15[0m
[93m  ⚠ Could not find stats for Donte DiVincenzo on 2025-12-15[0m
[93m    Could not find player Jimmy Butler in NBA API[0m
[93m  ⚠ Could not find stats for Jimmy Butler on 2025-12-15[0m
[93m  ⚠ Could not find stats for Donovan Clingan on 2025-12-15[0m
[93m  ⚠ Could not find stats for Mark Williams on 2025-12-15[0m
[93m  ⚠ Could not find stats for LeBron James on 2025-12-15[0m
[93m  ⚠ Could not find stats for Devin Booker on 2025-12-15[0m
[93m  ⚠ Could not find stats for Stephen Curry on 2025-12-15[0m
[93m  ⚠ Could not find stats for Draymond Green on 2025-12-15[0m
[93m  ⚠ Could not find stats for Donovan Clingan on 2025-12-15[0m
[93m  Error fetching stats from NBA API for Mark Williams: HTTPSConnectionPool(host='stats.nba.com', port=443): Read timed out. (read timeout=30)[0m
[93m  ⚠ Could not find stats for Mark Williams on 2025-12-15[0m
[93m  Error fetching stats from NBA API for LeBron James: HTTPSConnectionPool(host='stats.nba.com', port=443): Read timed out. (read timeout=30)[0m
[93m  ⚠ Could not find stats for LeBron James on 2025-12-15[0m
[93m  Error fetching stats from NBA API for Devin Booker: HTTPSConnectionPool(host='stats.nba.com', port=443): Read timed out. (read timeout=30)[0m
[93m  ⚠ Could not find stats for Devin Booker on 2025-12-15[0m
[93m  Error fetching stats from NBA API for Jerami Grant: HTTPSConnectionPool(host='stats.nba.com', port=443): Read timed out. (read timeout=30)[0m
[93m  ⚠ Could not find stats for Jerami Grant on 2025-12-15[0m
[93m  Error fetching stats from NBA API for Stephen Curry: HTTPSConnectionPool(host='stats.nba.com', port=443): Read timed out. (read timeout=30)[0m
[93m  ⚠ Could not find stats for Stephen Curry on 2025-12-15[0m
[93m  Error fetching stats from NBA API for Dillon Brooks: HTTPSConnectionPool(host='stats.nba.com', port=443): Read timed out. (read timeout=30)[0m
[93m  ⚠ Could not find stats for Dillon Brooks on 2025-12-15[0m
[93m  Error fetching stats from NBA API for Dillon Brooks: HTTPSConnectionPool(host='stats.nba.com', port=443): Read timed out. (read timeout=30)[0m
[93m  ⚠ Could not find stats for Dillon Brooks on 2025-12-15[0m
[93m  ⚠ Could not find stats for Mark Williams on 2025-12-15[0m
[93m  ⚠ Could not find stats for Donovan Clingan on 2025-12-15[0m
[93m  ⚠ Could not find stats for Deandre Ayton on 2025-12-15[0m
[93m  ⚠ Could not find stats for Deandre Ayton on 2025-12-15[0m
[93m  ⚠ Could not find stats for Devin Booker on 2025-12-15[0m
[93m  ⚠ Could not find stats for Grayson Allen on 2025-12-15[0m
[93m  ⚠ Could not find stats for Grayson Allen on 2025-12-15[0m
[93m    Could not find player Jimmy Butler in NBA API[0m
[93m  ⚠ Could not find stats for Jimmy Butler on 2025-12-15[0m
[93m  ⚠ Could not find stats for Stephen Curry on 2025-12-15[0m
[93m  ⚠ Could not find stats for Shaedon Sharpe on 2025-12-15[0m

[93mNo picks ready for grading yet[0m

[96mFetching REAL NBA player points statistics...[0m
[96m  Fetching season points stats...[0m
[96m  Fetching recent form (last 10 games)...[0m
[92m✓ Fetched REAL stats for 499 players[0m

[96mFetching opponent defense factors...[0m
[92m✓ Fetched defense factors for 43 teams[0m

[96mFetching player points prop odds...[0m
[96m  Found 6 upcoming games[0m
[96m  Game 1/6: Detroit Pistons @ Boston Celtics[0m
[96m  Game 2/6: Toronto Raptors @ Miami Heat[0m
[96m  Game 3/6: Dallas Mavericks @ Utah Jazz[0m
[96m  Game 4/6: Houston Rockets @ Denver Nuggets[0m
[96m  Game 5/6: Memphis Grizzlies @ Los Angeles Clippers[0m
[96m  Game 6/6: San Antonio Spurs @ New York Knicks[0m
[92m✓ Fetched 162 total player props[0m

[96mAnalyzing 162 player props with REAL stats...[0m
[92m✓ Found 5 top OVER plays (A.I. Score >= 9.5)[0m
[92m✓ Found 2 top UNDER plays (A.I. Score >= 9.5)[0m
[93m  Skipped 6 props (no player stats found)[0m
[93m  Skipped 280 props (score below 9.5)[0m

[96m==========================================================================================[0m
[96m📊 TRACKING NEW PICKS[0m
[96m==========================================================================================[0m
[92m✓ Tracked 1 new picks[0m
[93m✓ Updated odds for 2 existing picks[0m

[1m[92m================================================================================[0m
[1m[92mTOP OVER PLAYS[0m
[1m[92m================================================================================[0m
  [96m 1. Norman Powell            [0m | [92mOVER 21.5 PTS  [0m | Miami Heat vs Toronto Raptors | [1mA.I.: 10.00[0m | Rating: 4.9 ⭐⭐
  [96m 2. Tyler Herro              [0m | [92mOVER 21.5 PTS  [0m | Miami Heat vs Toronto Raptors | [1mA.I.: 10.00[0m | Rating: 4.9 ⭐⭐
  [96m 3. Kel'el Ware              [0m | [92mOVER 7.5 PTS   [0m | Miami Heat vs Toronto Raptors | [1mA.I.: 10.00[0m | Rating: 4.9 ⭐⭐
  [96m 4. Max Christie             [0m | [92mOVER 9.5 PTS   [0m | Utah Jazz vs Dallas Mavericks | [1mA.I.: 10.00[0m | Rating: 4.9 ⭐⭐
  [96m 5. Reed Sheppard            [0m | [92mOVER 10.5 PTS  [0m | Denver Nuggets vs Houston Rockets | [1mA.I.: 10.00[0m | Rating: 4.9 ⭐⭐

[1m[91m================================================================================[0m
[1m[91mTOP UNDER PLAYS[0m
[1m[91m================================================================================[0m
  [96m 1. Anthony Davis            [0m | [91mUNDER 23.5 PTS [0m | Utah Jazz vs Dallas Mavericks | [1mA.I.: 10.00[0m | Rating: 4.9 ⭐⭐
  [96m 2. Kyle Filipowski          [0m | [91mUNDER 12.5 PTS [0m | Utah Jazz vs Dallas Mavericks | [1mA.I.: 10.00[0m | Rating: 4.8 ⭐⭐

[96mGenerating HTML report...[0m

[92m✓ HTML report saved: /Users/rico/sports-models/nba/nba_points_props.html[0m

[1m[92m================================================================================[0m
[1m[92m✓ Model execution complete![0m
[1m[92m================================================================================[0m

✅ Completed: nba_points_props at Mon Dec 15 10:04:14 EST 2025

📤 Auto-pushing model outputs to GitHub...
[main 299e5d6] Update model outputs - 2025-12-15 10:04:15
 Committer: Ricardo Hill <rico@Ricos-M1-Mac-2.local>
Your name and email address were configured automatically based
on your username and hostname. Please check that they are accurate.
You can suppress this message by setting them explicitly. Run the
following command and follow the instructions in your editor to edit
your configuration file:

    git config --global --edit

After doing this, you may fix the identity used for this commit with:

    git commit --amend --reset-author

 2 files changed, 45 insertions(+), 26 deletions(-)
To https://github.com/BangLetsGetIt/NBA-NCAA-Betting-Models.git
   6cd0595..299e5d6  main -> main
✅ Successfully pushed to GitHub!
✅ Auto-push succeeded at Mon Dec 15 10:04:15 EST 2025
