============================================================
Scheduler run: nba_points_props
Time: Thu Dec 18 15:00:05 EST 2025
Working dir: /Users/rico/sports-models/nba
Script: nba_points_props_model.py
============================================================

[1m[96m================================================================================[0m
[1m[96mNBA POINTS PROPS A.I. MODEL[0m
[1m[96m================================================================================[0m

[96m==========================================================================================[0m
[96m🎯 GRADING PENDING PICKS (BATCH MODE)[0m
[96m==========================================================================================[0m

[93m📋 Found 43 pending picks...[0m


[96mProcessing 1 picks for 2025-12-12...[0m
[96m  Fetching batch stats for 12/12/2025...[0m
[93m  ⚠️  Could not find stats for Tyrese Maxey in batch data[0m

[96mProcessing 4 picks for 2025-12-14...[0m
[96m  Fetching batch stats for 12/14/2025...[0m
[93m  ⚠️  Could not find stats for Carlton Carrington in batch data[0m
[93m  ⚠️  Could not find stats for Carlton Carrington in batch data[0m
[93m  ⚠️  Could not find stats for Jimmy Butler in batch data[0m
[93m  ⚠️  Could not find stats for Jimmy Butler in batch data[0m

[96mProcessing 5 picks for 2025-12-15...[0m
[96m  Fetching batch stats for 12/15/2025...[0m
[93m  ⚠️  Could not find stats for Tyler Herro in batch data[0m
[93m  ⚠️  Could not find stats for Tyler Herro in batch data[0m
[93m  ⚠️  Could not find stats for Brandon Williams in batch data[0m
[93m  ⚠️  Could not find stats for Anthony Davis in batch data[0m
[93m  ⚠️  Could not find stats for Anthony Davis in batch data[0m

[96mProcessing 10 picks for 2025-12-16...[0m
[96m  Fetching batch stats for 12/16/2025...[0m
[93m  ⚠️  No stats found for 2025-12-16 yet[0m

[96mProcessing 2 picks for 2025-12-17...[0m
[96m  Fetching batch stats for 12/17/2025...[0m
[93m  ⚠️  Could not find stats for Ayo Dosunmu in batch data[0m
[93m  ⚠️  Could not find stats for Anthony Edwards in batch data[0m

[93mNo picks ready for grading yet[0m

[96mFetching REAL NBA player points statistics...[0m
[92m✓ Using cached player stats (less than 6 hours old)[0m

[96mFetching opponent defense factors...[0m
[92m✓ Using cached defense factors[0m

[96mFetching player points prop odds...[0m
[96m  Found 12 upcoming games[0m
[96m  Filtered to 12 upcoming games[0m
[96m  Game 1/10: Atlanta Hawks @ Charlotte Hornets[0m
[96m  Game 2/10: New York Knicks @ Indiana Pacers[0m
[96m  Game 3/10: Miami Heat @ Brooklyn Nets[0m
[96m  Game 4/10: Houston Rockets @ New Orleans Pelicans[0m
[96m  Game 5/10: Los Angeles Clippers @ Oklahoma City Thunder[0m
[96m  Game 6/10: Toronto Raptors @ Milwaukee Bucks[0m
[96m  Game 7/10: Washington Wizards @ San Antonio Spurs[0m
[96m  Game 8/10: Detroit Pistons @ Dallas Mavericks[0m
[96m  Game 9/10: Orlando Magic @ Denver Nuggets[0m
[96m  Game 10/10: Golden State Warriors @ Phoenix Suns[0m
[92m✓ Fetched 256 total player props[0m

[96mAnalyzing 256 player props with REAL stats...[0m
[92m✓ Found 5 top OVER plays (A.I. Score >= 9.5)[0m
[92m✓ Found 5 top UNDER plays (A.I. Score >= 9.5)[0m
[93m  Skipped 10 props (no player stats found)[0m
[93m  Skipped 420 props (score below 9.5)[0m

[96m==========================================================================================[0m
[96m📊 TRACKING NEW PICKS[0m
[96m==========================================================================================[0m
[92m✓ Tracked 3 new picks[0m
[93m✓ Updated odds for 6 existing picks[0m

[1m[92m================================================================================[0m
[1m[92mTOP OVER PLAYS[0m
[1m[92m================================================================================[0m
  [96m 1. Kon Knueppel             [0m | [92mOVER 17.5 PTS  [0m | Charlotte Hornets vs Atlanta Hawks | [1mA.I.: 10.00[0m | Rating: 4.9 ⭐⭐
  [96m 2. Nickeil Alexander-Walker [0m | [92mOVER 18.5 PTS  [0m | Charlotte Hornets vs Atlanta Hawks | [1mA.I.: 10.00[0m | Rating: 4.9 ⭐⭐
  [96m 3. Karl-Anthony Towns       [0m | [92mOVER 20.5 PTS  [0m | New York Knicks vs Indiana Pacers | [1mA.I.: 10.00[0m | Rating: 4.9 ⭐⭐
  [96m 4. Jarace Walker            [0m | [92mOVER 6.5 PTS   [0m | Indiana Pacers vs New York Knicks | [1mA.I.: 10.00[0m | Rating: 4.9 ⭐⭐
  [96m 5. Jose Alvarado            [0m | [92mOVER 5.5 PTS   [0m | New Orleans Pelicans vs Houston Rockets | [1mA.I.: 10.00[0m | Rating: 4.9 ⭐⭐

[1m[91m================================================================================[0m
[1m[91mTOP UNDER PLAYS[0m
[1m[91m================================================================================[0m
  [96m 1. Brandon Miller           [0m | [91mUNDER 20.5 PTS [0m | Charlotte Hornets vs Atlanta Hawks | [1mA.I.: 10.00[0m | Rating: 4.9 ⭐⭐
  [96m 2. Ochai Agbaji             [0m | [91mUNDER 5.5 PTS  [0m | Toronto Raptors vs Milwaukee Bucks | [1mA.I.: 10.00[0m | Rating: 4.9 ⭐⭐
  [96m 3. Kyle Kuzma               [0m | [91mUNDER 15.5 PTS [0m | Milwaukee Bucks vs Toronto Raptors | [1mA.I.: 10.00[0m | Rating: 4.9 ⭐⭐
  [96m 4. Sandro Mamukelashvili    [0m | [91mUNDER 11.5 PTS [0m | Milwaukee Bucks vs Toronto Raptors | [1mA.I.: 10.00[0m | Rating: 4.9 ⭐⭐
  [96m 5. Anthony Davis            [0m | [91mUNDER 21.5 PTS [0m | Dallas Mavericks vs Detroit Pistons | [1mA.I.: 10.00[0m | Rating: 4.9 ⭐⭐

[96mGenerating HTML report...[0m

[92m✓ HTML report saved: /Users/rico/sports-models/nba/nba_points_props.html[0m

[1m[92m================================================================================[0m
[1m[92m✓ Model execution complete![0m
[1m[92m================================================================================[0m

✅ Completed: nba_points_props at Thu Dec 18 15:00:28 EST 2025

📤 Auto-pushing model outputs to GitHub...
[main 1690c49] Update model outputs - 2025-12-18 15:00:28
 Committer: Ricardo Hill <rico@Ricos-M1-Mac-2.local>
Your name and email address were configured automatically based
on your username and hostname. Please check that they are accurate.
You can suppress this message by setting them explicitly. Run the
following command and follow the instructions in your editor to edit
your configuration file:

    git config --global --edit

After doing this, you may fix the identity used for this commit with:

    git commit --amend --reset-author

 2 files changed, 150 insertions(+), 134 deletions(-)
To https://github.com/BangLetsGetIt/NBA-NCAA-Betting-Models.git
   92204b6..1690c49  main -> main
✅ Successfully pushed to GitHub!
✅ Auto-push succeeded at Thu Dec 18 15:00:29 EST 2025
