============================================================
Scheduler run: nba_3pt_props
Time: Mon Dec 22 02:50:03 EST 2025
Working dir: /Users/rico/sports-models/nba
Script: nba_3pt_props_model.py
============================================================

[1m[96m================================================================================[0m
[1m[96mNBA 3PT PROPS A.I. MODEL[0m
[1m[96m================================================================================[0m

[96m==========================================================================================[0m
[96m🎯 GRADING PENDING PICKS[0m
[96m==========================================================================================[0m

[93m📋 Found 8 pending picks...[0m

  Fetching team stats to verify completed games for 2025-12-16...
[93m  ⚠ Could not find stats for De'Aaron Fox on 2025-12-16[0m
  Fetching team stats to verify completed games for 2025-12-21...
    [92mWIN[0m: Kevin Durant had 3 3-pointers (line: 1.5, bet: OVER) | Profit: 0.50 units
    [92mWIN[0m: Tari Eason had 3 3-pointers (line: 1.5, bet: OVER) | Profit: 1.40 units
  Fetching team stats to verify completed games for 2025-12-22...

[92m✓ Graded 2 picks[0m

[96mFetching REAL NBA player 3-pointers statistics...[0m
[96m  Fetching season 3-pointers stats...[0m
[96m  Fetching recent form (last 10 games)...[0m
[92m✓ Fetched REAL 3-pointers stats for 501 players[0m

[96mFetching opponent 3-pointers factors...[0m
[92m✓ Fetched 3-pointers factors for 30 teams[0m

[96mFetching player 3-pointers prop odds...[0m
[96m  Found 12 upcoming games[0m
[96m  Filtered to 12 upcoming games[0m
[96m  Game 1/10: Charlotte Hornets @ Cleveland Cavaliers[0m
[96m  Game 2/10: Indiana Pacers @ Boston Celtics[0m
[96m  Game 3/10: Dallas Mavericks @ New Orleans Pelicans[0m
[96m  Game 4/10: Utah Jazz @ Denver Nuggets[0m
[96m  Game 5/10: Memphis Grizzlies @ Oklahoma City Thunder[0m
[96m  Game 6/10: Detroit Pistons @ Portland Trail Blazers[0m
[96m  Game 7/10: Orlando Magic @ Golden State Warriors[0m
[96m  Game 8/10: Cleveland Cavaliers @ New York Knicks[0m
[96m  Game 9/10: San Antonio Spurs @ Oklahoma City Thunder[0m
[96m  Game 10/10: Dallas Mavericks @ Golden State Warriors[0m
[92m✓ Fetched 62 player 3-pointers props (grouped)[0m

[96mAnalyzing 62 player props with REAL stats...[0m
[92m✓ Found 3 top OVER plays (A.I. Score >= 7.5)[0m
[92m✓ Found 3 top UNDER plays (A.I. Score >= 7.5)[0m
[93m  Skipped 1 props (no player stats found)[0m
[93m  Skipped 116 props (score below 7.5 or failed checks)[0m

[96m==========================================================================================[0m
[96m📊 TRACKING NEW PICKS[0m
[96m==========================================================================================[0m
[92m✓ Tracked 1 new picks[0m
[93m✓ Updated odds for 2 existing picks[0m

[1m[92m================================================================================[0m
[1m[92mTOP OVER PLAYS[0m
[1m[92m================================================================================[0m
  [96m 1. Shai Gilgeous-Alexander  [0m | [92mOVER 1.5 3PT   [0m | Oklahoma City Thunder     vs Memphis Grizzlies         | [1mA.I.: 7.54[0m | Rating: 3.7 ⭐
  [96m 2. Svi Mykhailiuk           [0m | [92mOVER 1.5 3PT   [0m | Denver Nuggets            vs Utah Jazz                 | [1mA.I.: 7.64[0m | Rating: 3.0 ⭐
  [96m 3. Donovan Mitchell         [0m | [92mOVER 3.5 3PT   [0m | Cleveland Cavaliers       vs Charlotte Hornets         | [1mA.I.: 7.60[0m | Rating: 2.9 

[1m[91m================================================================================[0m
[1m[91mTOP UNDER PLAYS[0m
[1m[91m================================================================================[0m
  [96m 1. Naji Marshall            [0m | [91mUNDER 1.5 3PT  [0m | New Orleans Pelicans      vs Dallas Mavericks          | [1mA.I.: 7.63[0m | Rating: 4.4 ⭐⭐
  [96m 2. Keyonte George           [0m | [91mUNDER 3.5 3PT  [0m | Denver Nuggets            vs Utah Jazz                 | [1mA.I.: 7.64[0m | Rating: 3.8 ⭐
  [96m 3. Paolo Banchero           [0m | [91mUNDER 1.5 3PT  [0m | Orlando Magic             vs Golden State Warriors     | [1mA.I.: 7.64[0m | Rating: 3.3 ⭐

[96mGenerating HTML report...[0m

[92m✓ HTML report saved: /Users/rico/sports-models/nba/nba_3pt_props.html[0m

[1m[92m================================================================================[0m
[1m[92m✓ Model execution complete![0m
[1m[92m================================================================================[0m

✅ Completed: nba_3pt_props at Mon Dec 22 02:50:11 EST 2025

📤 Auto-pushing model outputs to GitHub...
[main b4fdef7] Update model outputs - 2025-12-22 02:50:11
 Committer: Ricardo Hill <rico@Ricos-M1-Mac-2.local>
Your name and email address were configured automatically based
on your username and hostname. Please check that they are accurate.
You can suppress this message by setting them explicitly. Run the
following command and follow the instructions in your editor to edit
your configuration file:

    git config --global --edit

After doing this, you may fix the identity used for this commit with:

    git commit --amend --reset-author

 2 files changed, 104 insertions(+), 34 deletions(-)
To https://github.com/BangLetsGetIt/NBA-NCAA-Betting-Models.git
   0c3023d..b4fdef7  main -> main
✅ Successfully pushed to GitHub!
✅ Auto-push succeeded at Mon Dec 22 02:50:12 EST 2025
