==========================================
NBA Rebounds Props Model Run: Thu Dec 18 06:00:04 EST 2025
==========================================
Running NBA Rebounds Props model...

[1m[96m================================================================================[0m
[1m[96mNBA REBOUNDS PROPS A.I. MODEL[0m
[1m[96m================================================================================[0m

[96m==========================================================================================[0m
[96m🎯 GRADING PENDING PICKS[0m
[96m==========================================================================================[0m

[93m📋 Found 19 pending picks...[0m

[96m  Checking Mitchell Robinson (New York Knicks) on 2025-12-16...[0m
[93m  ⚠ Could not find stats for Mitchell Robinson on 2025-12-16 - will retry later[0m
[96m  Checking Julian Champagnie (San Antonio Spurs) on 2025-12-16...[0m
[93m  ⚠ Could not find stats for Julian Champagnie on 2025-12-16 - will retry later[0m
[96m  Checking Keldon Johnson (San Antonio Spurs) on 2025-12-16...[0m
[93m  ⚠ Could not find stats for Keldon Johnson on 2025-12-16 - will retry later[0m
[96m  Checking Victor Wembanyama (San Antonio Spurs) on 2025-12-16...[0m
[93m  ⚠ Could not find stats for Victor Wembanyama on 2025-12-16 - will retry later[0m
[96m  Checking Jarrett Allen (Cleveland Cavaliers) on 2025-12-17...[0m
    [92mWIN[0m: Jarrett Allen had 6 rebounds (line: 8.5, bet: UNDER) | Profit: 0.98 units
[96m  Checking Jock Landale (Minnesota Timberwolves) on 2025-12-17...[0m
    [91mLOSS[0m: Jock Landale had 10 rebounds (line: 6.5, bet: UNDER) | Profit: -1.00 units
[96m  Checking Rudy Gobert (Minnesota Timberwolves) on 2025-12-17...[0m
    [91mLOSS[0m: Rudy Gobert had 16 rebounds (line: 11.5, bet: UNDER) | Profit: -1.00 units

[92m✓ Graded 3 picks[0m

[96mFetching REAL NBA player rebounding statistics...[0m
[92m✓ Using cached player rebounding stats (less than 6 hours old)[0m

[96mFetching opponent rebounding factors...[0m
[92m✓ Fetched rebounding factors for 30 teams[0m

[96mFetching player rebounds prop odds...[0m
[96m  Found 12 upcoming games[0m
[96m  Filtered to 12 upcoming games[0m
[96m  Game 1/10: Atlanta Hawks @ Charlotte Hornets[0m
[96m  Game 2/10: New York Knicks @ Indiana Pacers[0m
[96m  Game 3/10: Miami Heat @ Brooklyn Nets[0m
[96m  Game 4/10: Houston Rockets @ New Orleans Pelicans[0m
[96m  Game 5/10: Los Angeles Clippers @ Oklahoma City Thunder[0m
[96m  Game 6/10: Toronto Raptors @ Milwaukee Bucks[0m
[96m  Game 7/10: Washington Wizards @ San Antonio Spurs[0m
[96m  Game 8/10: Detroit Pistons @ Dallas Mavericks[0m
[96m  Game 9/10: Orlando Magic @ Denver Nuggets[0m
[96m  Game 10/10: Golden State Warriors @ Phoenix Suns[0m
[92m✓ Fetched 119 player rebounds props (grouped)[0m

[96mAnalyzing 119 player props with REAL stats...[0m
[92m✓ Found 5 top OVER plays (A.I. Score >= 7.5)[0m
[92m✓ Found 4 top UNDER plays (A.I. Score >= 7.5)[0m
[93m  Skipped 5 props (no player stats found)[0m
[93m  Skipped 212 props (score below 7.5 or failed checks)[0m

[96m==========================================================================================[0m
[96m📊 TRACKING NEW PICKS[0m
[96m==========================================================================================[0m
[93m✓ Updated odds for 1 existing picks[0m

[1m[92m================================================================================[0m
[1m[92mTOP OVER PLAYS[0m
[1m[92m================================================================================[0m
  [96m 1. Daniel Gafford           [0m | [92mOVER 4.5 REB   [0m | Dallas Mavericks          vs Detroit Pistons           | [1mA.I.: 10.00[0m | Rating: 4.9 ⭐⭐
  [96m 2. Trey Murphy III          [0m | [92mOVER 4.5 REB   [0m | New Orleans Pelicans      vs Houston Rockets           | [1mA.I.: 9.94[0m | Rating: 4.9 ⭐⭐
  [96m 3. P.J. Washington          [0m | [92mOVER 6.5 REB   [0m | Dallas Mavericks          vs Detroit Pistons           | [1mA.I.: 9.09[0m | Rating: 4.9 ⭐⭐
  [96m 4. Alex Sarr                [0m | [92mOVER 6.5 REB   [0m | Washington Wizards        vs San Antonio Spurs         | [1mA.I.: 10.00[0m | Rating: 4.8 ⭐⭐
  [96m 5. LaMelo Ball              [0m | [92mOVER 4.5 REB   [0m | Charlotte Hornets         vs Atlanta Hawks             | [1mA.I.: 9.50[0m | Rating: 4.8 ⭐⭐

[1m[91m================================================================================[0m
[1m[91mTOP UNDER PLAYS[0m
[1m[91m================================================================================[0m
  [96m 1. Quinten Post             [0m | [91mUNDER 5.5 REB  [0m | Phoenix Suns              vs Golden State Warriors     | [1mA.I.: 10.00[0m | Rating: 4.4 ⭐⭐
  [96m 2. Jay Huff                 [0m | [91mUNDER 5.5 REB  [0m | Indiana Pacers            vs New York Knicks           | [1mA.I.: 9.71[0m | Rating: 4.3 ⭐⭐
  [96m 3. Andrew Nembhard          [0m | [91mUNDER 3.5 REB  [0m | Indiana Pacers            vs New York Knicks           | [1mA.I.: 10.00[0m | Rating: 3.6 ⭐
  [96m 4. Grayson Allen            [0m | [91mUNDER 3.5 REB  [0m | Phoenix Suns              vs Golden State Warriors     | [1mA.I.: 7.87[0m | Rating: 2.5 

[96mGenerating HTML report...[0m

[92m✓ HTML report saved: /Users/rico/sports-models/nba/nba_rebounds_props.html[0m

[1m[92m================================================================================[0m
[1m[92m✓ Model execution complete![0m
[1m[92m================================================================================[0m


==========================================
✅ Model completed successfully!
==========================================

📤 Pushing updates to GitHub...
