============================================================
Scheduler run: nba_rebounds_props
Time: Thu Dec 18 18:10:04 EST 2025
Working dir: /Users/rico/sports-models/nba
Script: nba_rebounds_props_model.py
============================================================

[1m[96m================================================================================[0m
[1m[96mNBA REBOUNDS PROPS A.I. MODEL[0m
[1m[96m================================================================================[0m

[96m==========================================================================================[0m
[96m🎯 GRADING PENDING PICKS[0m
[96m==========================================================================================[0m

[93m📋 Found 18 pending picks...[0m

[96m  Checking Mitchell Robinson (New York Knicks) on 2025-12-16...[0m
[93m  ⚠ Could not find stats for Mitchell Robinson on 2025-12-16 - will retry later[0m
[96m  Checking Julian Champagnie (San Antonio Spurs) on 2025-12-16...[0m
[93m  ⚠ Could not find stats for Julian Champagnie on 2025-12-16 - will retry later[0m
[96m  Checking Keldon Johnson (San Antonio Spurs) on 2025-12-16...[0m
[93m  ⚠ Could not find stats for Keldon Johnson on 2025-12-16 - will retry later[0m
[96m  Checking Victor Wembanyama (San Antonio Spurs) on 2025-12-16...[0m
[93m  ⚠ Could not find stats for Victor Wembanyama on 2025-12-16 - will retry later[0m

[93mNo picks ready for grading yet[0m

[96mFetching REAL NBA player rebounding statistics...[0m
[96m  Fetching season rebounding stats...[0m
[96m  Fetching recent form (last 10 games)...[0m
[92m✓ Fetched REAL rebounding stats for 500 players[0m

[96mFetching opponent rebounding factors...[0m
[92m✓ Using cached rebounding factors[0m

[96mFetching player rebounds prop odds...[0m
[96m  Found 13 upcoming games[0m
[96m  Filtered to 13 upcoming games[0m
[96m  Game 1/10: Atlanta Hawks @ Charlotte Hornets[0m
[96m  Game 2/10: New York Knicks @ Indiana Pacers[0m
[96m  Game 3/10: Miami Heat @ Brooklyn Nets[0m
[96m  Game 4/10: Houston Rockets @ New Orleans Pelicans[0m
[96m  Game 5/10: Los Angeles Clippers @ Oklahoma City Thunder[0m
[96m  Game 6/10: Toronto Raptors @ Milwaukee Bucks[0m
[96m  Game 7/10: Washington Wizards @ San Antonio Spurs[0m
[96m  Game 8/10: Detroit Pistons @ Dallas Mavericks[0m
[96m  Game 9/10: Orlando Magic @ Denver Nuggets[0m
[96m  Game 10/10: Golden State Warriors @ Phoenix Suns[0m
[92m✓ Fetched 133 player rebounds props (grouped)[0m

[96mAnalyzing 133 player props with REAL stats...[0m
[92m✓ Found 5 top OVER plays (A.I. Score >= 7.5)[0m
[92m✓ Found 5 top UNDER plays (A.I. Score >= 7.5)[0m
[93m  Skipped 5 props (no player stats found)[0m
[93m  Skipped 236 props (score below 7.5 or failed checks)[0m

[96m==========================================================================================[0m
[96m📊 TRACKING NEW PICKS[0m
[96m==========================================================================================[0m
[92m✓ Tracked 5 new picks[0m
[93m✓ Updated odds for 5 existing picks[0m

[1m[92m================================================================================[0m
[1m[92mTOP OVER PLAYS[0m
[1m[92m================================================================================[0m
  [96m 1. Saddiq Bey               [0m | [92mOVER 4.5 REB   [0m | New Orleans Pelicans      vs Houston Rockets           | [1mA.I.: 10.00[0m | Rating: 4.9 ⭐⭐
  [96m 2. Kel'el Ware              [0m | [92mOVER 8.5 REB   [0m | Miami Heat                vs Brooklyn Nets             | [1mA.I.: 10.00[0m | Rating: 4.9 ⭐⭐
  [96m 3. Ivica Zubac              [0m | [92mOVER 10.5 REB  [0m | Los Angeles Clippers      vs Oklahoma City Thunder     | [1mA.I.: 10.00[0m | Rating: 4.9 ⭐⭐
  [96m 4. Alex Sarr                [0m | [92mOVER 6.5 REB   [0m | Washington Wizards        vs San Antonio Spurs         | [1mA.I.: 10.00[0m | Rating: 4.9 ⭐⭐
  [96m 5. Keldon Johnson           [0m | [92mOVER 4.5 REB   [0m | San Antonio Spurs         vs Washington Wizards        | [1mA.I.: 10.00[0m | Rating: 4.9 ⭐⭐

[1m[91m================================================================================[0m
[1m[91mTOP UNDER PLAYS[0m
[1m[91m================================================================================[0m
  [96m 1. Ochai Agbaji             [0m | [91mUNDER 3.5 REB  [0m | Toronto Raptors           vs Milwaukee Bucks           | [1mA.I.: 10.00[0m | Rating: 4.9 ⭐⭐
  [96m 2. Sandro Mamukelashvili    [0m | [91mUNDER 6.5 REB  [0m | Milwaukee Bucks           vs Toronto Raptors           | [1mA.I.: 9.16[0m | Rating: 4.6 ⭐⭐
  [96m 3. Jordan Clarkson          [0m | [91mUNDER 3.5 REB  [0m | Indiana Pacers            vs New York Knicks           | [1mA.I.: 10.00[0m | Rating: 4.2 ⭐⭐
  [96m 4. Jay Huff                 [0m | [91mUNDER 5.5 REB  [0m | Indiana Pacers            vs New York Knicks           | [1mA.I.: 9.71[0m | Rating: 4.0 ⭐⭐
  [96m 5. Andrew Nembhard          [0m | [91mUNDER 3.5 REB  [0m | Indiana Pacers            vs New York Knicks           | [1mA.I.: 10.00[0m | Rating: 3.8 ⭐

[96mGenerating HTML report...[0m

[92m✓ HTML report saved: /Users/rico/sports-models/nba/nba_rebounds_props.html[0m

[1m[92m================================================================================[0m
[1m[92m✓ Model execution complete![0m
[1m[92m================================================================================[0m

✅ Completed: nba_rebounds_props at Thu Dec 18 18:10:12 EST 2025

📤 Auto-pushing model outputs to GitHub...
[main c8263b0] Update model outputs - 2025-12-18 18:10:12
 Committer: Ricardo Hill <rico@Ricos-M1-Mac-2.local>
Your name and email address were configured automatically based
on your username and hostname. Please check that they are accurate.
You can suppress this message by setting them explicitly. Run the
following command and follow the instructions in your editor to edit
your configuration file:

    git config --global --edit

After doing this, you may fix the identity used for this commit with:

    git commit --amend --reset-author

 2 files changed, 217 insertions(+), 118 deletions(-)
To https://github.com/BangLetsGetIt/NBA-NCAA-Betting-Models.git
   dcc43ff..c8263b0  main -> main
✅ Successfully pushed to GitHub!
✅ Auto-push succeeded at Thu Dec 18 18:10:13 EST 2025
