==========================================
NBA 3PT Props Model Run: Sun Dec 14 05:00:05 EST 2025
==========================================
Running NBA 3PT Props model...

[1m[96m================================================================================[0m
[1m[96mNBA 3-POINT PROPS A.I. MODEL[0m
[1m[96m================================================================================[0m

[96mChecking 5 pending picks...[0m
[96m  Checking Anthony Edwards (Minnesota Timberwolves) from 2025-12-12...[0m
[93m    Could not fetch stats, skipping...[0m
[96m  Checking Jalen Williams (Oklahoma City Thunder) from 2025-12-13...[0m
    [91mLOSS[0m: Jalen Williams made 2 3-pointers (line: 1.5, bet: UNDER)

[92mâœ“ Updated 1 picks[0m

[96mFetching REAL NBA player 3PT statistics...[0m
[92mâœ“ Using cached player stats (less than 6 hours old)[0m

[96mFetching opponent 3PT defense stats...[0m
[92mâœ“ Using cached defense stats[0m

[96mFetching player prop odds...[0m
[96m  Found 9 upcoming games[0m
[96m  Game 1/9: Washington Wizards @ Indiana Pacers - 18 props[0m
[96m  Game 2/9: Charlotte Hornets @ Cleveland Cavaliers - 18 props[0m
[96m  Game 3/9: Philadelphia 76ers @ Atlanta Hawks - 20 props[0m
[96m  Game 4/9: Milwaukee Bucks @ Brooklyn Nets - 20 props[0m
[96m  Game 5/9: New Orleans Pelicans @ Chicago Bulls - 18 props[0m
[96m  Game 6/9: Sacramento Kings @ Minnesota Timberwolves - 18 props[0m
[96m  Game 7/9: Los Angeles Lakers @ Phoenix Suns - 18 props[0m
[96m  Game 8/9: Golden State Warriors @ Portland Trail Blazers - 20 props[0m
[96m  Game 9/9: San Antonio Spurs @ New York Knicks - 22 props[0m
[92mâœ“ Fetched 172 total player props[0m
[93m  API requests remaining: 18426[0m

[96mAnalyzing 172 player props with REAL stats...[0m
[92mâœ“ Found 1 top OVER plays (A.I. Score >= 9.5)[0m
[92mâœ“ Found 2 top UNDER plays (A.I. Score >= 9.5)[0m
[93m  Skipped 8 props (no player stats found)[0m
[93m  Skipped 322 props (score below 9.5)[0m

[96mAuto-tracking picks with A.I. Score >= 9.7...[0m
[93m  No new picks to track (all already tracked)[0m

[1m[96m================================================================================[0m
[1m[96mTRACKING SUMMARY[0m
[1m[96m================================================================================[0m
Total Picks: 55 | Wins: 21 | Losses: 30 | Pending: 2
Win Rate: 41.2% | ROI: -10.89u (-19.8%)

[1m[92m================================================================================[0m
[1m[92mTOP OVER PLAYS[0m
[1m[92m================================================================================[0m
   [96m 1. De'Aaron Fox             [0m | [92mOVER 1.5 3PT   [0m | New York Knicks vs San Antonio Spurs | [1mA.I.: 9.50[0m | Rating: 2.6 

[1m[91m================================================================================[0m
[1m[91mTOP UNDER PLAYS[0m
[1m[91m================================================================================[0m
ðŸ“Š [96m 1. Darius Garland           [0m | [91mUNDER 2.5 3PT  [0m | Cleveland Cavaliers vs Charlotte Hornets | [1mA.I.: 10.00[0m | Rating: 4.9 â­â­
ðŸ“Š [96m 2. Keegan Murray            [0m | [91mUNDER 2.5 3PT  [0m | Sacramento Kings vs Minnesota Timberwolves | [1mA.I.: 10.00[0m | Rating: 4.9 â­â­

[93mðŸ“Š = Auto-tracked (A.I. Score >= 9.7)[0m

[96mGenerating HTML report...[0m

[92mâœ“ HTML report saved: /Users/rico/sports-models/nba/nba_3pt_props.html[0m

[1m[92m================================================================================[0m
[1m[92mâœ“ Model execution complete![0m
[1m[92m================================================================================[0m

[96mUpdating unified dashboard...[0m
[92mâœ“ Dashboard updated[0m


==========================================
âœ… Model completed successfully!
==========================================

ðŸ“¤ Pushing updates to GitHub...
