============================================================
Scheduler run: nba_rebounds_props
Time: Fri Dec 19 18:10:04 EST 2025
Working dir: /Users/rico/sports-models/nba
Script: nba_rebounds_props_model.py
============================================================

[1m[96m================================================================================[0m
[1m[96mNBA REBOUNDS PROPS A.I. MODEL[0m
[1m[96m================================================================================[0m

[96m==========================================================================================[0m
[96m🎯 GRADING PENDING PICKS[0m
[96m==========================================================================================[0m

[93m📋 Found 17 pending picks...[0m

  Fetching team stats to verify completed games for 2025-12-16...
[96m  Checking Mitchell Robinson (New York Knicks) on 2025-12-16...[0m
[93m  ⚠ Could not find stats for Mitchell Robinson on 2025-12-16 - will retry later[0m
[96m  Checking Julian Champagnie (San Antonio Spurs) on 2025-12-16...[0m
[93m  ⚠ Could not find stats for Julian Champagnie on 2025-12-16 - will retry later[0m
[96m  Checking Keldon Johnson (San Antonio Spurs) on 2025-12-16...[0m
[93m  ⚠ Could not find stats for Keldon Johnson on 2025-12-16 - will retry later[0m
[96m  Checking Victor Wembanyama (San Antonio Spurs) on 2025-12-16...[0m
[93m  ⚠ Could not find stats for Victor Wembanyama on 2025-12-16 - will retry later[0m
  Fetching team stats to verify completed games for 2025-12-19...

[93mNo picks ready for grading yet[0m

[96mFetching REAL NBA player rebounding statistics...[0m
[92m✓ Using cached player rebounding stats (less than 6 hours old)[0m

[96mFetching opponent rebounding factors...[0m
[92m✓ Using cached rebounding factors[0m

[96mFetching player rebounds prop odds...[0m
[96m  Found 8 upcoming games[0m
[96m  Filtered to 8 upcoming games[0m
[96m  Game 1/8: Miami Heat @ Boston Celtics[0m
[96m  Game 2/8: Philadelphia 76ers @ New York Knicks[0m
[96m  Game 3/8: San Antonio Spurs @ Atlanta Hawks[0m
[96m  Game 4/8: Chicago Bulls @ Cleveland Cavaliers[0m
[96m  Game 5/8: Oklahoma City Thunder @ Minnesota Timberwolves[0m
[96m  Game 6/8: Houston Rockets @ Denver Nuggets[0m
[96m  Game 7/8: Indiana Pacers @ New Orleans Pelicans[0m
[96m  Game 8/8: Phoenix Suns @ Golden State Warriors[0m
[92m✓ Fetched 54 player rebounds props (grouped)[0m

[96mAnalyzing 54 player props with REAL stats...[0m
[92m✓ Found 5 top OVER plays (A.I. Score >= 7.5)[0m
[92m✓ Found 5 top UNDER plays (A.I. Score >= 7.5)[0m
[93m  Skipped 1 props (no player stats found)[0m
[93m  Skipped 93 props (score below 7.5 or failed checks)[0m

[96m==========================================================================================[0m
[96m📊 TRACKING NEW PICKS[0m
[96m==========================================================================================[0m
[92m✓ Tracked 1 new picks[0m
[93m✓ Updated odds for 6 existing picks[0m

[1m[92m================================================================================[0m
[1m[92mTOP OVER PLAYS[0m
[1m[92m================================================================================[0m
  [96m 1. Isaiah Hartenstein       [0m | [92mOVER 8.5 REB   [0m | Oklahoma City Thunder     vs Minnesota Timberwolves    | [1mA.I.: 10.00[0m | Rating: 4.9 ⭐⭐
  [96m 2. Mitchell Robinson        [0m | [92mOVER 6.5 REB   [0m | New York Knicks           vs Philadelphia 76ers        | [1mA.I.: 10.00[0m | Rating: 4.6 ⭐⭐
  [96m 3. Julian Champagnie        [0m | [92mOVER 4.5 REB   [0m | Atlanta Hawks             vs San Antonio Spurs         | [1mA.I.: 7.97[0m | Rating: 4.4 ⭐⭐
  [96m 4. Matas Buzelis            [0m | [92mOVER 3.5 REB   [0m | Cleveland Cavaliers       vs Chicago Bulls             | [1mA.I.: 10.00[0m | Rating: 3.9 ⭐
  [96m 5. Tyrese Maxey             [0m | [92mOVER 3.5 REB   [0m | Philadelphia 76ers        vs New York Knicks           | [1mA.I.: 7.78[0m | Rating: 3.8 ⭐

[1m[91m================================================================================[0m
[1m[91mTOP UNDER PLAYS[0m
[1m[91m================================================================================[0m
  [96m 1. Jarrett Allen            [0m | [91mUNDER 9.5 REB  [0m | Cleveland Cavaliers       vs Chicago Bulls             | [1mA.I.: 9.59[0m | Rating: 4.9 ⭐⭐
  [96m 2. Neemias Queta            [0m | [91mUNDER 9.5 REB  [0m | Boston Celtics            vs Miami Heat                | [1mA.I.: 9.50[0m | Rating: 4.9 ⭐⭐
  [96m 3. Andre Drummond           [0m | [91mUNDER 11.5 REB [0m | Philadelphia 76ers        vs New York Knicks           | [1mA.I.: 10.00[0m | Rating: 4.6 ⭐⭐
  [96m 4. Onyeka Okongwu           [0m | [91mUNDER 8.5 REB  [0m | Atlanta Hawks             vs San Antonio Spurs         | [1mA.I.: 10.00[0m | Rating: 4.1 ⭐⭐
  [96m 5. Dean Wade                [0m | [91mUNDER 5.5 REB  [0m | Cleveland Cavaliers       vs Chicago Bulls             | [1mA.I.: 10.00[0m | Rating: 3.9 ⭐

[96mGenerating HTML report...[0m

[92m✓ HTML report saved: /Users/rico/sports-models/nba/nba_rebounds_props.html[0m

[1m[92m================================================================================[0m
[1m[92m✓ Model execution complete![0m
[1m[92m================================================================================[0m

✅ Completed: nba_rebounds_props at Fri Dec 19 18:10:08 EST 2025

📤 Auto-pushing model outputs to GitHub...
[main 226113a] Update model outputs - 2025-12-19 18:10:08
 Committer: Ricardo Hill <rico@Ricos-M1-Mac-2.local>
Your name and email address were configured automatically based
on your username and hostname. Please check that they are accurate.
You can suppress this message by setting them explicitly. Run the
following command and follow the instructions in your editor to edit
your configuration file:

    git config --global --edit

After doing this, you may fix the identity used for this commit with:

    git commit --amend --reset-author

 2 files changed, 144 insertions(+), 78 deletions(-)
To https://github.com/BangLetsGetIt/NBA-NCAA-Betting-Models.git
   92af4fc..226113a  main -> main
✅ Successfully pushed to GitHub!
✅ Auto-push succeeded at Fri Dec 19 18:10:09 EST 2025
