============================================================
Scheduler run: nba_rebounds_props
Time: Sun Dec 21 02:45:02 EST 2025
Working dir: /Users/rico/sports-models/nba
Script: nba_rebounds_props_model.py
============================================================

[1m[96m================================================================================[0m
[1m[96mNBA REBOUNDS PROPS A.I. MODEL[0m
[1m[96m================================================================================[0m

[96m==========================================================================================[0m
[96m🎯 GRADING PENDING PICKS[0m
[96m==========================================================================================[0m

[93m📋 Found 14 pending picks...[0m

  Fetching team stats to verify completed games for 2025-12-16...
[96m  Checking Mitchell Robinson (New York Knicks) on 2025-12-16...[0m
[93m  ⚠ Could not find stats for Mitchell Robinson on 2025-12-16 - will retry later[0m
[96m  Checking Julian Champagnie (San Antonio Spurs) on 2025-12-16...[0m
[93m  ⚠ Could not find stats for Julian Champagnie on 2025-12-16 - will retry later[0m
[96m  Checking Keldon Johnson (San Antonio Spurs) on 2025-12-16...[0m
[93m  ⚠ Could not find stats for Keldon Johnson on 2025-12-16 - will retry later[0m
[96m  Checking Victor Wembanyama (San Antonio Spurs) on 2025-12-16...[0m
[93m  ⚠ Could not find stats for Victor Wembanyama on 2025-12-16 - will retry later[0m
  Fetching team stats to verify completed games for 2025-12-20...
[96m  Checking Keegan Murray (Sacramento Kings) on 2025-12-20...[0m
    [91mLOSS[0m: Keegan Murray had 6 rebounds (line: 6.5, bet: OVER) | Profit: -1.00 units
[96m  Checking Donovan Clingan (Portland Trail Blazers) on 2025-12-20...[0m
    [92mWIN[0m: Donovan Clingan had 14 rebounds (line: 9.5, bet: OVER) | Profit: 0.67 units
[96m  Checking Maxime Raynaud (Sacramento Kings) on 2025-12-20...[0m
    [91mLOSS[0m: Maxime Raynaud had 11 rebounds (line: 8.5, bet: UNDER) | Profit: -1.00 units
[96m  Checking Keon Ellis (Sacramento Kings) on 2025-12-20...[0m
    [92mWIN[0m: Keon Ellis had 0 rebounds (line: 2.5, bet: UNDER) | Profit: 0.57 units
[96m  Checking Jaxson Hayes (Los Angeles Clippers) on 2025-12-20...[0m
    [92mWIN[0m: Jaxson Hayes had 5 rebounds (line: 5.5, bet: UNDER) | Profit: 0.65 units
  Fetching team stats to verify completed games for 2025-12-21...

[92m✓ Graded 5 picks[0m

[96mFetching REAL NBA player rebounding statistics...[0m
[92m✓ Using cached player rebounding stats (less than 6 hours old)[0m

[96mFetching opponent rebounding factors...[0m
[92m✓ Using cached rebounding factors[0m

[96mFetching player rebounds prop odds...[0m
[96m  Found 11 upcoming games[0m
[96m  Filtered to 11 upcoming games[0m
[96m  Game 1/10: Chicago Bulls @ Atlanta Hawks[0m
[96m  Game 2/10: Toronto Raptors @ Brooklyn Nets[0m
[96m  Game 3/10: Miami Heat @ New York Knicks[0m
[96m  Game 4/10: Milwaukee Bucks @ Minnesota Timberwolves[0m
[96m  Game 5/10: San Antonio Spurs @ Washington Wizards[0m
[96m  Game 6/10: Houston Rockets @ Sacramento Kings[0m
[96m  Game 7/10: Cleveland Cavaliers @ New York Knicks[0m
[96m  Game 8/10: San Antonio Spurs @ Oklahoma City Thunder[0m
[96m  Game 9/10: Dallas Mavericks @ Golden State Warriors[0m
[96m  Game 10/10: Houston Rockets @ Los Angeles Lakers[0m
[92m✓ Fetched 70 player rebounds props (grouped)[0m

[96mAnalyzing 70 player props with REAL stats...[0m
[92m✓ Found 0 top OVER plays (A.I. Score >= 10.0)[0m
[92m✓ Found 2 top UNDER plays (A.I. Score >= 10.0)[0m
[93m  Skipped 3 props (no player stats found)[0m
[93m  Skipped 132 props (score below 10.0 or failed checks)[0m

[96m==========================================================================================[0m
[96m📊 TRACKING NEW PICKS[0m
[96m==========================================================================================[0m
[93m✓ Updated odds for 2 existing picks[0m

[1m[92m================================================================================[0m
[1m[92mTOP OVER PLAYS[0m
[1m[92m================================================================================[0m

[1m[91m================================================================================[0m
[1m[91mTOP UNDER PLAYS[0m
[1m[91m================================================================================[0m
  [96m 1. Maxime Raynaud           [0m | [91mUNDER 7.5 REB  [0m | Sacramento Kings          vs Houston Rockets           | [1mA.I.: 10.00[0m | Rating: 4.9 ⭐⭐
  [96m 2. Bobby Portis             [0m | [91mUNDER 7.5 REB  [0m | Milwaukee Bucks           vs Minnesota Timberwolves    | [1mA.I.: 10.00[0m | Rating: 4.6 ⭐⭐

[96mGenerating HTML report...[0m

[92m✓ HTML report saved: /Users/rico/sports-models/nba/nba_rebounds_props.html[0m

[1m[92m================================================================================[0m
[1m[92m✓ Model execution complete![0m
[1m[92m================================================================================[0m

✅ Completed: nba_rebounds_props at Sun Dec 21 02:45:07 EST 2025

📤 Auto-pushing model outputs to GitHub...
[main 8a7a13e] Update model outputs - 2025-12-21 02:45:07
 Committer: Ricardo Hill <rico@Ricos-M1-Mac-2.local>
Your name and email address were configured automatically based
on your username and hostname. Please check that they are accurate.
You can suppress this message by setting them explicitly. Run the
following command and follow the instructions in your editor to edit
your configuration file:

    git config --global --edit

After doing this, you may fix the identity used for this commit with:

    git commit --amend --reset-author

 2 files changed, 78 insertions(+), 114 deletions(-)
To https://github.com/BangLetsGetIt/NBA-NCAA-Betting-Models.git
   1339d8b..8a7a13e  main -> main
✅ Successfully pushed to GitHub!
✅ Auto-push succeeded at Sun Dec 21 02:45:08 EST 2025
