============================================================
Scheduler run: nba_rebounds_props
Time: Tue Dec 16 15:10:04 EST 2025
Working dir: /Users/rico/sports-models/nba
Script: nba_rebounds_props_model.py
============================================================

[1m[96m================================================================================[0m
[1m[96mNBA REBOUNDS PROPS A.I. MODEL[0m
[1m[96m================================================================================[0m

[96m==========================================================================================[0m
[96m🎯 GRADING PENDING PICKS[0m
[96m==========================================================================================[0m

[93m📋 Found 13 pending picks...[0m

[93m  ⚠ Could not find stats for Kel'el Ware on 2025-12-16[0m
[93m  ⚠ Could not find stats for Steven Adams on 2025-12-16[0m
[93m  ⚠ Could not find stats for Ace Bailey on 2025-12-16[0m
[93m  ⚠ Could not find stats for Steven Adams on 2025-12-16[0m
[93m  ⚠ Could not find stats for Kyle Filipowski on 2025-12-16[0m
[93m  ⚠ Could not find stats for Daniel Gafford on 2025-12-16[0m
[93m  ⚠ Could not find stats for Steven Adams on 2025-12-16[0m
[93m  ⚠ Could not find stats for Cedric Coward on 2025-12-16[0m
[93m  ⚠ Could not find stats for Santi Aldama on 2025-12-16[0m
[93m  ⚠ Could not find stats for Bruce Brown on 2025-12-16[0m
[93m  ⚠ Could not find stats for Ivica Zubac on 2025-12-16[0m
[93m  ⚠ Could not find stats for Kawhi Leonard on 2025-12-16[0m

[93mNo picks ready for grading yet[0m

[96mFetching REAL NBA player rebounding statistics...[0m
[92m✓ Using cached player rebounding stats (less than 6 hours old)[0m

[96mFetching opponent rebounding factors...[0m
[92m✓ Using cached rebounding factors[0m

[96mFetching player rebounds prop odds...[0m
[96m  Found 3 upcoming games[0m
[96m  Game 1/3: San Antonio Spurs @ New York Knicks[0m
[96m  Game 2/3: Cleveland Cavaliers @ Chicago Bulls[0m
[96m  Game 3/3: Memphis Grizzlies @ Minnesota Timberwolves[0m
[92m✓ Fetched 29 player rebounds props (grouped)[0m

[96mAnalyzing 29 player props with REAL stats...[0m
[92m✓ Found 2 top OVER plays (A.I. Score >= 9.5)[0m
[92m✓ Found 0 top UNDER plays (A.I. Score >= 9.5)[0m
[93m  Skipped 1 props (no player stats found)[0m
[93m  Skipped 54 props (score below 9.5 or failed checks)[0m

[96m==========================================================================================[0m
[96m📊 TRACKING NEW PICKS[0m
[96m==========================================================================================[0m
[92m✓ Tracked 1 new picks[0m
[93m✓ Updated odds for 1 existing picks[0m

[1m[92m================================================================================[0m
[1m[92mTOP OVER PLAYS[0m
[1m[92m================================================================================[0m
  [96m 1. Mitchell Robinson        [0m | [92mOVER 6.5 REB   [0m | New York Knicks           vs San Antonio Spurs         | [1mA.I.: 10.00[0m | Rating: 4.9 ⭐⭐
  [96m 2. Julian Champagnie        [0m | [92mOVER 3.5 REB   [0m | New York Knicks           vs San Antonio Spurs         | [1mA.I.: 9.96[0m | Rating: 3.6 ⭐

[1m[91m================================================================================[0m
[1m[91mTOP UNDER PLAYS[0m
[1m[91m================================================================================[0m

[96mGenerating HTML report...[0m

[92m✓ HTML report saved: /Users/rico/sports-models/nba/nba_rebounds_props.html[0m

[1m[92m================================================================================[0m
[1m[92m✓ Model execution complete![0m
[1m[92m================================================================================[0m

✅ Completed: nba_rebounds_props at Tue Dec 16 15:10:07 EST 2025

📤 Auto-pushing model outputs to GitHub...
[main 6e55993] Update model outputs - 2025-12-16 15:10:07
 Committer: Ricardo Hill <rico@Ricos-M1-Mac-2.local>
Your name and email address were configured automatically based
on your username and hostname. Please check that they are accurate.
You can suppress this message by setting them explicitly. Run the
following command and follow the instructions in your editor to edit
your configuration file:

    git config --global --edit

After doing this, you may fix the identity used for this commit with:

    git commit --amend --reset-author

 2 files changed, 69 insertions(+), 4 deletions(-)
To https://github.com/BangLetsGetIt/NBA-NCAA-Betting-Models.git
   aae253a..6e55993  main -> main
✅ Successfully pushed to GitHub!
✅ Auto-push succeeded at Tue Dec 16 15:10:08 EST 2025
