============================================================
Scheduler run: nba_points_props
Time: Fri Dec 19 18:00:04 EST 2025
Working dir: /Users/rico/sports-models/nba
Script: nba_points_props_model.py
============================================================

[1m[96m================================================================================[0m
[1m[96mNBA POINTS PROPS A.I. MODEL[0m
[1m[96m================================================================================[0m

[96m==========================================================================================[0m
[96m🎯 GRADING PENDING PICKS (BATCH MODE)[0m
[96m==========================================================================================[0m

[93m📋 Found 23 pending picks...[0m


[96mProcessing 9 picks for 2025-12-16...[0m
[96m  Fetching batch stats for 12/16/2025...[0m
  Fetching team stats to verify completed games for 2025-12-16...
[93m  ⚠️  No stats found for 2025-12-16 yet[0m

[93mNo picks ready for grading yet[0m

[96mFetching REAL NBA player points statistics...[0m
[92m✓ Using cached player stats (less than 6 hours old)[0m

[96mFetching opponent defense factors...[0m
[92m✓ Using cached defense factors[0m

[96mFetching player points prop odds...[0m
[96m  Found 7 upcoming games[0m
[96m  Filtered to 7 upcoming games[0m
[96m  Game 1/7: Miami Heat @ Boston Celtics[0m
[96m  Game 2/7: Philadelphia 76ers @ New York Knicks[0m
[96m  Game 3/7: San Antonio Spurs @ Atlanta Hawks[0m
[96m  Game 4/7: Chicago Bulls @ Cleveland Cavaliers[0m
[96m  Game 5/7: Oklahoma City Thunder @ Minnesota Timberwolves[0m
[96m  Game 6/7: Houston Rockets @ Denver Nuggets[0m
[96m  Game 7/7: Phoenix Suns @ Golden State Warriors[0m
[92m✓ Fetched 138 total player props[0m

[96mAnalyzing 138 player props with REAL stats...[0m
[92m✓ Found 5 top OVER plays (A.I. Score >= 9.5)[0m
[92m✓ Found 5 top UNDER plays (A.I. Score >= 9.5)[0m
[93m  Skipped 4 props (no player stats found)[0m
[93m  Skipped 212 props (score below 9.5)[0m

[96m==========================================================================================[0m
[96m📊 TRACKING NEW PICKS[0m
[96m==========================================================================================[0m
[92m✓ Tracked 4 new picks[0m
[93m✓ Updated odds for 5 existing picks[0m

[1m[92m================================================================================[0m
[1m[92mTOP OVER PLAYS[0m
[1m[92m================================================================================[0m
  [96m 1. Andrew Wiggins           [0m | [92mOVER 13.5 PTS  [0m | Boston Celtics vs Miami Heat | [1mA.I.: 10.00[0m | Rating: 4.9 ⭐⭐
  [96m 2. Karl-Anthony Towns       [0m | [92mOVER 20.5 PTS  [0m | New York Knicks vs Philadelphia 76ers | [1mA.I.: 10.00[0m | Rating: 4.9 ⭐⭐
  [96m 3. Jalen Brunson            [0m | [92mOVER 26.5 PTS  [0m | New York Knicks vs Philadelphia 76ers | [1mA.I.: 10.00[0m | Rating: 4.9 ⭐⭐
  [96m 4. Harrison Barnes          [0m | [92mOVER 10.5 PTS  [0m | San Antonio Spurs vs Atlanta Hawks | [1mA.I.: 10.00[0m | Rating: 4.9 ⭐⭐
  [96m 5. De'Aaron Fox             [0m | [92mOVER 19.5 PTS  [0m | San Antonio Spurs vs Atlanta Hawks | [1mA.I.: 10.00[0m | Rating: 4.9 ⭐⭐

[1m[91m================================================================================[0m
[1m[91mTOP UNDER PLAYS[0m
[1m[91m================================================================================[0m
  [96m 1. Andre Drummond           [0m | [91mUNDER 8.5 PTS  [0m | Philadelphia 76ers vs New York Knicks | [1mA.I.: 10.00[0m | Rating: 4.9 ⭐⭐
  [96m 2. Dean Wade                [0m | [91mUNDER 7.5 PTS  [0m | Cleveland Cavaliers vs Chicago Bulls | [1mA.I.: 10.00[0m | Rating: 4.9 ⭐⭐
  [96m 3. Lonzo Ball               [0m | [91mUNDER 9.5 PTS  [0m | Chicago Bulls vs Cleveland Cavaliers | [1mA.I.: 10.00[0m | Rating: 4.9 ⭐⭐
  [96m 4. Darius Garland           [0m | [91mUNDER 23.5 PTS [0m | Cleveland Cavaliers vs Chicago Bulls | [1mA.I.: 9.63[0m | Rating: 4.9 ⭐⭐
  [96m 5. De'Andre Hunter          [0m | [91mUNDER 17.5 PTS [0m | Cleveland Cavaliers vs Chicago Bulls | [1mA.I.: 9.62[0m | Rating: 4.9 ⭐⭐

[96mGenerating HTML report...[0m

[92m✓ HTML report saved: /Users/rico/sports-models/nba/nba_points_props.html[0m

[1m[92m================================================================================[0m
[1m[92m✓ Model execution complete![0m
[1m[92m================================================================================[0m

✅ Completed: nba_points_props at Fri Dec 19 18:00:13 EST 2025

📤 Auto-pushing model outputs to GitHub...
[main b8b9c80] Update model outputs - 2025-12-19 18:00:13
 Committer: Ricardo Hill <rico@Ricos-M1-Mac-2.local>
Your name and email address were configured automatically based
on your username and hostname. Please check that they are accurate.
You can suppress this message by setting them explicitly. Run the
following command and follow the instructions in your editor to edit
your configuration file:

    git config --global --edit

After doing this, you may fix the identity used for this commit with:

    git commit --amend --reset-author

 2 files changed, 217 insertions(+), 33 deletions(-)
To https://github.com/BangLetsGetIt/NBA-NCAA-Betting-Models.git
   18e42bc..b8b9c80  main -> main
✅ Successfully pushed to GitHub!
✅ Auto-push succeeded at Fri Dec 19 18:00:14 EST 2025
