============================================================
Scheduler run: nba_points_props
Time: Sat Dec 20 18:00:05 EST 2025
Working dir: /Users/rico/sports-models/nba
Script: nba_points_props_model.py
============================================================

[1m[96m================================================================================[0m
[1m[96mNBA POINTS PROPS A.I. MODEL[0m
[1m[96m================================================================================[0m

[96m==========================================================================================[0m
[96m🎯 GRADING PENDING PICKS (BATCH MODE)[0m
[96m==========================================================================================[0m

[93m📋 Found 29 pending picks...[0m


[96mProcessing 9 picks for 2025-12-16...[0m
[96m  Fetching batch stats for 12/16/2025...[0m
  Fetching team stats to verify completed games for 2025-12-16...
[93m  ⚠️  No stats found for 2025-12-16 yet[0m

[93mNo picks ready for grading yet[0m

[96mFetching REAL NBA player points statistics...[0m
[96m  Fetching season points stats...[0m
[96m  Fetching recent form (last 10 games)...[0m
[92m✓ Fetched REAL stats for 501 players[0m

[96mFetching opponent defense factors...[0m
[92m✓ Fetched defense factors for 30 teams[0m

[96mFetching player points prop odds...[0m
[96m  Found 12 upcoming games[0m
[96m  Filtered to 11 upcoming games[0m
[96m  Game 1/10: Boston Celtics @ Toronto Raptors[0m
[96m  Game 2/10: Dallas Mavericks @ Philadelphia 76ers[0m
[96m  Game 3/10: Indiana Pacers @ New Orleans Pelicans[0m
[96m  Game 4/10: Charlotte Hornets @ Detroit Pistons[0m
[96m  Game 5/10: Washington Wizards @ Memphis Grizzlies[0m
[96m  Game 6/10: Phoenix Suns @ Golden State Warriors[0m
[96m  Game 7/10: Orlando Magic @ Utah Jazz[0m
[96m  Game 8/10: Portland Trail Blazers @ Sacramento Kings[0m
[96m  Game 9/10: Los Angeles Lakers @ Los Angeles Clippers[0m
[96m  Game 10/10: Chicago Bulls @ Atlanta Hawks[0m
[92m✓ Fetched 266 total player props[0m

[96mAnalyzing 266 player props with REAL stats...[0m
[92m✓ Found 5 top OVER plays (A.I. Score >= 9.5)[0m
[92m✓ Found 5 top UNDER plays (A.I. Score >= 9.5)[0m
[93m  Skipped 12 props (no player stats found)[0m
[93m  Skipped 420 props (score below 9.5)[0m

[96m==========================================================================================[0m
[96m📊 TRACKING NEW PICKS[0m
[96m==========================================================================================[0m
[92m✓ Tracked 3 new picks[0m
[93m✓ Updated odds for 2 existing picks[0m

[1m[92m================================================================================[0m
[1m[92mTOP OVER PLAYS[0m
[1m[92m================================================================================[0m
  [96m 1. Klay Thompson            [0m | [92mOVER 8.5 PTS   [0m | Philadelphia 76ers vs Dallas Mavericks | [1mA.I.: 10.00[0m | Rating: 4.9 ⭐⭐
  [96m 2. Max Christie             [0m | [92mOVER 7.5 PTS   [0m | Philadelphia 76ers vs Dallas Mavericks | [1mA.I.: 10.00[0m | Rating: 4.9 ⭐⭐
  [96m 3. P.J. Washington          [0m | [92mOVER 14.5 PTS  [0m | Dallas Mavericks vs Philadelphia 76ers | [1mA.I.: 10.00[0m | Rating: 4.9 ⭐⭐
  [96m 4. Trey Murphy III          [0m | [92mOVER 19.5 PTS  [0m | New Orleans Pelicans vs Indiana Pacers | [1mA.I.: 10.00[0m | Rating: 4.9 ⭐⭐
  [96m 5. Jarace Walker            [0m | [92mOVER 6.5 PTS   [0m | New Orleans Pelicans vs Indiana Pacers | [1mA.I.: 10.00[0m | Rating: 4.9 ⭐⭐

[1m[91m================================================================================[0m
[1m[91mTOP UNDER PLAYS[0m
[1m[91m================================================================================[0m
  [96m 1. Anfernee Simons          [0m | [91mUNDER 14.5 PTS [0m | Toronto Raptors vs Boston Celtics | [1mA.I.: 10.00[0m | Rating: 4.9 ⭐⭐
  [96m 2. Sam Hauser               [0m | [91mUNDER 10.5 PTS [0m | Boston Celtics vs Toronto Raptors | [1mA.I.: 10.00[0m | Rating: 4.9 ⭐⭐
  [96m 3. Payton Pritchard         [0m | [91mUNDER 19.5 PTS [0m | Boston Celtics vs Toronto Raptors | [1mA.I.: 10.00[0m | Rating: 4.9 ⭐⭐
  [96m 4. Sandro Mamukelashvili    [0m | [91mUNDER 13.5 PTS [0m | Toronto Raptors vs Boston Celtics | [1mA.I.: 10.00[0m | Rating: 4.9 ⭐⭐
  [96m 5. Ochai Agbaji             [0m | [91mUNDER 6.5 PTS  [0m | Toronto Raptors vs Boston Celtics | [1mA.I.: 10.00[0m | Rating: 4.9 ⭐⭐

[96mGenerating HTML report...[0m

[92m✓ HTML report saved: /Users/rico/sports-models/nba/nba_points_props.html[0m

[1m[92m================================================================================[0m
[1m[92m✓ Model execution complete![0m
[1m[92m================================================================================[0m

✅ Completed: nba_points_props at Sat Dec 20 18:00:44 EST 2025

📤 Auto-pushing model outputs to GitHub...
[main 8704528] Update model outputs - 2025-12-20 18:00:44
 Committer: Ricardo Hill <rico@Ricos-M1-Mac-2.local>
Your name and email address were configured automatically based
on your username and hostname. Please check that they are accurate.
You can suppress this message by setting them explicitly. Run the
following command and follow the instructions in your editor to edit
your configuration file:

    git config --global --edit

After doing this, you may fix the identity used for this commit with:

    git commit --amend --reset-author

 2 files changed, 163 insertions(+), 96 deletions(-)
To https://github.com/BangLetsGetIt/NBA-NCAA-Betting-Models.git
   bb8052c..8704528  main -> main
✅ Successfully pushed to GitHub!
✅ Auto-push succeeded at Sat Dec 20 18:00:45 EST 2025
