============================================================
Scheduler run: nba_rebounds_props
Time: Tue Dec 16 10:10:03 EST 2025
Working dir: /Users/rico/sports-models/nba
Script: nba_rebounds_props_model.py
============================================================

[1m[96m================================================================================[0m
[1m[96mNBA REBOUNDS PROPS A.I. MODEL[0m
[1m[96m================================================================================[0m

[96m==========================================================================================[0m
[96m🎯 GRADING PENDING PICKS[0m
[96m==========================================================================================[0m

[93m📋 Found 13 pending picks...[0m

[93m  ⚠ Could not find stats for Kel'el Ware on 2025-12-16[0m
[93m  ⚠ Could not find stats for Steven Adams on 2025-12-16[0m
[93m  ⚠ Could not find stats for Ace Bailey on 2025-12-16[0m
[93m  ⚠ Could not find stats for Steven Adams on 2025-12-16[0m
[93m  ⚠ Could not find stats for Kyle Filipowski on 2025-12-16[0m
[93m  ⚠ Could not find stats for Daniel Gafford on 2025-12-16[0m
[93m  ⚠ Could not find stats for Steven Adams on 2025-12-16[0m
[93m  ⚠ Could not find stats for Cedric Coward on 2025-12-16[0m
[93m  ⚠ Could not find stats for Santi Aldama on 2025-12-16[0m
[93m  ⚠ Could not find stats for Bruce Brown on 2025-12-16[0m
[93m  ⚠ Could not find stats for Ivica Zubac on 2025-12-16[0m
[93m  ⚠ Could not find stats for Kawhi Leonard on 2025-12-16[0m

[93mNo picks ready for grading yet[0m

[96mFetching REAL NBA player rebounding statistics...[0m
[96m  Fetching season rebounding stats...[0m
[96m  Fetching recent form (last 10 games)...[0m
[92m✓ Fetched REAL rebounding stats for 499 players[0m

[96mFetching opponent rebounding factors...[0m
[92m✓ Fetched rebounding factors for 30 teams[0m

[96mFetching player rebounds prop odds...[0m
[96m  Found 3 upcoming games[0m
[96m  Game 1/3: San Antonio Spurs @ New York Knicks[0m
[96m  Game 2/3: Cleveland Cavaliers @ Chicago Bulls[0m
[96m  Game 3/3: Memphis Grizzlies @ Minnesota Timberwolves[0m
[92m✓ Fetched 28 player rebounds props (grouped)[0m

[96mAnalyzing 28 player props with REAL stats...[0m
[92m✓ Found 1 top OVER plays (A.I. Score >= 9.5)[0m
[92m✓ Found 0 top UNDER plays (A.I. Score >= 9.5)[0m
[93m  Skipped 1 props (no player stats found)[0m
[93m  Skipped 53 props (score below 9.5 or failed checks)[0m

[96m==========================================================================================[0m
[96m📊 TRACKING NEW PICKS[0m
[96m==========================================================================================[0m
[96mNo new picks to track[0m

[1m[92m================================================================================[0m
[1m[92mTOP OVER PLAYS[0m
[1m[92m================================================================================[0m
  [96m 1. Mitchell Robinson        [0m | [92mOVER 6.5 REB   [0m | New York Knicks           vs San Antonio Spurs         | [1mA.I.: 10.00[0m | Rating: 4.9 ⭐⭐

[1m[91m================================================================================[0m
[1m[91mTOP UNDER PLAYS[0m
[1m[91m================================================================================[0m

[96mGenerating HTML report...[0m

[92m✓ HTML report saved: /Users/rico/sports-models/nba/nba_rebounds_props.html[0m

[1m[92m================================================================================[0m
[1m[92m✓ Model execution complete![0m
[1m[92m================================================================================[0m

✅ Completed: nba_rebounds_props at Tue Dec 16 10:10:13 EST 2025

📤 Auto-pushing model outputs to GitHub...
No changes to commit
✅ Auto-push succeeded at Tue Dec 16 10:10:13 EST 2025
