============================================================
Scheduler run: nba_assists_props
Time: Wed Dec 17 18:05:05 EST 2025
Working dir: /Users/rico/sports-models/nba
Script: nba_assists_props_model.py
============================================================

[1m[96m================================================================================[0m
[1m[96mNBA ASSISTS PROPS A.I. MODEL[0m
[1m[96m================================================================================[0m

[96m==========================================================================================[0m
[96m🎯 GRADING PENDING PICKS[0m
[96m==========================================================================================[0m

[93m📋 Found 9 pending picks...[0m

[93m  ⚠ Could not find stats for Ja Morant on 2025-12-16[0m
[93m  ⚠ Could not find stats for De'Aaron Fox on 2025-12-17[0m
[93m  ⚠ Could not find stats for Tyler Herro on 2025-12-16[0m
[93m  ⚠ Could not find stats for James Harden on 2025-12-16[0m
[93m  ⚠ Could not find stats for Alperen Sengun on 2025-12-16[0m
[93m  ⚠ Could not find stats for Kris Dunn on 2025-12-16[0m

[93mNo picks ready for grading yet[0m

[96mFetching REAL NBA player assists statistics...[0m
[92m✓ Using cached player assists stats (less than 6 hours old)[0m

[96mFetching opponent assists factors...[0m
[92m✓ Using cached assists factors[0m

[96mFetching player assists prop odds...[0m
[96m  Found 14 upcoming games[0m
[96m  Game 1/10: Cleveland Cavaliers @ Chicago Bulls[0m
[96m  Game 2/10: Memphis Grizzlies @ Minnesota Timberwolves[0m
[96m  Game 3/10: Atlanta Hawks @ Charlotte Hornets[0m
[96m  Game 4/10: New York Knicks @ Indiana Pacers[0m
[96m  Game 5/10: Miami Heat @ Brooklyn Nets[0m
[96m  Game 6/10: Houston Rockets @ New Orleans Pelicans[0m
[96m  Game 7/10: Los Angeles Clippers @ Oklahoma City Thunder[0m
[96m  Game 8/10: Toronto Raptors @ Milwaukee Bucks[0m
[96m  Game 9/10: Washington Wizards @ San Antonio Spurs[0m
[96m  Game 10/10: Detroit Pistons @ Dallas Mavericks[0m
[92m✓ Fetched 33 player assists props (grouped)[0m

[96mAnalyzing 33 player props with REAL stats...[0m
[92m✓ Found 2 top OVER plays (A.I. Score >= 7.5)[0m
[92m✓ Found 1 top UNDER plays (A.I. Score >= 7.5)[0m
[93m  Skipped 1 props (no player stats found)[0m
[93m  Skipped 61 props (score below 7.5 or failed checks)[0m

[96m==========================================================================================[0m
[96m📊 TRACKING NEW PICKS[0m
[96m==========================================================================================[0m
[92m✓ Tracked 1 new picks[0m
[93m✓ Updated odds for 2 existing picks[0m

[1m[92m================================================================================[0m
[1m[92mTOP OVER PLAYS[0m
[1m[92m================================================================================[0m
  [96m 1. Jalen Johnson            [0m | [92mOVER 6.5 AST   [0m | Atlanta Hawks             vs Charlotte Hornets         | [1mA.I.: 10.00[0m | Rating: 4.5 ⭐⭐
  [96m 2. Coby White               [0m | [92mOVER 3.5 AST   [0m | Chicago Bulls             vs Cleveland Cavaliers       | [1mA.I.: 9.12[0m | Rating: 2.9 

[1m[91m================================================================================[0m
[1m[91mTOP UNDER PLAYS[0m
[1m[91m================================================================================[0m
  [96m 1. Darius Garland           [0m | [91mUNDER 7.5 AST  [0m | Cleveland Cavaliers       vs Chicago Bulls             | [1mA.I.: 7.51[0m | Rating: 2.5 

[96mGenerating HTML report...[0m

[92m✓ HTML report saved: /Users/rico/sports-models/nba/nba_assists_props.html[0m

[1m[92m================================================================================[0m
[1m[92m✓ Model execution complete![0m
[1m[92m================================================================================[0m

✅ Completed: nba_assists_props at Wed Dec 17 18:05:09 EST 2025

📤 Auto-pushing model outputs to GitHub...
[main d6ad392] Update model outputs - 2025-12-17 18:05:09
 Committer: Ricardo Hill <rico@Ricos-M1-Mac-2.local>
Your name and email address were configured automatically based
on your username and hostname. Please check that they are accurate.
You can suppress this message by setting them explicitly. Run the
following command and follow the instructions in your editor to edit
your configuration file:

    git config --global --edit

After doing this, you may fix the identity used for this commit with:

    git commit --amend --reset-author

 2 files changed, 54 insertions(+), 33 deletions(-)
To https://github.com/BangLetsGetIt/NBA-NCAA-Betting-Models.git
   04cf800..d6ad392  main -> main
✅ Successfully pushed to GitHub!
✅ Auto-push succeeded at Wed Dec 17 18:05:10 EST 2025
