============================================================
Scheduler run: nba_rebounds_props
Time: Wed Dec 17 10:10:05 EST 2025
Working dir: /Users/rico/sports-models/nba
Script: nba_rebounds_props_model.py
============================================================

[1m[96m================================================================================[0m
[1m[96mNBA REBOUNDS PROPS A.I. MODEL[0m
[1m[96m================================================================================[0m

[96m==========================================================================================[0m
[96m🎯 GRADING PENDING PICKS[0m
[96m==========================================================================================[0m

[93m📋 Found 21 pending picks...[0m

[96m  Checking Kel'el Ware (Miami Heat) on 2025-12-16...[0m
[93m  ⚠ Could not find stats for Kel'el Ware on 2025-12-16 - will retry later[0m
[96m  Checking Mitchell Robinson (New York Knicks) on 2025-12-17...[0m
[93m  ⚠ Could not find stats for Mitchell Robinson on 2025-12-17 - will retry later[0m
[96m  Checking Steven Adams (Denver Nuggets) on 2025-12-16...[0m
[93m  ⚠ Could not find stats for Steven Adams on 2025-12-16 - will retry later[0m
[96m  Checking Ace Bailey (Utah Jazz) on 2025-12-16...[0m
[93m  ⚠ Could not find stats for Ace Bailey on 2025-12-16 - will retry later[0m
[96m  Checking Steven Adams (Denver Nuggets) on 2025-12-16...[0m
[93m  ⚠ Could not find stats for Steven Adams on 2025-12-16 - will retry later[0m
[96m  Checking Kyle Filipowski (Utah Jazz) on 2025-12-16...[0m
[93m  ⚠ Could not find stats for Kyle Filipowski on 2025-12-16 - will retry later[0m
[96m  Checking Daniel Gafford (Dallas Mavericks) on 2025-12-16...[0m
[93m  ⚠ Could not find stats for Daniel Gafford on 2025-12-16 - will retry later[0m
[96m  Checking Steven Adams (Denver Nuggets) on 2025-12-16...[0m
[93m  ⚠ Could not find stats for Steven Adams on 2025-12-16 - will retry later[0m
[96m  Checking Cedric Coward (Los Angeles Clippers) on 2025-12-16...[0m
[93m  ⚠ Could not find stats for Cedric Coward on 2025-12-16 - will retry later[0m
[96m  Checking Santi Aldama (Los Angeles Clippers) on 2025-12-16...[0m
[93m  ⚠ Could not find stats for Santi Aldama on 2025-12-16 - will retry later[0m
[96m  Checking Bruce Brown (Denver Nuggets) on 2025-12-16...[0m
[93m  ⚠ Could not find stats for Bruce Brown on 2025-12-16 - will retry later[0m
[96m  Checking Ivica Zubac (Los Angeles Clippers) on 2025-12-16...[0m
[93m  ⚠ Could not find stats for Ivica Zubac on 2025-12-16 - will retry later[0m
[96m  Checking Kawhi Leonard (Los Angeles Clippers) on 2025-12-16...[0m
[93m  ⚠ Could not find stats for Kawhi Leonard on 2025-12-16 - will retry later[0m
[96m  Checking Julian Champagnie (San Antonio Spurs) on 2025-12-17...[0m
[93m  ⚠ Could not find stats for Julian Champagnie on 2025-12-17 - will retry later[0m
[96m  Checking Keldon Johnson (San Antonio Spurs) on 2025-12-17...[0m
[93m  ⚠ Could not find stats for Keldon Johnson on 2025-12-17 - will retry later[0m
[96m  Checking Victor Wembanyama (San Antonio Spurs) on 2025-12-17...[0m
[93m  ⚠ Could not find stats for Victor Wembanyama on 2025-12-17 - will retry later[0m

[93mNo picks ready for grading yet[0m

[96mFetching REAL NBA player rebounding statistics...[0m
[92m✓ Using cached player rebounding stats (less than 6 hours old)[0m

[96mFetching opponent rebounding factors...[0m
[92m✓ Using cached rebounding factors[0m

[96mFetching player rebounds prop odds...[0m
[96m  Found 12 upcoming games[0m
[96m  Game 1/10: Cleveland Cavaliers @ Chicago Bulls[0m
[96m  Game 2/10: Memphis Grizzlies @ Minnesota Timberwolves[0m
[96m  Game 3/10: Atlanta Hawks @ Charlotte Hornets[0m
[96m  Game 4/10: Miami Heat @ Brooklyn Nets[0m
[96m  Game 5/10: Houston Rockets @ New Orleans Pelicans[0m
[96m  Game 6/10: Los Angeles Clippers @ Oklahoma City Thunder[0m
[96m  Game 7/10: Toronto Raptors @ Milwaukee Bucks[0m
[96m  Game 8/10: Detroit Pistons @ Dallas Mavericks[0m
[96m  Game 9/10: Orlando Magic @ Denver Nuggets[0m
[96m  Game 10/10: Golden State Warriors @ Phoenix Suns[0m
[92m✓ Fetched 49 player rebounds props (grouped)[0m

[96mAnalyzing 49 player props with REAL stats...[0m
[92m✓ Found 1 top OVER plays (A.I. Score >= 7.5)[0m
[92m✓ Found 3 top UNDER plays (A.I. Score >= 7.5)[0m
[93m  Skipped 2 props (no player stats found)[0m
[93m  Skipped 90 props (score below 7.5 or failed checks)[0m

[96m==========================================================================================[0m
[96m📊 TRACKING NEW PICKS[0m
[96m==========================================================================================[0m
[93m✓ Updated odds for 1 existing picks[0m

[1m[92m================================================================================[0m
[1m[92mTOP OVER PLAYS[0m
[1m[92m================================================================================[0m
  [96m 1. Devin Booker             [0m | [92mOVER 3.5 REB   [0m | Phoenix Suns              vs Golden State Warriors     | [1mA.I.: 8.30[0m | Rating: 3.6 ⭐

[1m[91m================================================================================[0m
[1m[91mTOP UNDER PLAYS[0m
[1m[91m================================================================================[0m
  [96m 1. Jarrett Allen            [0m | [91mUNDER 9.5 REB  [0m | Cleveland Cavaliers       vs Chicago Bulls             | [1mA.I.: 9.57[0m | Rating: 4.8 ⭐⭐
  [96m 2. Jock Landale             [0m | [91mUNDER 6.5 REB  [0m | Minnesota Timberwolves    vs Memphis Grizzlies         | [1mA.I.: 10.00[0m | Rating: 4.7 ⭐⭐
  [96m 3. Rudy Gobert              [0m | [91mUNDER 11.5 REB [0m | Minnesota Timberwolves    vs Memphis Grizzlies         | [1mA.I.: 9.01[0m | Rating: 2.8 

[96mGenerating HTML report...[0m

[92m✓ HTML report saved: /Users/rico/sports-models/nba/nba_rebounds_props.html[0m

[1m[92m================================================================================[0m
[1m[92m✓ Model execution complete![0m
[1m[92m================================================================================[0m

✅ Completed: nba_rebounds_props at Wed Dec 17 10:10:11 EST 2025

📤 Auto-pushing model outputs to GitHub...
[main 85e428d] Update model outputs - 2025-12-17 10:10:11
 Committer: Ricardo Hill <rico@Ricos-M1-Mac-2.local>
Your name and email address were configured automatically based
on your username and hostname. Please check that they are accurate.
You can suppress this message by setting them explicitly. Run the
following command and follow the instructions in your editor to edit
your configuration file:

    git config --global --edit

After doing this, you may fix the identity used for this commit with:

    git commit --amend --reset-author

 2 files changed, 4 insertions(+), 4 deletions(-)
To https://github.com/BangLetsGetIt/NBA-NCAA-Betting-Models.git
   1284149..85e428d  main -> main
✅ Successfully pushed to GitHub!
✅ Auto-push succeeded at Wed Dec 17 10:10:12 EST 2025
