==========================================
NBA Rebounds Props Model Run: Sun Dec 14 06:00:05 EST 2025
==========================================
Running NBA Rebounds Props model...

[1m[96m================================================================================[0m
[1m[96mNBA REBOUNDS PROPS A.I. MODEL[0m
[1m[96m================================================================================[0m

[96mChecking 20 pending picks...[0m
[96m  Checking Nicolas Claxton (Brooklyn Nets) from 2025-12-12...[0m
[93m    Could not find player Nicolas Claxton in NBA API[0m
[93m    Could not fetch stats, skipping...[0m
[96m  Checking Isaiah Hartenstein (Oklahoma City Thunder) from 2025-12-13...[0m
    [92mWIN[0m: Isaiah Hartenstein had 9.0 rebounds (line: 8.5, bet: OVER)
[96m  Checking Victor Wembanyama (San Antonio Spurs) from 2025-12-13...[0m
    [92mWIN[0m: Victor Wembanyama had 9.0 rebounds (line: 8.5, bet: OVER)
[96m  Checking Isaiah Hartenstein (Oklahoma City Thunder) from 2025-12-13...[0m
    [92mWIN[0m: Isaiah Hartenstein had 9.0 rebounds (line: 7.5, bet: OVER)

[92mâœ“ Re-verified 3 picks[0m

[96mFetching REAL NBA player rebounding statistics...[0m
[92mâœ“ Using cached player stats (less than 6 hours old)[0m

[96mFetching opponent rebounding factors...[0m
[92mâœ“ Using cached rebounding factors[0m

[96mFetching player rebounds prop odds...[0m
[96m  Found 9 upcoming games[0m
[96m  Game 1/9: Washington Wizards @ Indiana Pacers[0m
[96m  Game 2/9: Charlotte Hornets @ Cleveland Cavaliers[0m
[96m  Game 3/9: Philadelphia 76ers @ Atlanta Hawks[0m
[96m  Game 4/9: Milwaukee Bucks @ Brooklyn Nets[0m
[96m  Game 5/9: New Orleans Pelicans @ Chicago Bulls[0m
[96m  Game 6/9: Sacramento Kings @ Minnesota Timberwolves[0m
[96m  Game 7/9: Los Angeles Lakers @ Phoenix Suns[0m
[96m  Game 8/9: Golden State Warriors @ Portland Trail Blazers[0m
[96m  Game 9/9: San Antonio Spurs @ New York Knicks[0m
[92mâœ“ Fetched 222 total player props[0m

[96mAnalyzing 222 player props with REAL stats...[0m
[92mâœ“ Found 5 top OVER plays (A.I. Score >= 9.5)[0m
[92mâœ“ Found 5 top UNDER plays (A.I. Score >= 9.5)[0m
[93m  Skipped 10 props (no player stats found)[0m
[93m  Skipped 390 props (score below 9.5)[0m

[96mAuto-tracking picks with A.I. Score >= 9.7...[0m
[93m  No new picks to track[0m

[1m[96m================================================================================[0m
[1m[96mTRACKING SUMMARY[0m
[1m[96m================================================================================[0m
Total Picks: 49 | Wins: 15 | Losses: 17 | Pending: 10
Win Rate: 46.9% | ROI: -3.35u (-6.8%)

[1m[92m================================================================================[0m
[1m[92mTOP OVER PLAYS[0m
[1m[92m================================================================================[0m
ðŸ“Š [96m 1. Jarace Walker            [0m | [92mOVER 3.5 REB   [0m | Indiana Pacers vs Washington Wizards | [1mA.I.: 10.00[0m | Rating: 4.9 â­â­
ðŸ“Š [96m 2. Jalen Smith              [0m | [92mOVER 4.5 REB   [0m | Chicago Bulls vs New Orleans Pelicans | [1mA.I.: 10.00[0m | Rating: 4.9 â­â­
ðŸ“Š [96m 3. Mitchell Robinson        [0m | [92mOVER 6.5 REB   [0m | New York Knicks vs San Antonio Spurs | [1mA.I.: 10.00[0m | Rating: 4.9 â­â­
ðŸ“Š [96m 4. Victor Wembanyama        [0m | [92mOVER 10.5 REB  [0m | San Antonio Spurs vs New York Knicks | [1mA.I.: 10.00[0m | Rating: 4.9 â­â­
ðŸ“Š [96m 5. Stephon Castle           [0m | [92mOVER 4.5 REB   [0m | San Antonio Spurs vs New York Knicks | [1mA.I.: 10.00[0m | Rating: 4.0 â­â­

[1m[91m================================================================================[0m
[1m[91mTOP UNDER PLAYS[0m
[1m[91m================================================================================[0m
ðŸ“Š [96m 1. Andrew Nembhard          [0m | [91mUNDER 3.5 REB  [0m | Indiana Pacers vs Washington Wizards | [1mA.I.: 10.00[0m | Rating: 4.9 â­â­
ðŸ“Š [96m 2. Jay Huff                 [0m | [91mUNDER 5.5 REB  [0m | Indiana Pacers vs Washington Wizards | [1mA.I.: 10.00[0m | Rating: 4.9 â­â­
ðŸ“Š [96m 3. Jarrett Allen            [0m | [91mUNDER 9.5 REB  [0m | Cleveland Cavaliers vs Charlotte Hornets | [1mA.I.: 10.00[0m | Rating: 4.9 â­â­
ðŸ“Š [96m 4. Miles Bridges            [0m | [91mUNDER 7.5 REB  [0m | Charlotte Hornets vs Cleveland Cavaliers | [1mA.I.: 10.00[0m | Rating: 4.9 â­â­
ðŸ“Š [96m 5. Joel Embiid              [0m | [91mUNDER 8.5 REB  [0m | Philadelphia 76ers vs Atlanta Hawks | [1mA.I.: 10.00[0m | Rating: 4.9 â­â­

[93mðŸ“Š = Auto-tracked (A.I. Score >= 9.7)[0m

[96mGenerating HTML report...[0m

[92mâœ“ HTML report saved: /Users/rico/sports-models/nba/nba_rebounds_props.html[0m

[1m[92m================================================================================[0m
[1m[92mâœ“ Model execution complete![0m
[1m[92m================================================================================[0m


==========================================
âœ… Model completed successfully!
==========================================

ðŸ“¤ Pushing updates to GitHub...
