==========================================
NBA 3PT Props Model Run: Fri Dec 12 05:00:04 EST 2025
==========================================
Running NBA 3PT Props model...

[1m[96m================================================================================[0m
[1m[96mNBA 3-POINT PROPS A.I. MODEL[0m
[1m[96m================================================================================[0m

[96mChecking 5 pending picks...[0m
[92m✓ Updated 1 picks[0m

[96mFetching REAL NBA player 3PT statistics...[0m
[92m✓ Using cached player stats (less than 6 hours old)[0m

[96mFetching opponent 3PT defense stats...[0m
[92m✓ Using cached defense stats[0m

[96mFetching player prop odds...[0m
[96m  Found 9 upcoming games[0m
[96m  Game 1/9: Atlanta Hawks @ Detroit Pistons - 20 props[0m
[96m  Game 2/9: Chicago Bulls @ Charlotte Hornets - 18 props[0m
[96m  Game 3/9: Cleveland Cavaliers @ Washington Wizards - 20 props[0m
[96m  Game 4/9: Indiana Pacers @ Philadelphia 76ers - 18 props[0m
[96m  Game 5/9: Utah Jazz @ Memphis Grizzlies - 24 props[0m
[96m  Game 6/9: Brooklyn Nets @ Dallas Mavericks - 18 props[0m
[96m  Game 7/9: Minnesota Timberwolves @ Golden State Warriors - 20 props[0m
[96m  Game 8/9: New York Knicks @ Orlando Magic - 24 props[0m
[96m  Game 9/9: San Antonio Spurs @ Oklahoma City Thunder - 24 props[0m
[92m✓ Fetched 186 total player props[0m
[93m  API requests remaining: 32[0m

[96mAnalyzing 186 player props with REAL stats...[0m
[92m✓ Found 2 top OVER plays (A.I. Score >= 9.5)[0m
[92m✓ Found 5 top UNDER plays (A.I. Score >= 9.5)[0m
[93m  Skipped 6 props (no player stats found)[0m
[93m  Skipped 346 props (score below 9.5)[0m

[96mAuto-tracking picks with A.I. Score >= 9.7...[0m
[93m  No new picks to track (all already tracked)[0m

[1m[96m================================================================================[0m
[1m[96mTRACKING SUMMARY[0m
[1m[96m================================================================================[0m
Total Picks: 43 | Wins: 14 | Losses: 25 | Pending: 4
Win Rate: 35.9% | ROI: -12.26u (-28.5%)

[1m[92m================================================================================[0m
[1m[92mTOP OVER PLAYS[0m
[1m[92m================================================================================[0m
📊 [96m 1. Anthony Edwards          [0m | [92mOVER 2.5 3PT   [0m | Minnesota Timberwolves vs Golden State Warriors | [1mA.I.: 10.00[0m
   [96m 2. Max Christie             [0m | [92mOVER 1.5 3PT   [0m | Dallas Mavericks vs Brooklyn Nets | [1mA.I.: 9.50[0m

[1m[91m================================================================================[0m
[1m[91mTOP UNDER PLAYS[0m
[1m[91m================================================================================[0m
📊 [96m 1. Brandon Miller           [0m | [91mUNDER 3.5 3PT  [0m | Charlotte Hornets vs Chicago Bulls | [1mA.I.: 10.00[0m
📊 [96m 2. Jalen Williams           [0m | [91mUNDER 1.5 3PT  [0m | Oklahoma City Thunder vs San Antonio Spurs | [1mA.I.: 10.00[0m
📊 [96m 3. Ja Morant                [0m | [91mUNDER 1.5 3PT  [0m | Memphis Grizzlies vs Utah Jazz | [1mA.I.: 9.70[0m
   [96m 4. Cooper Flagg             [0m | [91mUNDER 1.5 3PT  [0m | Dallas Mavericks vs Brooklyn Nets | [1mA.I.: 9.69[0m
   [96m 5. Joel Embiid              [0m | [91mUNDER 1.5 3PT  [0m | Philadelphia 76ers vs Indiana Pacers | [1mA.I.: 9.68[0m

[93m📊 = Auto-tracked (A.I. Score >= 9.7)[0m

[96mGenerating HTML report...[0m

[92m✓ HTML report saved: /Users/rico/sports-models/nba/nba_3pt_props.html[0m

[1m[92m================================================================================[0m
[1m[92m✓ Model execution complete![0m
[1m[92m================================================================================[0m

[96mUpdating unified dashboard...[0m
[92m✓ Dashboard updated[0m


==========================================
✅ Model completed successfully!
==========================================

📤 Pushing updates to GitHub...
