==========================================
NBA Rebounds Props Model Run: Fri Dec 19 06:00:03 EST 2025
==========================================
Running NBA Rebounds Props model...

[1m[96m================================================================================[0m
[1m[96mNBA REBOUNDS PROPS A.I. MODEL[0m
[1m[96m================================================================================[0m

[96m==========================================================================================[0m
[96m🎯 GRADING PENDING PICKS[0m
[96m==========================================================================================[0m

[93m📋 Found 12 pending picks...[0m

  Fetching team stats to verify completed games for 2025-12-16...
[96m  Checking Mitchell Robinson (New York Knicks) on 2025-12-16...[0m
[93m  ⚠ Could not find stats for Mitchell Robinson on 2025-12-16 - will retry later[0m
[96m  Checking Julian Champagnie (San Antonio Spurs) on 2025-12-16...[0m
[93m  ⚠ Could not find stats for Julian Champagnie on 2025-12-16 - will retry later[0m
[96m  Checking Keldon Johnson (San Antonio Spurs) on 2025-12-16...[0m
[93m  ⚠ Could not find stats for Keldon Johnson on 2025-12-16 - will retry later[0m
[96m  Checking Victor Wembanyama (San Antonio Spurs) on 2025-12-16...[0m
[93m  ⚠ Could not find stats for Victor Wembanyama on 2025-12-16 - will retry later[0m
  Fetching team stats to verify completed games for 2025-12-19...

[93mNo picks ready for grading yet[0m

[96mFetching REAL NBA player rebounding statistics...[0m
[92m✓ Using cached player rebounding stats (less than 6 hours old)[0m

[96mFetching opponent rebounding factors...[0m
[92m✓ Using cached rebounding factors[0m

[96mFetching player rebounds prop odds...[0m
[96m  Found 5 upcoming games[0m
[96m  Filtered to 5 upcoming games[0m
[96m  Game 1/5: Miami Heat @ Boston Celtics[0m
[96m  Game 2/5: Philadelphia 76ers @ New York Knicks[0m
[96m  Game 3/5: San Antonio Spurs @ Atlanta Hawks[0m
[96m  Game 4/5: Chicago Bulls @ Cleveland Cavaliers[0m
[96m  Game 5/5: Oklahoma City Thunder @ Minnesota Timberwolves[0m
[92m✓ Fetched 60 player rebounds props (grouped)[0m

[96mAnalyzing 60 player props with REAL stats...[0m
[92m✓ Found 5 top OVER plays (A.I. Score >= 7.5)[0m
[92m✓ Found 2 top UNDER plays (A.I. Score >= 7.5)[0m
[93m  Skipped 2 props (no player stats found)[0m
[93m  Skipped 107 props (score below 7.5 or failed checks)[0m

[96m==========================================================================================[0m
[96m📊 TRACKING NEW PICKS[0m
[96m==========================================================================================[0m
[96mNo new picks to track[0m

[1m[92m================================================================================[0m
[1m[92mTOP OVER PLAYS[0m
[1m[92m================================================================================[0m
  [96m 1. Isaiah Hartenstein       [0m | [92mOVER 8.5 REB   [0m | Oklahoma City Thunder     vs Minnesota Timberwolves    | [1mA.I.: 10.00[0m | Rating: 4.9 ⭐⭐
  [96m 2. Tyrese Maxey             [0m | [92mOVER 3.5 REB   [0m | Philadelphia 76ers        vs New York Knicks           | [1mA.I.: 7.78[0m | Rating: 4.4 ⭐⭐
  [96m 3. Matas Buzelis            [0m | [92mOVER 3.5 REB   [0m | Cleveland Cavaliers       vs Chicago Bulls             | [1mA.I.: 10.00[0m | Rating: 3.9 ⭐
  [96m 4. Naz Reid                 [0m | [92mOVER 5.5 REB   [0m | Minnesota Timberwolves    vs Oklahoma City Thunder     | [1mA.I.: 8.05[0m | Rating: 3.8 ⭐
  [96m 5. Bam Adebayo              [0m | [92mOVER 8.5 REB   [0m | Miami Heat                vs Boston Celtics            | [1mA.I.: 8.73[0m | Rating: 3.5 ⭐

[1m[91m================================================================================[0m
[1m[91mTOP UNDER PLAYS[0m
[1m[91m================================================================================[0m
  [96m 1. Jarrett Allen            [0m | [91mUNDER 9.5 REB  [0m | Cleveland Cavaliers       vs Chicago Bulls             | [1mA.I.: 9.59[0m | Rating: 4.1 ⭐⭐
  [96m 2. Onyeka Okongwu           [0m | [91mUNDER 8.5 REB  [0m | Atlanta Hawks             vs San Antonio Spurs         | [1mA.I.: 10.00[0m | Rating: 4.0 ⭐⭐

[96mGenerating HTML report...[0m

[92m✓ HTML report saved: /Users/rico/sports-models/nba/nba_rebounds_props.html[0m

[1m[92m================================================================================[0m
[1m[92m✓ Model execution complete![0m
[1m[92m================================================================================[0m


==========================================
✅ Model completed successfully!
==========================================

📤 Pushing updates to GitHub...
