============================================================
Scheduler run: nba_points_props
Time: Mon Dec 15 18:00:05 EST 2025
Working dir: /Users/rico/sports-models/nba
Script: nba_points_props_model.py
============================================================

[1m[96m================================================================================[0m
[1m[96mNBA POINTS PROPS A.I. MODEL[0m
[1m[96m================================================================================[0m

[96m==========================================================================================[0m
[96m🎯 GRADING PENDING PICKS[0m
[96m==========================================================================================[0m

[93m📋 Found 75 pending picks...[0m

[93m  ⚠ Could not find stats for Tyrese Maxey on 2025-12-13[0m
[93m  ⚠ Could not find stats for Brandon Williams on 2025-12-13[0m
[93m  ⚠ Could not find stats for Brandon Williams on 2025-12-13[0m
[93m    Could not find player Carlton Carrington in NBA API[0m
[93m  ⚠ Could not find stats for Carlton Carrington on 2025-12-14[0m
[93m  ⚠ Could not find stats for Trey Murphy III on 2025-12-15[0m
[93m  ⚠ Could not find stats for Zion Williamson on 2025-12-15[0m
[93m  ⚠ Could not find stats for Jordan Poole on 2025-12-15[0m
[93m  ⚠ Could not find stats for Jeremiah Fears on 2025-12-15[0m
[93m    Could not find player Carlton Carrington in NBA API[0m
[93m  ⚠ Could not find stats for Carlton Carrington on 2025-12-14[0m
[93m  ⚠ Could not find stats for Jordan Poole on 2025-12-15[0m
[93m  ⚠ Could not find stats for Isaac Okoro on 2025-12-15[0m
[93m  ⚠ Could not find stats for Keegan Murray on 2025-12-15[0m
[93m  ⚠ Could not find stats for Josh Giddey on 2025-12-15[0m
[93m  ⚠ Could not find stats for Zion Williamson on 2025-12-15[0m
[93m  ⚠ Could not find stats for Jordan Poole on 2025-12-15[0m
[93m  ⚠ Could not find stats for Kevin Porter Jr. on 2025-12-14[0m
[93m  ⚠ Could not find stats for Keegan Murray on 2025-12-15[0m
[93m  ⚠ Could not find stats for Malik Monk on 2025-12-15[0m
[93m  ⚠ Could not find stats for Trey Murphy III on 2025-12-15[0m
[93m  ⚠ Could not find stats for Trey Murphy III on 2025-12-15[0m
[93m  ⚠ Could not find stats for Josh Giddey on 2025-12-15[0m
[93m  ⚠ Could not find stats for Coby White on 2025-12-15[0m
[93m  ⚠ Could not find stats for Keegan Murray on 2025-12-15[0m
[93m  Error fetching stats from NBA API for Trey Murphy III: HTTPSConnectionPool(host='stats.nba.com', port=443): Read timed out. (read timeout=30)[0m
[93m  ⚠ Could not find stats for Trey Murphy III on 2025-12-15[0m
[93m  ⚠ Could not find stats for Josh Giddey on 2025-12-15[0m
[93m  ⚠ Could not find stats for Zion Williamson on 2025-12-15[0m
[93m  ⚠ Could not find stats for Naz Reid on 2025-12-15[0m
[93m  ⚠ Could not find stats for DeMar DeRozan on 2025-12-15[0m
[93m  ⚠ Could not find stats for Jaden McDaniels on 2025-12-15[0m
[93m  ⚠ Could not find stats for Julius Randle on 2025-12-15[0m
[93m  ⚠ Could not find stats for Donte DiVincenzo on 2025-12-15[0m
[93m    Could not find player Jimmy Butler in NBA API[0m
[93m  ⚠ Could not find stats for Jimmy Butler on 2025-12-15[0m
[93m  ⚠ Could not find stats for Donovan Clingan on 2025-12-15[0m
[93m  ⚠ Could not find stats for Mark Williams on 2025-12-15[0m
[93m  ⚠ Could not find stats for LeBron James on 2025-12-15[0m
[93m  ⚠ Could not find stats for Devin Booker on 2025-12-15[0m
[93m  ⚠ Could not find stats for Stephen Curry on 2025-12-15[0m
[93m  ⚠ Could not find stats for Draymond Green on 2025-12-15[0m
[93m  ⚠ Could not find stats for Donovan Clingan on 2025-12-15[0m
[93m  ⚠ Could not find stats for Mark Williams on 2025-12-15[0m
[93m  Error fetching stats from NBA API for LeBron James: HTTPSConnectionPool(host='stats.nba.com', port=443): Read timed out. (read timeout=30)[0m
[93m  ⚠ Could not find stats for LeBron James on 2025-12-15[0m
[93m  Error fetching stats from NBA API for Devin Booker: HTTPSConnectionPool(host='stats.nba.com', port=443): Read timed out. (read timeout=30)[0m
[93m  ⚠ Could not find stats for Devin Booker on 2025-12-15[0m
[93m  ⚠ Could not find stats for Jerami Grant on 2025-12-15[0m
[93m  ⚠ Could not find stats for Stephen Curry on 2025-12-15[0m
[93m  ⚠ Could not find stats for Dillon Brooks on 2025-12-15[0m
[93m  ⚠ Could not find stats for Dillon Brooks on 2025-12-15[0m
[93m  ⚠ Could not find stats for Mark Williams on 2025-12-15[0m
[93m  ⚠ Could not find stats for Donovan Clingan on 2025-12-15[0m
[93m  ⚠ Could not find stats for Deandre Ayton on 2025-12-15[0m
[93m  ⚠ Could not find stats for Deandre Ayton on 2025-12-15[0m
[93m  ⚠ Could not find stats for Devin Booker on 2025-12-15[0m
[93m  ⚠ Could not find stats for Grayson Allen on 2025-12-15[0m
[93m  ⚠ Could not find stats for Grayson Allen on 2025-12-15[0m
[93m    Could not find player Jimmy Butler in NBA API[0m
[93m  ⚠ Could not find stats for Jimmy Butler on 2025-12-15[0m
[93m  ⚠ Could not find stats for Stephen Curry on 2025-12-15[0m
[93m  ⚠ Could not find stats for Shaedon Sharpe on 2025-12-15[0m

[93mNo picks ready for grading yet[0m

[96mFetching REAL NBA player points statistics...[0m
[92m✓ Using cached player stats (less than 6 hours old)[0m

[96mFetching opponent defense factors...[0m
[92m✓ Using cached defense factors[0m

[96mFetching player points prop odds...[0m
[96m  Found 6 upcoming games[0m
[96m  Game 1/6: Detroit Pistons @ Boston Celtics[0m
[96m  Game 2/6: Toronto Raptors @ Miami Heat[0m
[96m  Game 3/6: Dallas Mavericks @ Utah Jazz[0m
[96m  Game 4/6: Houston Rockets @ Denver Nuggets[0m
[96m  Game 5/6: Memphis Grizzlies @ Los Angeles Clippers[0m
[96m  Game 6/6: San Antonio Spurs @ New York Knicks[0m
[92m✓ Fetched 172 total player props[0m

[96mAnalyzing 172 player props with REAL stats...[0m
[92m✓ Found 5 top OVER plays (A.I. Score >= 9.5)[0m
[92m✓ Found 3 top UNDER plays (A.I. Score >= 9.5)[0m
[93m  Skipped 6 props (no player stats found)[0m
[93m  Skipped 290 props (score below 9.5)[0m

[96m==========================================================================================[0m
[96m📊 TRACKING NEW PICKS[0m
[96m==========================================================================================[0m
[92m✓ Tracked 2 new picks[0m
[93m✓ Updated odds for 3 existing picks[0m

[1m[92m================================================================================[0m
[1m[92mTOP OVER PLAYS[0m
[1m[92m================================================================================[0m
  [96m 1. Anfernee Simons          [0m | [92mOVER 11.5 PTS  [0m | Boston Celtics vs Detroit Pistons | [1mA.I.: 10.00[0m | Rating: 4.9 ⭐⭐
  [96m 2. Norman Powell            [0m | [92mOVER 22.5 PTS  [0m | Miami Heat vs Toronto Raptors | [1mA.I.: 10.00[0m | Rating: 4.9 ⭐⭐
  [96m 3. Tyler Herro              [0m | [92mOVER 21.5 PTS  [0m | Miami Heat vs Toronto Raptors | [1mA.I.: 10.00[0m | Rating: 4.9 ⭐⭐
  [96m 4. Kel'el Ware              [0m | [92mOVER 7.5 PTS   [0m | Miami Heat vs Toronto Raptors | [1mA.I.: 10.00[0m | Rating: 4.9 ⭐⭐
  [96m 5. Reed Sheppard            [0m | [92mOVER 9.5 PTS   [0m | Houston Rockets vs Denver Nuggets | [1mA.I.: 10.00[0m | Rating: 4.9 ⭐⭐

[1m[91m================================================================================[0m
[1m[91mTOP UNDER PLAYS[0m
[1m[91m================================================================================[0m
  [96m 1. Brandon Ingram           [0m | [91mUNDER 23.5 PTS [0m | Miami Heat vs Toronto Raptors | [1mA.I.: 10.00[0m | Rating: 4.9 ⭐⭐
  [96m 2. Kyle Filipowski          [0m | [91mUNDER 12.5 PTS [0m | Utah Jazz vs Dallas Mavericks | [1mA.I.: 10.00[0m | Rating: 4.9 ⭐⭐
  [96m 3. Anthony Davis            [0m | [91mUNDER 24.5 PTS [0m | Dallas Mavericks vs Utah Jazz | [1mA.I.: 9.52[0m | Rating: 4.9 ⭐⭐

[96mGenerating HTML report...[0m

[92m✓ HTML report saved: /Users/rico/sports-models/nba/nba_points_props.html[0m

[1m[92m================================================================================[0m
[1m[92m✓ Model execution complete![0m
[1m[92m================================================================================[0m

✅ Completed: nba_points_props at Mon Dec 15 18:01:47 EST 2025

📤 Auto-pushing model outputs to GitHub...
[main 4f3e3e4] Update model outputs - 2025-12-15 18:01:47
 Committer: Ricardo Hill <rico@Ricos-M1-Mac-2.local>
Your name and email address were configured automatically based
on your username and hostname. Please check that they are accurate.
You can suppress this message by setting them explicitly. Run the
following command and follow the instructions in your editor to edit
your configuration file:

    git config --global --edit

After doing this, you may fix the identity used for this commit with:

    git commit --amend --reset-author

 2 files changed, 90 insertions(+), 102 deletions(-)
To https://github.com/BangLetsGetIt/NBA-NCAA-Betting-Models.git
   e27a6bf..4f3e3e4  main -> main
✅ Successfully pushed to GitHub!
✅ Auto-push succeeded at Mon Dec 15 18:01:48 EST 2025
