============================================================
Scheduler run: nba_assists_props
Time: Sat Dec 20 18:05:05 EST 2025
Working dir: /Users/rico/sports-models/nba
Script: nba_assists_props_model.py
============================================================

[1m[96m================================================================================[0m
[1m[96mNBA ASSISTS PROPS A.I. MODEL[0m
[1m[96m================================================================================[0m

[96m==========================================================================================[0m
[96m🎯 GRADING PENDING PICKS[0m
[96m==========================================================================================[0m

[93m📋 Found 5 pending picks...[0m

  Fetching team stats to verify completed games for 2025-12-16...
[93m  ⚠ Could not find stats for De'Aaron Fox on 2025-12-16[0m
  Fetching team stats to verify completed games for 2025-12-20...

[93mNo picks ready for grading yet[0m

[96mFetching REAL NBA player assists statistics...[0m
[92m✓ Using cached player assists stats (less than 6 hours old)[0m

[96mFetching opponent assists factors...[0m
[92m✓ Using cached assists factors[0m

[96mFetching player assists prop odds...[0m
[96m  Found 12 upcoming games[0m
[96m  Filtered to 11 upcoming games[0m
[96m  Game 1/10: Boston Celtics @ Toronto Raptors[0m
[96m  Game 2/10: Dallas Mavericks @ Philadelphia 76ers[0m
[96m  Game 3/10: Indiana Pacers @ New Orleans Pelicans[0m
[96m  Game 4/10: Charlotte Hornets @ Detroit Pistons[0m
[96m  Game 5/10: Washington Wizards @ Memphis Grizzlies[0m
[96m  Game 6/10: Phoenix Suns @ Golden State Warriors[0m
[96m  Game 7/10: Orlando Magic @ Utah Jazz[0m
[96m  Game 8/10: Portland Trail Blazers @ Sacramento Kings[0m
[96m  Game 9/10: Los Angeles Lakers @ Los Angeles Clippers[0m
[96m  Game 10/10: Chicago Bulls @ Atlanta Hawks[0m
[92m✓ Fetched 63 player assists props (grouped)[0m

[96mAnalyzing 63 player props with REAL stats...[0m
[92m✓ Found 0 top OVER plays (A.I. Score >= 10.0)[0m
[92m✓ Found 1 top UNDER plays (A.I. Score >= 10.0)[0m
[93m  Skipped 2 props (no player stats found)[0m
[93m  Skipped 121 props (score below 10.0 or failed checks)[0m

[96m==========================================================================================[0m
[96m📊 TRACKING NEW PICKS[0m
[96m==========================================================================================[0m
[93m✓ Updated odds for 1 existing picks[0m

[1m[92m================================================================================[0m
[1m[92mTOP OVER PLAYS[0m
[1m[92m================================================================================[0m

[1m[91m================================================================================[0m
[1m[91mTOP UNDER PLAYS[0m
[1m[91m================================================================================[0m
  [96m 1. Paolo Banchero           [0m | [91mUNDER 5.5 AST  [0m | Orlando Magic             vs Utah Jazz                 | [1mA.I.: 10.00[0m | Rating: 4.9 ⭐⭐

[96mGenerating HTML report...[0m

[92m✓ HTML report saved: /Users/rico/sports-models/nba/nba_assists_props.html[0m

[1m[92m================================================================================[0m
[1m[92m✓ Model execution complete![0m
[1m[92m================================================================================[0m

✅ Completed: nba_assists_props at Sat Dec 20 18:05:09 EST 2025

📤 Auto-pushing model outputs to GitHub...
[main a57e96b] Update model outputs - 2025-12-20 18:05:09
 Committer: Ricardo Hill <rico@Ricos-M1-Mac-2.local>
Your name and email address were configured automatically based
on your username and hostname. Please check that they are accurate.
You can suppress this message by setting them explicitly. Run the
following command and follow the instructions in your editor to edit
your configuration file:

    git config --global --edit

After doing this, you may fix the identity used for this commit with:

    git commit --amend --reset-author

 2 files changed, 5 insertions(+), 4 deletions(-)
To https://github.com/BangLetsGetIt/NBA-NCAA-Betting-Models.git
   4fe14fa..a57e96b  main -> main
✅ Successfully pushed to GitHub!
✅ Auto-push succeeded at Sat Dec 20 18:05:10 EST 2025
