==========================================
NBA Assists Props Model Run: Wed Dec 17 07:00:03 EST 2025
==========================================
Running NBA Assists Props model...

[1m[96m================================================================================[0m
[1m[96mNBA ASSISTS PROPS A.I. MODEL[0m
[1m[96m================================================================================[0m

[96m==========================================================================================[0m
[96m🎯 GRADING PENDING PICKS[0m
[96m==========================================================================================[0m

[93m📋 Found 6 pending picks...[0m

[93m  ⚠ Could not find stats for Ja Morant on 2025-12-16[0m
[93m  ⚠ Could not find stats for De'Aaron Fox on 2025-12-17[0m
[93m  ⚠ Could not find stats for Tyler Herro on 2025-12-16[0m
[93m  ⚠ Could not find stats for James Harden on 2025-12-16[0m
[93m  ⚠ Could not find stats for Alperen Sengun on 2025-12-16[0m
[93m  ⚠ Could not find stats for Kris Dunn on 2025-12-16[0m

[93mNo picks ready for grading yet[0m

[96mFetching REAL NBA player assists statistics...[0m
[96m  Fetching season assists stats...[0m
[96m  Fetching recent form (last 10 games)...[0m
[92m✓ Fetched REAL assists stats for 499 players[0m

[96mFetching opponent assists factors...[0m
[92m✓ Fetched assists factors for 30 teams[0m

[96mFetching player assists prop odds...[0m
[96m  Found 12 upcoming games[0m
[96m  Game 1/10: Cleveland Cavaliers @ Chicago Bulls[0m
[96m  Game 2/10: Memphis Grizzlies @ Minnesota Timberwolves[0m
[96m  Game 3/10: Atlanta Hawks @ Charlotte Hornets[0m
[96m  Game 4/10: Miami Heat @ Brooklyn Nets[0m
[96m  Game 5/10: Houston Rockets @ New Orleans Pelicans[0m
[96m  Game 6/10: Los Angeles Clippers @ Oklahoma City Thunder[0m
[96m  Game 7/10: Toronto Raptors @ Milwaukee Bucks[0m
[96m  Game 8/10: Detroit Pistons @ Dallas Mavericks[0m
[96m  Game 9/10: Orlando Magic @ Denver Nuggets[0m
[96m  Game 10/10: Golden State Warriors @ Phoenix Suns[0m
[92m✓ Fetched 42 player assists props (grouped)[0m

[96mAnalyzing 42 player props with REAL stats...[0m
[92m✓ Found 0 top OVER plays (A.I. Score >= 9.5)[0m
[92m✓ Found 0 top UNDER plays (A.I. Score >= 9.5)[0m
[93m  Skipped 2 props (no player stats found)[0m
[93m  Skipped 80 props (score below 9.5 or failed checks)[0m

[96m==========================================================================================[0m
[96m📊 TRACKING NEW PICKS[0m
[96m==========================================================================================[0m
[96mNo new picks to track[0m

[1m[92m================================================================================[0m
[1m[92mTOP OVER PLAYS[0m
[1m[92m================================================================================[0m

[1m[91m================================================================================[0m
[1m[91mTOP UNDER PLAYS[0m
[1m[91m================================================================================[0m

[96mGenerating HTML report...[0m

[92m✓ HTML report saved: /Users/rico/sports-models/nba/nba_assists_props.html[0m

[1m[92m================================================================================[0m
[1m[92m✓ Model execution complete![0m
[1m[92m================================================================================[0m


==========================================
✅ Model completed successfully!
==========================================

📤 Pushing updates to GitHub...
