============================================================
Scheduler run: nba_3pt_props
Time: Wed Dec 17 18:00:04 EST 2025
Working dir: /Users/rico/sports-models/nba
Script: nba_3pt_props_model.py
============================================================

[1m[96m================================================================================[0m
[1m[96mNBA 3PT PROPS A.I. MODEL[0m
[1m[96m================================================================================[0m

[96m==========================================================================================[0m
[96m🎯 GRADING PENDING PICKS[0m
[96m==========================================================================================[0m

[93m📋 Found 9 pending picks...[0m

[93m  ⚠ Could not find stats for Max Christie on 2025-12-16[0m
[93m  ⚠ Could not find stats for Cam Spencer on 2025-12-16[0m
[93m  ⚠ Could not find stats for Jamal Murray on 2025-12-16[0m
[93m  ⚠ Could not find stats for De'Aaron Fox on 2025-12-17[0m
[93m  ⚠ Could not find stats for Jamal Murray on 2025-12-16[0m
[93m  ⚠ Could not find stats for Kris Dunn on 2025-12-16[0m

[93mNo picks ready for grading yet[0m

[96mFetching REAL NBA player 3-pointers statistics...[0m
[92m✓ Using cached player 3-pointers stats (less than 6 hours old)[0m

[96mFetching opponent 3-pointers factors...[0m
[92m✓ Using cached 3-pointers factors[0m

[96mFetching player 3-pointers prop odds...[0m
[96m  Found 14 upcoming games[0m
[96m  Game 1/10: Cleveland Cavaliers @ Chicago Bulls[0m
[96m  Game 2/10: Memphis Grizzlies @ Minnesota Timberwolves[0m
[96m  Game 3/10: Atlanta Hawks @ Charlotte Hornets[0m
[96m  Game 4/10: New York Knicks @ Indiana Pacers[0m
[96m  Game 5/10: Miami Heat @ Brooklyn Nets[0m
[96m  Game 6/10: Houston Rockets @ New Orleans Pelicans[0m
[96m  Game 7/10: Los Angeles Clippers @ Oklahoma City Thunder[0m
[96m  Game 8/10: Toronto Raptors @ Milwaukee Bucks[0m
[96m  Game 9/10: Washington Wizards @ San Antonio Spurs[0m
[96m  Game 10/10: Detroit Pistons @ Dallas Mavericks[0m
[92m✓ Fetched 38 player 3-pointers props (grouped)[0m

[96mAnalyzing 38 player props with REAL stats...[0m
[92m✓ Found 1 top OVER plays (A.I. Score >= 7.5)[0m
[92m✓ Found 0 top UNDER plays (A.I. Score >= 7.5)[0m
[93m  Skipped 1 props (no player stats found)[0m
[93m  Skipped 73 props (score below 7.5 or failed checks)[0m

[96m==========================================================================================[0m
[96m📊 TRACKING NEW PICKS[0m
[96m==========================================================================================[0m
[93m✓ Updated odds for 1 existing picks[0m

[1m[92m================================================================================[0m
[1m[92mTOP OVER PLAYS[0m
[1m[92m================================================================================[0m
  [96m 1. Donovan Mitchell         [0m | [92mOVER 3.5 3PT   [0m | Cleveland Cavaliers       vs Chicago Bulls             | [1mA.I.: 8.60[0m | Rating: 3.4 ⭐

[1m[91m================================================================================[0m
[1m[91mTOP UNDER PLAYS[0m
[1m[91m================================================================================[0m

[96mGenerating HTML report...[0m

[92m✓ HTML report saved: /Users/rico/sports-models/nba/nba_3pt_props.html[0m

[1m[92m================================================================================[0m
[1m[92m✓ Model execution complete![0m
[1m[92m================================================================================[0m

✅ Completed: nba_3pt_props at Wed Dec 17 18:00:12 EST 2025

📤 Auto-pushing model outputs to GitHub...
[main 9323c91] Update model outputs - 2025-12-17 18:00:12
 Committer: Ricardo Hill <rico@Ricos-M1-Mac-2.local>
Your name and email address were configured automatically based
on your username and hostname. Please check that they are accurate.
You can suppress this message by setting them explicitly. Run the
following command and follow the instructions in your editor to edit
your configuration file:

    git config --global --edit

After doing this, you may fix the identity used for this commit with:

    git commit --amend --reset-author

 17 files changed, 3408 insertions(+), 756 deletions(-)
 create mode 100644 nfl/nfl_receiving_yards_props_tracking.json
To https://github.com/BangLetsGetIt/NBA-NCAA-Betting-Models.git
   c003402..9323c91  main -> main
✅ Successfully pushed to GitHub!
✅ Auto-push succeeded at Wed Dec 17 18:00:15 EST 2025
