============================================================
Scheduler run: nba_points_props
Time: Mon Dec 15 15:00:05 EST 2025
Working dir: /Users/rico/sports-models/nba
Script: nba_points_props_model.py
============================================================

[1m[96m================================================================================[0m
[1m[96mNBA POINTS PROPS A.I. MODEL[0m
[1m[96m================================================================================[0m

[96m==========================================================================================[0m
[96m🎯 GRADING PENDING PICKS[0m
[96m==========================================================================================[0m

[93m📋 Found 75 pending picks...[0m

[93m  ⚠ Could not find stats for Tyrese Maxey on 2025-12-13[0m
[93m  ⚠ Could not find stats for Brandon Williams on 2025-12-13[0m
[93m  ⚠ Could not find stats for Brandon Williams on 2025-12-13[0m
[93m    Could not find player Carlton Carrington in NBA API[0m
[93m  ⚠ Could not find stats for Carlton Carrington on 2025-12-14[0m
[93m  ⚠ Could not find stats for Trey Murphy III on 2025-12-15[0m
[93m  ⚠ Could not find stats for Zion Williamson on 2025-12-15[0m
[93m  ⚠ Could not find stats for Jordan Poole on 2025-12-15[0m
[93m  ⚠ Could not find stats for Jeremiah Fears on 2025-12-15[0m
[93m    Could not find player Carlton Carrington in NBA API[0m
[93m  ⚠ Could not find stats for Carlton Carrington on 2025-12-14[0m
[93m  ⚠ Could not find stats for Jordan Poole on 2025-12-15[0m
[93m  ⚠ Could not find stats for Isaac Okoro on 2025-12-15[0m
[93m  ⚠ Could not find stats for Keegan Murray on 2025-12-15[0m
[93m  ⚠ Could not find stats for Josh Giddey on 2025-12-15[0m
[93m  ⚠ Could not find stats for Zion Williamson on 2025-12-15[0m
[93m  ⚠ Could not find stats for Jordan Poole on 2025-12-15[0m
[93m  ⚠ Could not find stats for Kevin Porter Jr. on 2025-12-14[0m
[93m  ⚠ Could not find stats for Keegan Murray on 2025-12-15[0m
[93m  ⚠ Could not find stats for Malik Monk on 2025-12-15[0m
[93m  Error fetching stats from NBA API for Trey Murphy III: HTTPSConnectionPool(host='stats.nba.com', port=443): Read timed out. (read timeout=30)[0m
[93m  ⚠ Could not find stats for Trey Murphy III on 2025-12-15[0m
[93m  ⚠ Could not find stats for Trey Murphy III on 2025-12-15[0m
[93m  ⚠ Could not find stats for Josh Giddey on 2025-12-15[0m
[93m  ⚠ Could not find stats for Coby White on 2025-12-15[0m
[93m  ⚠ Could not find stats for Keegan Murray on 2025-12-15[0m
[93m  ⚠ Could not find stats for Trey Murphy III on 2025-12-15[0m
[93m  ⚠ Could not find stats for Josh Giddey on 2025-12-15[0m
[93m  ⚠ Could not find stats for Zion Williamson on 2025-12-15[0m
[93m  ⚠ Could not find stats for Naz Reid on 2025-12-15[0m
[93m  ⚠ Could not find stats for DeMar DeRozan on 2025-12-15[0m
[93m  ⚠ Could not find stats for Jaden McDaniels on 2025-12-15[0m
[93m  ⚠ Could not find stats for Julius Randle on 2025-12-15[0m
[93m  ⚠ Could not find stats for Donte DiVincenzo on 2025-12-15[0m
[93m    Could not find player Jimmy Butler in NBA API[0m
[93m  ⚠ Could not find stats for Jimmy Butler on 2025-12-15[0m
[93m  ⚠ Could not find stats for Donovan Clingan on 2025-12-15[0m
[93m  ⚠ Could not find stats for Mark Williams on 2025-12-15[0m
[93m  ⚠ Could not find stats for LeBron James on 2025-12-15[0m
[93m  ⚠ Could not find stats for Devin Booker on 2025-12-15[0m
[93m  ⚠ Could not find stats for Stephen Curry on 2025-12-15[0m
[93m  ⚠ Could not find stats for Draymond Green on 2025-12-15[0m
[93m  ⚠ Could not find stats for Donovan Clingan on 2025-12-15[0m
[93m  Error fetching stats from NBA API for Mark Williams: HTTPSConnectionPool(host='stats.nba.com', port=443): Read timed out. (read timeout=30)[0m
[93m  ⚠ Could not find stats for Mark Williams on 2025-12-15[0m
[93m  ⚠ Could not find stats for LeBron James on 2025-12-15[0m
[93m  ⚠ Could not find stats for Devin Booker on 2025-12-15[0m
[93m  ⚠ Could not find stats for Jerami Grant on 2025-12-15[0m
[93m  ⚠ Could not find stats for Stephen Curry on 2025-12-15[0m
[93m  ⚠ Could not find stats for Dillon Brooks on 2025-12-15[0m
[93m  ⚠ Could not find stats for Dillon Brooks on 2025-12-15[0m
[93m  ⚠ Could not find stats for Mark Williams on 2025-12-15[0m
[93m  ⚠ Could not find stats for Donovan Clingan on 2025-12-15[0m
[93m  ⚠ Could not find stats for Deandre Ayton on 2025-12-15[0m
[93m  ⚠ Could not find stats for Deandre Ayton on 2025-12-15[0m
[93m  ⚠ Could not find stats for Devin Booker on 2025-12-15[0m
[93m  ⚠ Could not find stats for Grayson Allen on 2025-12-15[0m
[93m  ⚠ Could not find stats for Grayson Allen on 2025-12-15[0m
[93m    Could not find player Jimmy Butler in NBA API[0m
[93m  ⚠ Could not find stats for Jimmy Butler on 2025-12-15[0m
[93m  ⚠ Could not find stats for Stephen Curry on 2025-12-15[0m
[93m  ⚠ Could not find stats for Shaedon Sharpe on 2025-12-15[0m

[93mNo picks ready for grading yet[0m

[96mFetching REAL NBA player points statistics...[0m
[92m✓ Using cached player stats (less than 6 hours old)[0m

[96mFetching opponent defense factors...[0m
[92m✓ Using cached defense factors[0m

[96mFetching player points prop odds...[0m
[96m  Found 6 upcoming games[0m
[92m✓ Fetched 0 total player props[0m

[96mAnalyzing 0 player props with REAL stats...[0m
[92m✓ Found 0 top OVER plays (A.I. Score >= 9.5)[0m
[92m✓ Found 0 top UNDER plays (A.I. Score >= 9.5)[0m

[96m==========================================================================================[0m
[96m📊 TRACKING NEW PICKS[0m
[96m==========================================================================================[0m
[96mNo new picks to track[0m

[1m[92m================================================================================[0m
[1m[92mTOP OVER PLAYS[0m
[1m[92m================================================================================[0m

[1m[91m================================================================================[0m
[1m[91mTOP UNDER PLAYS[0m
[1m[91m================================================================================[0m

[96mGenerating HTML report...[0m

[92m✓ HTML report saved: /Users/rico/sports-models/nba/nba_points_props.html[0m

[1m[92m================================================================================[0m
[1m[92m✓ Model execution complete![0m
[1m[92m================================================================================[0m

✅ Completed: nba_points_props at Mon Dec 15 15:01:12 EST 2025

📤 Auto-pushing model outputs to GitHub...
No changes to commit
✅ Auto-push succeeded at Mon Dec 15 15:01:12 EST 2025
