==========================================
NBA Rebounds Props Model Run: Sat Dec 13 06:00:04 EST 2025
==========================================
Running NBA Rebounds Props model...

[1m[96m================================================================================[0m
[1m[96mNBA REBOUNDS PROPS A.I. MODEL[0m
[1m[96m================================================================================[0m

[96mChecking 18 pending picks...[0m
[96m  Checking Evan Mobley (Cleveland Cavaliers) from 2025-12-12...[0m
    [91mLOSS[0m: Evan Mobley had 13.0 rebounds (line: 10.5, bet: UNDER)
[96m  Checking Jay Huff (Philadelphia 76ers) from 2025-12-12...[0m
    [92mWIN[0m: Jay Huff had 4.0 rebounds (line: 5.5, bet: UNDER)
[96m  Checking Joel Embiid (Philadelphia 76ers) from 2025-12-12...[0m
    [91mLOSS[0m: Joel Embiid had 9.0 rebounds (line: 7.5, bet: UNDER)
[96m  Checking Jaylen Wells (Memphis Grizzlies) from 2025-12-12...[0m
    [91mLOSS[0m: Jaylen Wells had 5.0 rebounds (line: 4.5, bet: UNDER)
[96m  Checking Jock Landale (Memphis Grizzlies) from 2025-12-12...[0m
    [91mLOSS[0m: Jock Landale had 9.0 rebounds (line: 7.5, bet: UNDER)
[96m  Checking Brandon Miller (Charlotte Hornets) from 2025-12-12...[0m
    [91mLOSS[0m: Brandon Miller had 5.0 rebounds (line: 4.5, bet: UNDER)
[96m  Checking Cedric Coward (Memphis Grizzlies) from 2025-12-12...[0m
    [91mLOSS[0m: Cedric Coward had 12.0 rebounds (line: 7.5, bet: UNDER)
[96m  Checking Marvin Bagley III (Washington Wizards) from 2025-12-12...[0m
    [91mLOSS[0m: Marvin Bagley III had 13.0 rebounds (line: 6.5, bet: UNDER)
[96m  Checking Anthony Davis (Dallas Mavericks) from 2025-12-12...[0m
    [91mLOSS[0m: Anthony Davis had 14.0 rebounds (line: 11.5, bet: UNDER)
[96m  Checking Julius Randle (Minnesota Timberwolves) from 2025-12-12...[0m
    [92mWIN[0m: Julius Randle had 9.0 rebounds (line: 9.5, bet: UNDER)
[96m  Checking P.J. Washington (Dallas Mavericks) from 2025-12-12...[0m
    [91mLOSS[0m: P.J. Washington had 4.0 rebounds (line: 5.5, bet: OVER)
[96m  Checking Anthony Davis (Dallas Mavericks) from 2025-12-12...[0m
    [91mLOSS[0m: Anthony Davis had 14.0 rebounds (line: 12.5, bet: UNDER)
[96m  Checking Cooper Flagg (Dallas Mavericks) from 2025-12-12...[0m
    [92mWIN[0m: Cooper Flagg had 5.0 rebounds (line: 7.5, bet: UNDER)
[96m  Checking Nicolas Claxton (Brooklyn Nets) from 2025-12-12...[0m
[93m    Could not find player Nicolas Claxton in NBA API[0m
[93m    Could not fetch stats, skipping...[0m

[92m✓ Updated 13 picks[0m

[96mFetching REAL NBA player rebounding statistics...[0m
[96m  Fetching season rebounding stats...[0m
[96m  Fetching recent form (last 10 games)...[0m
[92m✓ Fetched REAL stats for 499 players[0m

[96mFetching opponent rebounding factors...[0m
[92m✓ Fetched rebounding factors for 43 teams[0m

[96mFetching player rebounds prop odds...[0m
[96m  Found 10 upcoming games[0m
[96m  Game 1/10: New York Knicks @ Orlando Magic[0m
[96m  Game 2/10: San Antonio Spurs @ Oklahoma City Thunder[0m
[96m  Game 3/10: Washington Wizards @ Indiana Pacers[0m
[96m  Game 4/10: Charlotte Hornets @ Cleveland Cavaliers[0m
[96m  Game 5/10: Philadelphia 76ers @ Atlanta Hawks[0m
[96m  Game 6/10: Milwaukee Bucks @ Brooklyn Nets[0m
[96m  Game 7/10: New Orleans Pelicans @ Chicago Bulls[0m
[96m  Game 8/10: Sacramento Kings @ Minnesota Timberwolves[0m
[96m  Game 9/10: Los Angeles Lakers @ Phoenix Suns[0m
[96m  Game 10/10: Golden State Warriors @ Portland Trail Blazers[0m
[92m✓ Fetched 212 total player props[0m

[96mAnalyzing 212 player props with REAL stats...[0m
[92m✓ Found 5 top OVER plays (A.I. Score >= 9.5)[0m
[92m✓ Found 5 top UNDER plays (A.I. Score >= 9.5)[0m
[93m  Skipped 6 props (no player stats found)[0m
[93m  Skipped 386 props (score below 9.5)[0m

[96mAuto-tracking picks with A.I. Score >= 9.7...[0m
[92m✓ Tracked 6 new picks[0m

[1m[96m================================================================================[0m
[1m[96mTRACKING SUMMARY[0m
[1m[96m================================================================================[0m
Total Picks: 33 | Wins: 7 | Losses: 15 | Pending: 11
Win Rate: 31.8% | ROI: -8.63u (-26.2%)

[1m[92m================================================================================[0m
[1m[92mTOP OVER PLAYS[0m
[1m[92m================================================================================[0m
📊 [96m 1. Stephon Castle           [0m | [92mOVER 4.5 REB   [0m | San Antonio Spurs vs Oklahoma City Thunder | [1mA.I.: 10.00[0m
📊 [96m 2. Isaiah Hartenstein       [0m | [92mOVER 8.5 REB   [0m | Oklahoma City Thunder vs San Antonio Spurs | [1mA.I.: 10.00[0m
📊 [96m 3. Victor Wembanyama        [0m | [92mOVER 9.5 REB   [0m | San Antonio Spurs vs Oklahoma City Thunder | [1mA.I.: 10.00[0m
📊 [96m 4. Julian Champagnie        [0m | [92mOVER 3.5 REB   [0m | Oklahoma City Thunder vs San Antonio Spurs | [1mA.I.: 10.00[0m
📊 [96m 5. Jalen Johnson            [0m | [92mOVER 9.5 REB   [0m | Atlanta Hawks vs Philadelphia 76ers | [1mA.I.: 10.00[0m

[1m[91m================================================================================[0m
[1m[91mTOP UNDER PLAYS[0m
[1m[91m================================================================================[0m
📊 [96m 1. Anthony Black            [0m | [91mUNDER 5.5 REB  [0m | Orlando Magic vs New York Knicks | [1mA.I.: 10.00[0m
📊 [96m 2. Andrew Nembhard          [0m | [91mUNDER 3.5 REB  [0m | Indiana Pacers vs Washington Wizards | [1mA.I.: 10.00[0m
📊 [96m 3. Jay Huff                 [0m | [91mUNDER 5.5 REB  [0m | Indiana Pacers vs Washington Wizards | [1mA.I.: 10.00[0m
📊 [96m 4. Miles Bridges            [0m | [91mUNDER 7.5 REB  [0m | Charlotte Hornets vs Cleveland Cavaliers | [1mA.I.: 10.00[0m
📊 [96m 5. Onyeka Okongwu           [0m | [91mUNDER 8.5 REB  [0m | Atlanta Hawks vs Philadelphia 76ers | [1mA.I.: 10.00[0m

[93m📊 = Auto-tracked (A.I. Score >= 9.7)[0m

[96mGenerating HTML report...[0m

[92m✓ HTML report saved: /Users/rico/sports-models/nba/nba_rebounds_props.html[0m

[1m[92m================================================================================[0m
[1m[92m✓ Model execution complete![0m
[1m[92m================================================================================[0m


==========================================
✅ Model completed successfully!
==========================================

📤 Pushing updates to GitHub...
