============================================================
Scheduler run: nba_assists_props
Time: Mon Dec 15 18:05:04 EST 2025
Working dir: /Users/rico/sports-models/nba
Script: nba_assists_props_model.py
============================================================

[1m[96m================================================================================[0m
[1m[96mNBA ASSISTS PROPS A.I. MODEL[0m
[1m[96m================================================================================[0m

[96m==========================================================================================[0m
[96m🎯 GRADING PENDING PICKS[0m
[96m==========================================================================================[0m

[93m📋 Found 3 pending picks...[0m


[93mNo picks ready for grading yet[0m

[96mFetching REAL NBA player assists statistics...[0m
[92m✓ Using cached player assists stats (less than 6 hours old)[0m

[96mFetching opponent assists factors...[0m
[92m✓ Using cached assists factors[0m

[96mFetching player assists prop odds...[0m
[96m  Found 6 upcoming games[0m
[96m  Game 1/6: Detroit Pistons @ Boston Celtics[0m
[96m  Game 2/6: Toronto Raptors @ Miami Heat[0m
[96m  Game 3/6: Dallas Mavericks @ Utah Jazz[0m
[96m  Game 4/6: Houston Rockets @ Denver Nuggets[0m
[96m  Game 5/6: Memphis Grizzlies @ Los Angeles Clippers[0m
[96m  Game 6/6: San Antonio Spurs @ New York Knicks[0m
[92m✓ Fetched 43 player assists props (grouped)[0m

[96mAnalyzing 43 player props with REAL stats...[0m
[92m✓ Found 2 top OVER plays (A.I. Score >= 9.5)[0m
[92m✓ Found 1 top UNDER plays (A.I. Score >= 9.5)[0m
[93m  Skipped 2 props (no player stats found)[0m
[93m  Skipped 79 props (score below 9.5 or failed checks)[0m

[96m==========================================================================================[0m
[96m📊 TRACKING NEW PICKS[0m
[96m==========================================================================================[0m
[93m✓ Updated odds for 1 existing picks[0m

[1m[92m================================================================================[0m
[1m[92mTOP OVER PLAYS[0m
[1m[92m================================================================================[0m
  [96m 1. De'Aaron Fox             [0m | [92mOVER 4.5 AST   [0m | San Antonio Spurs         vs New York Knicks           | [1mA.I.: 10.00[0m | Rating: 4.2 ⭐⭐
  [96m 2. Ja Morant                [0m | [92mOVER 6.5 AST   [0m | Memphis Grizzlies         vs Los Angeles Clippers      | [1mA.I.: 9.80[0m | Rating: 4.1 ⭐⭐

[1m[91m================================================================================[0m
[1m[91mTOP UNDER PLAYS[0m
[1m[91m================================================================================[0m
  [96m 1. Tyler Herro              [0m | [91mUNDER 3.5 AST  [0m | Miami Heat                vs Toronto Raptors           | [1mA.I.: 10.00[0m | Rating: 4.9 ⭐⭐

[96mGenerating HTML report...[0m

[92m✓ HTML report saved: /Users/rico/sports-models/nba/nba_assists_props.html[0m

[1m[92m================================================================================[0m
[1m[92m✓ Model execution complete![0m
[1m[92m================================================================================[0m

✅ Completed: nba_assists_props at Mon Dec 15 18:05:06 EST 2025

📤 Auto-pushing model outputs to GitHub...
[main 076cf14] Update model outputs - 2025-12-15 18:05:07
 Committer: Ricardo Hill <rico@Ricos-M1-Mac-2.local>
Your name and email address were configured automatically based
on your username and hostname. Please check that they are accurate.
You can suppress this message by setting them explicitly. Run the
following command and follow the instructions in your editor to edit
your configuration file:

    git config --global --edit

After doing this, you may fix the identity used for this commit with:

    git commit --amend --reset-author

 2 files changed, 4 insertions(+), 4 deletions(-)
To https://github.com/BangLetsGetIt/NBA-NCAA-Betting-Models.git
   4f3e3e4..076cf14  main -> main
✅ Successfully pushed to GitHub!
✅ Auto-push succeeded at Mon Dec 15 18:05:08 EST 2025
