==========================================
NBA Rebounds Props Model Run: Fri Dec 12 06:00:02 EST 2025
==========================================
Running NBA Rebounds Props model...

[1m[96m================================================================================[0m
[1m[96mNBA REBOUNDS PROPS A.I. MODEL[0m
[1m[96m================================================================================[0m

[96mChecking 10 pending picks...[0m
[92mâœ“ Updated 2 picks[0m

[96mFetching REAL NBA player rebounding statistics...[0m
[92mâœ“ Using cached player stats (less than 6 hours old)[0m

[96mFetching opponent rebounding factors...[0m
[92mâœ“ Using cached rebounding factors[0m

[96mFetching player rebounds prop odds...[0m
[96m  Found 9 upcoming games[0m
[96m  Game 1/9: Atlanta Hawks @ Detroit Pistons[0m
[96m  Game 2/9: Chicago Bulls @ Charlotte Hornets[0m
[96m  Game 3/9: Cleveland Cavaliers @ Washington Wizards[0m
[96m  Game 4/9: Indiana Pacers @ Philadelphia 76ers[0m
[96m  Game 5/9: Utah Jazz @ Memphis Grizzlies[0m
[96m  Game 6/9: Brooklyn Nets @ Dallas Mavericks[0m
[96m  Game 7/9: Minnesota Timberwolves @ Golden State Warriors[0m
[96m  Game 8/9: New York Knicks @ Orlando Magic[0m
[96m  Game 9/9: San Antonio Spurs @ Oklahoma City Thunder[0m
[92mâœ“ Fetched 228 total player props[0m

[96mAnalyzing 228 player props with REAL stats...[0m
[92mâœ“ Found 3 top OVER plays (A.I. Score >= 9.5)[0m
[92mâœ“ Found 5 top UNDER plays (A.I. Score >= 9.5)[0m
[93m  Skipped 8 props (no player stats found)[0m
[93m  Skipped 414 props (score below 9.5)[0m

[96mAuto-tracking picks with A.I. Score >= 9.7...[0m
[92mâœ“ Tracked 2 new picks[0m

[1m[96m================================================================================[0m
[1m[96mTRACKING SUMMARY[0m
[1m[96m================================================================================[0m
Total Picks: 19 | Wins: 7 | Losses: 2 | Pending: 10
Win Rate: 77.8% | ROI: +4.37u (+23.0%)

[1m[92m================================================================================[0m
[1m[92mTOP OVER PLAYS[0m
[1m[92m================================================================================[0m
ðŸ“Š [96m 1. Julian Champagnie        [0m | [92mOVER 3.5 REB   [0m | Oklahoma City Thunder vs San Antonio Spurs | [1mA.I.: 10.00[0m
ðŸ“Š [96m 2. Stephon Castle           [0m | [92mOVER 4.5 REB   [0m | San Antonio Spurs vs Oklahoma City Thunder | [1mA.I.: 10.00[0m
ðŸ“Š [96m 3. Victor Wembanyama        [0m | [92mOVER 9.5 REB   [0m | San Antonio Spurs vs Oklahoma City Thunder | [1mA.I.: 10.00[0m

[1m[91m================================================================================[0m
[1m[91mTOP UNDER PLAYS[0m
[1m[91m================================================================================[0m
ðŸ“Š [96m 1. Brandon Miller           [0m | [91mUNDER 4.5 REB  [0m | Charlotte Hornets vs Chicago Bulls | [1mA.I.: 10.00[0m
ðŸ“Š [96m 2. Evan Mobley              [0m | [91mUNDER 10.5 REB [0m | Cleveland Cavaliers vs Washington Wizards | [1mA.I.: 10.00[0m
ðŸ“Š [96m 3. Joel Embiid              [0m | [91mUNDER 7.5 REB  [0m | Philadelphia 76ers vs Indiana Pacers | [1mA.I.: 10.00[0m
ðŸ“Š [96m 4. Cedric Coward            [0m | [91mUNDER 7.5 REB  [0m | Memphis Grizzlies vs Utah Jazz | [1mA.I.: 10.00[0m
ðŸ“Š [96m 5. Jaylen Wells             [0m | [91mUNDER 4.5 REB  [0m | Memphis Grizzlies vs Utah Jazz | [1mA.I.: 10.00[0m

[93mðŸ“Š = Auto-tracked (A.I. Score >= 9.7)[0m

[96mGenerating HTML report...[0m

[92mâœ“ HTML report saved: /Users/rico/sports-models/nba/nba_rebounds_props.html[0m

[1m[92m================================================================================[0m
[1m[92mâœ“ Model execution complete![0m
[1m[92m================================================================================[0m


==========================================
âœ… Model completed successfully!
==========================================

ðŸ“¤ Pushing updates to GitHub...
[main 279592b] Update model outputs - 2025-12-12 06:00:10
 Committer: Ricardo Hill <rico@Ricos-M1-Mac-2.local>
Your name and email address were configured automatically based
on your username and hostname. Please check that they are accurate.
You can suppress this message by setting them explicitly. Run the
following command and follow the instructions in your editor to edit
your configuration file:

    git config --global --edit

After doing this, you may fix the identity used for this commit with:

    git commit --amend --reset-author

 2 files changed, 88 insertions(+), 47 deletions(-)
To https://github.com/BangLetsGetIt/NBA-NCAA-Betting-Models.git
   07ce35e..279592b  main -> main
âœ… Successfully pushed to GitHub!
==========================================
NBA Rebounds Props Model Run: Sat Dec 13 06:00:04 EST 2025
==========================================
Running NBA Rebounds Props model...

[1m[96m================================================================================[0m
[1m[96mNBA REBOUNDS PROPS A.I. MODEL[0m
[1m[96m================================================================================[0m

[96mChecking 18 pending picks...[0m
[96m  Checking Evan Mobley (Cleveland Cavaliers) from 2025-12-12...[0m
    [91mLOSS[0m: Evan Mobley had 13.0 rebounds (line: 10.5, bet: UNDER)
[96m  Checking Jay Huff (Philadelphia 76ers) from 2025-12-12...[0m
    [92mWIN[0m: Jay Huff had 4.0 rebounds (line: 5.5, bet: UNDER)
[96m  Checking Joel Embiid (Philadelphia 76ers) from 2025-12-12...[0m
    [91mLOSS[0m: Joel Embiid had 9.0 rebounds (line: 7.5, bet: UNDER)
[96m  Checking Jaylen Wells (Memphis Grizzlies) from 2025-12-12...[0m
    [91mLOSS[0m: Jaylen Wells had 5.0 rebounds (line: 4.5, bet: UNDER)
[96m  Checking Jock Landale (Memphis Grizzlies) from 2025-12-12...[0m
    [91mLOSS[0m: Jock Landale had 9.0 rebounds (line: 7.5, bet: UNDER)
[96m  Checking Brandon Miller (Charlotte Hornets) from 2025-12-12...[0m
    [91mLOSS[0m: Brandon Miller had 5.0 rebounds (line: 4.5, bet: UNDER)
[96m  Checking Cedric Coward (Memphis Grizzlies) from 2025-12-12...[0m
    [91mLOSS[0m: Cedric Coward had 12.0 rebounds (line: 7.5, bet: UNDER)
[96m  Checking Marvin Bagley III (Washington Wizards) from 2025-12-12...[0m
    [91mLOSS[0m: Marvin Bagley III had 13.0 rebounds (line: 6.5, bet: UNDER)
[96m  Checking Anthony Davis (Dallas Mavericks) from 2025-12-12...[0m
    [91mLOSS[0m: Anthony Davis had 14.0 rebounds (line: 11.5, bet: UNDER)
[96m  Checking Julius Randle (Minnesota Timberwolves) from 2025-12-12...[0m
    [92mWIN[0m: Julius Randle had 9.0 rebounds (line: 9.5, bet: UNDER)
[96m  Checking P.J. Washington (Dallas Mavericks) from 2025-12-12...[0m
    [91mLOSS[0m: P.J. Washington had 4.0 rebounds (line: 5.5, bet: OVER)
[96m  Checking Anthony Davis (Dallas Mavericks) from 2025-12-12...[0m
    [91mLOSS[0m: Anthony Davis had 14.0 rebounds (line: 12.5, bet: UNDER)
[96m  Checking Cooper Flagg (Dallas Mavericks) from 2025-12-12...[0m
    [92mWIN[0m: Cooper Flagg had 5.0 rebounds (line: 7.5, bet: UNDER)
[96m  Checking Nicolas Claxton (Brooklyn Nets) from 2025-12-12...[0m
[93m    Could not find player Nicolas Claxton in NBA API[0m
[93m    Could not fetch stats, skipping...[0m

[92mâœ“ Updated 13 picks[0m

[96mFetching REAL NBA player rebounding statistics...[0m
[96m  Fetching season rebounding stats...[0m
[96m  Fetching recent form (last 10 games)...[0m
[92mâœ“ Fetched REAL stats for 499 players[0m

[96mFetching opponent rebounding factors...[0m
[92mâœ“ Fetched rebounding factors for 43 teams[0m

[96mFetching player rebounds prop odds...[0m
[96m  Found 10 upcoming games[0m
[96m  Game 1/10: New York Knicks @ Orlando Magic[0m
[96m  Game 2/10: San Antonio Spurs @ Oklahoma City Thunder[0m
[96m  Game 3/10: Washington Wizards @ Indiana Pacers[0m
[96m  Game 4/10: Charlotte Hornets @ Cleveland Cavaliers[0m
[96m  Game 5/10: Philadelphia 76ers @ Atlanta Hawks[0m
[96m  Game 6/10: Milwaukee Bucks @ Brooklyn Nets[0m
[96m  Game 7/10: New Orleans Pelicans @ Chicago Bulls[0m
[96m  Game 8/10: Sacramento Kings @ Minnesota Timberwolves[0m
[96m  Game 9/10: Los Angeles Lakers @ Phoenix Suns[0m
[96m  Game 10/10: Golden State Warriors @ Portland Trail Blazers[0m
[92mâœ“ Fetched 212 total player props[0m

[96mAnalyzing 212 player props with REAL stats...[0m
[92mâœ“ Found 5 top OVER plays (A.I. Score >= 9.5)[0m
[92mâœ“ Found 5 top UNDER plays (A.I. Score >= 9.5)[0m
[93m  Skipped 6 props (no player stats found)[0m
[93m  Skipped 386 props (score below 9.5)[0m

[96mAuto-tracking picks with A.I. Score >= 9.7...[0m
[92mâœ“ Tracked 6 new picks[0m

[1m[96m================================================================================[0m
[1m[96mTRACKING SUMMARY[0m
[1m[96m================================================================================[0m
Total Picks: 33 | Wins: 7 | Losses: 15 | Pending: 11
Win Rate: 31.8% | ROI: -8.63u (-26.2%)

[1m[92m================================================================================[0m
[1m[92mTOP OVER PLAYS[0m
[1m[92m================================================================================[0m
ðŸ“Š [96m 1. Stephon Castle           [0m | [92mOVER 4.5 REB   [0m | San Antonio Spurs vs Oklahoma City Thunder | [1mA.I.: 10.00[0m
ðŸ“Š [96m 2. Isaiah Hartenstein       [0m | [92mOVER 8.5 REB   [0m | Oklahoma City Thunder vs San Antonio Spurs | [1mA.I.: 10.00[0m
ðŸ“Š [96m 3. Victor Wembanyama        [0m | [92mOVER 9.5 REB   [0m | San Antonio Spurs vs Oklahoma City Thunder | [1mA.I.: 10.00[0m
ðŸ“Š [96m 4. Julian Champagnie        [0m | [92mOVER 3.5 REB   [0m | Oklahoma City Thunder vs San Antonio Spurs | [1mA.I.: 10.00[0m
ðŸ“Š [96m 5. Jalen Johnson            [0m | [92mOVER 9.5 REB   [0m | Atlanta Hawks vs Philadelphia 76ers | [1mA.I.: 10.00[0m

[1m[91m================================================================================[0m
[1m[91mTOP UNDER PLAYS[0m
[1m[91m================================================================================[0m
ðŸ“Š [96m 1. Anthony Black            [0m | [91mUNDER 5.5 REB  [0m | Orlando Magic vs New York Knicks | [1mA.I.: 10.00[0m
ðŸ“Š [96m 2. Andrew Nembhard          [0m | [91mUNDER 3.5 REB  [0m | Indiana Pacers vs Washington Wizards | [1mA.I.: 10.00[0m
ðŸ“Š [96m 3. Jay Huff                 [0m | [91mUNDER 5.5 REB  [0m | Indiana Pacers vs Washington Wizards | [1mA.I.: 10.00[0m
ðŸ“Š [96m 4. Miles Bridges            [0m | [91mUNDER 7.5 REB  [0m | Charlotte Hornets vs Cleveland Cavaliers | [1mA.I.: 10.00[0m
ðŸ“Š [96m 5. Onyeka Okongwu           [0m | [91mUNDER 8.5 REB  [0m | Atlanta Hawks vs Philadelphia 76ers | [1mA.I.: 10.00[0m

[93mðŸ“Š = Auto-tracked (A.I. Score >= 9.7)[0m

[96mGenerating HTML report...[0m

[92mâœ“ HTML report saved: /Users/rico/sports-models/nba/nba_rebounds_props.html[0m

[1m[92m================================================================================[0m
[1m[92mâœ“ Model execution complete![0m
[1m[92m================================================================================[0m


==========================================
âœ… Model completed successfully!
==========================================

ðŸ“¤ Pushing updates to GitHub...
[main 36d1369] Update model outputs - 2025-12-13 06:00:23
 Committer: Ricardo Hill <rico@Ricos-M1-Mac-2.local>
Your name and email address were configured automatically based
on your username and hostname. Please check that they are accurate.
You can suppress this message by setting them explicitly. Run the
following command and follow the instructions in your editor to edit
your configuration file:

    git config --global --edit

After doing this, you may fix the identity used for this commit with:

    git commit --amend --reset-author

 2 files changed, 245 insertions(+), 138 deletions(-)
To https://github.com/BangLetsGetIt/NBA-NCAA-Betting-Models.git
   b9fba05..36d1369  main -> main
âœ… Successfully pushed to GitHub!
==========================================
NBA Rebounds Props Model Run: Sun Dec 14 06:00:05 EST 2025
==========================================
Running NBA Rebounds Props model...

[1m[96m================================================================================[0m
[1m[96mNBA REBOUNDS PROPS A.I. MODEL[0m
[1m[96m================================================================================[0m

[96mChecking 20 pending picks...[0m
[96m  Checking Nicolas Claxton (Brooklyn Nets) from 2025-12-12...[0m
[93m    Could not find player Nicolas Claxton in NBA API[0m
[93m    Could not fetch stats, skipping...[0m
[96m  Checking Isaiah Hartenstein (Oklahoma City Thunder) from 2025-12-13...[0m
    [92mWIN[0m: Isaiah Hartenstein had 9.0 rebounds (line: 8.5, bet: OVER)
[96m  Checking Victor Wembanyama (San Antonio Spurs) from 2025-12-13...[0m
    [92mWIN[0m: Victor Wembanyama had 9.0 rebounds (line: 8.5, bet: OVER)
[96m  Checking Isaiah Hartenstein (Oklahoma City Thunder) from 2025-12-13...[0m
    [92mWIN[0m: Isaiah Hartenstein had 9.0 rebounds (line: 7.5, bet: OVER)

[92mâœ“ Re-verified 3 picks[0m

[96mFetching REAL NBA player rebounding statistics...[0m
[92mâœ“ Using cached player stats (less than 6 hours old)[0m

[96mFetching opponent rebounding factors...[0m
[92mâœ“ Using cached rebounding factors[0m

[96mFetching player rebounds prop odds...[0m
[96m  Found 9 upcoming games[0m
[96m  Game 1/9: Washington Wizards @ Indiana Pacers[0m
[96m  Game 2/9: Charlotte Hornets @ Cleveland Cavaliers[0m
[96m  Game 3/9: Philadelphia 76ers @ Atlanta Hawks[0m
[96m  Game 4/9: Milwaukee Bucks @ Brooklyn Nets[0m
[96m  Game 5/9: New Orleans Pelicans @ Chicago Bulls[0m
[96m  Game 6/9: Sacramento Kings @ Minnesota Timberwolves[0m
[96m  Game 7/9: Los Angeles Lakers @ Phoenix Suns[0m
[96m  Game 8/9: Golden State Warriors @ Portland Trail Blazers[0m
[96m  Game 9/9: San Antonio Spurs @ New York Knicks[0m
[92mâœ“ Fetched 222 total player props[0m

[96mAnalyzing 222 player props with REAL stats...[0m
[92mâœ“ Found 5 top OVER plays (A.I. Score >= 9.5)[0m
[92mâœ“ Found 5 top UNDER plays (A.I. Score >= 9.5)[0m
[93m  Skipped 10 props (no player stats found)[0m
[93m  Skipped 390 props (score below 9.5)[0m

[96mAuto-tracking picks with A.I. Score >= 9.7...[0m
[93m  No new picks to track[0m

[1m[96m================================================================================[0m
[1m[96mTRACKING SUMMARY[0m
[1m[96m================================================================================[0m
Total Picks: 49 | Wins: 15 | Losses: 17 | Pending: 10
Win Rate: 46.9% | ROI: -3.35u (-6.8%)

[1m[92m================================================================================[0m
[1m[92mTOP OVER PLAYS[0m
[1m[92m================================================================================[0m
ðŸ“Š [96m 1. Jarace Walker            [0m | [92mOVER 3.5 REB   [0m | Indiana Pacers vs Washington Wizards | [1mA.I.: 10.00[0m | Rating: 4.9 â­â­
ðŸ“Š [96m 2. Jalen Smith              [0m | [92mOVER 4.5 REB   [0m | Chicago Bulls vs New Orleans Pelicans | [1mA.I.: 10.00[0m | Rating: 4.9 â­â­
ðŸ“Š [96m 3. Mitchell Robinson        [0m | [92mOVER 6.5 REB   [0m | New York Knicks vs San Antonio Spurs | [1mA.I.: 10.00[0m | Rating: 4.9 â­â­
ðŸ“Š [96m 4. Victor Wembanyama        [0m | [92mOVER 10.5 REB  [0m | San Antonio Spurs vs New York Knicks | [1mA.I.: 10.00[0m | Rating: 4.9 â­â­
ðŸ“Š [96m 5. Stephon Castle           [0m | [92mOVER 4.5 REB   [0m | San Antonio Spurs vs New York Knicks | [1mA.I.: 10.00[0m | Rating: 4.0 â­â­

[1m[91m================================================================================[0m
[1m[91mTOP UNDER PLAYS[0m
[1m[91m================================================================================[0m
ðŸ“Š [96m 1. Andrew Nembhard          [0m | [91mUNDER 3.5 REB  [0m | Indiana Pacers vs Washington Wizards | [1mA.I.: 10.00[0m | Rating: 4.9 â­â­
ðŸ“Š [96m 2. Jay Huff                 [0m | [91mUNDER 5.5 REB  [0m | Indiana Pacers vs Washington Wizards | [1mA.I.: 10.00[0m | Rating: 4.9 â­â­
ðŸ“Š [96m 3. Jarrett Allen            [0m | [91mUNDER 9.5 REB  [0m | Cleveland Cavaliers vs Charlotte Hornets | [1mA.I.: 10.00[0m | Rating: 4.9 â­â­
ðŸ“Š [96m 4. Miles Bridges            [0m | [91mUNDER 7.5 REB  [0m | Charlotte Hornets vs Cleveland Cavaliers | [1mA.I.: 10.00[0m | Rating: 4.9 â­â­
ðŸ“Š [96m 5. Joel Embiid              [0m | [91mUNDER 8.5 REB  [0m | Philadelphia 76ers vs Atlanta Hawks | [1mA.I.: 10.00[0m | Rating: 4.9 â­â­

[93mðŸ“Š = Auto-tracked (A.I. Score >= 9.7)[0m

[96mGenerating HTML report...[0m

[92mâœ“ HTML report saved: /Users/rico/sports-models/nba/nba_rebounds_props.html[0m

[1m[92m================================================================================[0m
[1m[92mâœ“ Model execution complete![0m
[1m[92m================================================================================[0m


==========================================
âœ… Model completed successfully!
==========================================

ðŸ“¤ Pushing updates to GitHub...
[main e87d70f] Update model outputs - 2025-12-14 06:00:16
 Committer: Ricardo Hill <rico@Ricos-M1-Mac-2.local>
Your name and email address were configured automatically based
on your username and hostname. Please check that they are accurate.
You can suppress this message by setting them explicitly. Run the
following command and follow the instructions in your editor to edit
your configuration file:

    git config --global --edit

After doing this, you may fix the identity used for this commit with:

    git commit --amend --reset-author

 2 files changed, 20 insertions(+), 17 deletions(-)
To https://github.com/BangLetsGetIt/NBA-NCAA-Betting-Models.git
   43f1e1c..e87d70f  main -> main
âœ… Successfully pushed to GitHub!
==========================================
NBA Rebounds Props Model Run: Wed Dec 17 06:00:03 EST 2025
==========================================
Running NBA Rebounds Props model...

[1m[96m================================================================================[0m
[1m[96mNBA REBOUNDS PROPS A.I. MODEL[0m
[1m[96m================================================================================[0m

[96m==========================================================================================[0m
[96mðŸŽ¯ GRADING PENDING PICKS[0m
[96m==========================================================================================[0m

[93mðŸ“‹ Found 16 pending picks...[0m

[96m  Checking Kel'el Ware (Miami Heat) on 2025-12-16...[0m
[93m  âš  Could not find stats for Kel'el Ware on 2025-12-16 - will retry later[0m
[96m  Checking Mitchell Robinson (New York Knicks) on 2025-12-17...[0m
[93m  âš  Could not find stats for Mitchell Robinson on 2025-12-17 - will retry later[0m
[96m  Checking Steven Adams (Denver Nuggets) on 2025-12-16...[0m
[93m  âš  Could not find stats for Steven Adams on 2025-12-16 - will retry later[0m
[96m  Checking Ace Bailey (Utah Jazz) on 2025-12-16...[0m
[93m  âš  Could not find stats for Ace Bailey on 2025-12-16 - will retry later[0m
[96m  Checking Steven Adams (Denver Nuggets) on 2025-12-16...[0m
[93m  âš  Could not find stats for Steven Adams on 2025-12-16 - will retry later[0m
[96m  Checking Kyle Filipowski (Utah Jazz) on 2025-12-16...[0m
[93m  âš  Could not find stats for Kyle Filipowski on 2025-12-16 - will retry later[0m
[96m  Checking Daniel Gafford (Dallas Mavericks) on 2025-12-16...[0m
[93m  âš  Could not find stats for Daniel Gafford on 2025-12-16 - will retry later[0m
[96m  Checking Steven Adams (Denver Nuggets) on 2025-12-16...[0m
[93m  âš  Could not find stats for Steven Adams on 2025-12-16 - will retry later[0m
[96m  Checking Cedric Coward (Los Angeles Clippers) on 2025-12-16...[0m
[93m  âš  Could not find stats for Cedric Coward on 2025-12-16 - will retry later[0m
[96m  Checking Santi Aldama (Los Angeles Clippers) on 2025-12-16...[0m
[93m  âš  Could not find stats for Santi Aldama on 2025-12-16 - will retry later[0m
[96m  Checking Bruce Brown (Denver Nuggets) on 2025-12-16...[0m
[93m  âš  Could not find stats for Bruce Brown on 2025-12-16 - will retry later[0m
[96m  Checking Ivica Zubac (Los Angeles Clippers) on 2025-12-16...[0m
[93m  âš  Could not find stats for Ivica Zubac on 2025-12-16 - will retry later[0m
[96m  Checking Kawhi Leonard (Los Angeles Clippers) on 2025-12-16...[0m
[93m  âš  Could not find stats for Kawhi Leonard on 2025-12-16 - will retry later[0m
[96m  Checking Julian Champagnie (San Antonio Spurs) on 2025-12-17...[0m
[93m  âš  Could not find stats for Julian Champagnie on 2025-12-17 - will retry later[0m
[96m  Checking Keldon Johnson (San Antonio Spurs) on 2025-12-17...[0m
[93m  âš  Could not find stats for Keldon Johnson on 2025-12-17 - will retry later[0m
[96m  Checking Victor Wembanyama (San Antonio Spurs) on 2025-12-17...[0m
[93m  âš  Could not find stats for Victor Wembanyama on 2025-12-17 - will retry later[0m

[93mNo picks ready for grading yet[0m

[96mFetching REAL NBA player rebounding statistics...[0m
[96m  Fetching season rebounding stats...[0m
[96m  Fetching recent form (last 10 games)...[0m
[92mâœ“ Fetched REAL rebounding stats for 499 players[0m

[96mFetching opponent rebounding factors...[0m
[92mâœ“ Fetched rebounding factors for 30 teams[0m

[96mFetching player rebounds prop odds...[0m
[96m  Found 12 upcoming games[0m
[96m  Game 1/10: Cleveland Cavaliers @ Chicago Bulls[0m
[96m  Game 2/10: Memphis Grizzlies @ Minnesota Timberwolves[0m
[96m  Game 3/10: Atlanta Hawks @ Charlotte Hornets[0m
[96m  Game 4/10: Miami Heat @ Brooklyn Nets[0m
[96m  Game 5/10: Houston Rockets @ New Orleans Pelicans[0m
[96m  Game 6/10: Los Angeles Clippers @ Oklahoma City Thunder[0m
[96m  Game 7/10: Toronto Raptors @ Milwaukee Bucks[0m
[96m  Game 8/10: Detroit Pistons @ Dallas Mavericks[0m
[96m  Game 9/10: Orlando Magic @ Denver Nuggets[0m
[96m  Game 10/10: Golden State Warriors @ Phoenix Suns[0m
[92mâœ“ Fetched 46 player rebounds props (grouped)[0m

[96mAnalyzing 46 player props with REAL stats...[0m
[92mâœ“ Found 0 top OVER plays (A.I. Score >= 9.5)[0m
[92mâœ“ Found 0 top UNDER plays (A.I. Score >= 9.5)[0m
[93m  Skipped 2 props (no player stats found)[0m
[93m  Skipped 88 props (score below 9.5 or failed checks)[0m

[96m==========================================================================================[0m
[96mðŸ“Š TRACKING NEW PICKS[0m
[96m==========================================================================================[0m
[96mNo new picks to track[0m

[1m[92m================================================================================[0m
[1m[92mTOP OVER PLAYS[0m
[1m[92m================================================================================[0m

[1m[91m================================================================================[0m
[1m[91mTOP UNDER PLAYS[0m
[1m[91m================================================================================[0m

[96mGenerating HTML report...[0m

[92mâœ“ HTML report saved: /Users/rico/sports-models/nba/nba_rebounds_props.html[0m

[1m[92m================================================================================[0m
[1m[92mâœ“ Model execution complete![0m
[1m[92m================================================================================[0m


==========================================
âœ… Model completed successfully!
==========================================

ðŸ“¤ Pushing updates to GitHub...
No changes to commit
